{"name":"тест","status":"failed","statusDetails":{"known":false,"muted":false,"flaky":false,"message":"java.lang.ExceptionInInitializerError","trace":"java.lang.ExceptionInInitializerError\r\n\tat java.lang.Class.forName0(Native Method)\r\n\tat java.lang.Class.forName(Class.java:264)\r\n\tat ru.sbtqa.tag.stepdefs.SetupSteps.setUp_aroundBody0(SetupSteps.java:95)\r\n\tat ru.sbtqa.tag.stepdefs.SetupSteps.setUp_aroundBody1$advice(SetupSteps.java:37)\r\n\tat ru.sbtqa.tag.stepdefs.SetupSteps.setUp(SetupSteps.java:1)\r\n\tat ru.sbtqa.tag.stepdefs.ru.StepDefs.setUp_aroundBody0(StepDefs.java:18)\r\n\tat ru.sbtqa.tag.stepdefs.ru.StepDefs.setUp_aroundBody1$advice(StepDefs.java:37)\r\n\tat ru.sbtqa.tag.stepdefs.ru.StepDefs.setUp(StepDefs.java:1)\r\n\tat sun.reflect.NativeMethodAccessorImpl.invoke0(Native Method)\r\n\tat sun.reflect.NativeMethodAccessorImpl.invoke(NativeMethodAccessorImpl.java:62)\r\n\tat sun.reflect.DelegatingMethodAccessorImpl.invoke(DelegatingMethodAccessorImpl.java:43)\r\n\tat java.lang.reflect.Method.invoke(Method.java:498)\r\n\tat cucumber.runtime.Utils$1.call(Utils.java:32)\r\n\tat cucumber.runtime.Timeout.timeout(Timeout.java:16)\r\n\tat cucumber.runtime.Utils.invoke(Utils.java:26)\r\n\tat cucumber.runtime.java.JavaHookDefinition.execute(JavaHookDefinition.java:60)\r\n\tat cucumber.runtime.HookDefinitionMatch.runStep(HookDefinitionMatch.java:17)\r\n\tat cucumber.runner.UnskipableStep.executeStep(UnskipableStep.java:22)\r\n\tat cucumber.api.TestStep.run(TestStep.java:83)\r\n\tat cucumber.api.TestCase.run(TestCase.java:58)\r\n\tat cucumber.runner.Runner.runPickle(Runner.java:80)\r\n\tat cucumber.runtime.junit.PickleRunners$NoStepDescriptions.run_aroundBody4(PickleRunners.java:140)\r\n\tat cucumber.runtime.junit.PickleRunners$NoStepDescriptions.run_aroundBody5$advice(PickleRunners.java:37)\r\n\tat cucumber.runtime.junit.PickleRunners$NoStepDescriptions.run(PickleRunners.java:1)\r\n\tat cucumber.runtime.junit.FeatureRunner.runChild_aroundBody10(FeatureRunner.java:68)\r\n\tat cucumber.runtime.junit.FeatureRunner.runChild_aroundBody11$advice(FeatureRunner.java:37)\r\n\tat cucumber.runtime.junit.FeatureRunner.runChild(FeatureRunner.java:1)\r\n\tat cucumber.runtime.junit.FeatureRunner.runChild(FeatureRunner.java:23)\r\n\tat org.junit.runners.ParentRunner$3.run(ParentRunner.java:290)\r\n\tat org.junit.runners.ParentRunner$1.schedule(ParentRunner.java:71)\r\n\tat org.junit.runners.ParentRunner.runChildren(ParentRunner.java:288)\r\n\tat org.junit.runners.ParentRunner.access$000(ParentRunner.java:58)\r\n\tat org.junit.runners.ParentRunner$2.evaluate(ParentRunner.java:268)\r\n\tat org.junit.runners.ParentRunner.run(ParentRunner.java:363)\r\n\tat cucumber.runtime.junit.FeatureRunner.run_aroundBody12(FeatureRunner.java:73)\r\n\tat cucumber.runtime.junit.FeatureRunner.run_aroundBody13$advice(FeatureRunner.java:37)\r\n\tat cucumber.runtime.junit.FeatureRunner.run(FeatureRunner.java:1)\r\n\tat cucumber.api.junit.Cucumber.runChild_aroundBody8(Cucumber.java:118)\r\n\tat cucumber.api.junit.Cucumber.runChild_aroundBody9$advice(Cucumber.java:37)\r\n\tat cucumber.api.junit.Cucumber.runChild(Cucumber.java:1)\r\n\tat cucumber.api.junit.Cucumber.runChild(Cucumber.java:56)\r\n\tat org.junit.runners.ParentRunner$3.run(ParentRunner.java:290)\r\n\tat org.junit.runners.ParentRunner$1.schedule(ParentRunner.java:71)\r\n\tat org.junit.runners.ParentRunner.runChildren(ParentRunner.java:288)\r\n\tat org.junit.runners.ParentRunner.access$000(ParentRunner.java:58)\r\n\tat org.junit.runners.ParentRunner$2.evaluate(ParentRunner.java:268)\r\n\tat cucumber.api.junit.Cucumber$1.evaluate_aroundBody0(Cucumber.java:127)\r\n\tat cucumber.api.junit.Cucumber$1.evaluate_aroundBody1$advice(Cucumber.java:37)\r\n\tat cucumber.api.junit.Cucumber$1.evaluate(Cucumber.java:1)\r\n\tat org.junit.internal.runners.statements.RunAfters.evaluate(RunAfters.java:27)\r\n\tat org.junit.runners.ParentRunner.run(ParentRunner.java:363)\r\n\tat org.junit.runner.JUnitCore.run(JUnitCore.java:137)\r\n\tat com.intellij.junit4.JUnit4IdeaTestRunner.startRunnerWithArgs(JUnit4IdeaTestRunner.java:68)\r\n\tat com.intellij.rt.execution.junit.IdeaTestRunner$Repeater.startRunnerWithArgs(IdeaTestRunner.java:47)\r\n\tat com.intellij.rt.execution.junit.JUnitStarter.prepareStreamsAndStart(JUnitStarter.java:242)\r\n\tat com.intellij.rt.execution.junit.JUnitStarter.main(JUnitStarter.java:70)\r\nCaused by: java.lang.IllegalStateException: The driver executable does not exist: C:\\Users\\Николай\\Desktop\\github\\webdrivers\\chromedriver.exe\r\n\tat com.google.common.base.Preconditions.checkState(Preconditions.java:481)\r\n\tat org.openqa.selenium.remote.service.DriverService.checkExecutable(DriverService.java:121)\r\n\tat org.openqa.selenium.remote.service.DriverService.findExecutable(DriverService.java:116)\r\n\tat org.openqa.selenium.chrome.ChromeDriverService.access$000(ChromeDriverService.java:32)\r\n\tat org.openqa.selenium.chrome.ChromeDriverService$Builder.findDefaultExecutable(ChromeDriverService.java:137)\r\n\tat org.openqa.selenium.remote.service.DriverService$Builder.build(DriverService.java:296)\r\n\tat org.openqa.selenium.chrome.ChromeDriverService.createDefaultService(ChromeDriverService.java:88)\r\n\tat org.openqa.selenium.chrome.ChromeDriver.<init>(ChromeDriver.java:138)\r\n\tat ru.sbtqa.tag.pagefactory.drivers.TagWebDriver.createDriver_aroundBody2(TagWebDriver.java:145)\r\n\tat ru.sbtqa.tag.pagefactory.drivers.TagWebDriver.createDriver_aroundBody3$advice(TagWebDriver.java:37)\r\n\tat ru.sbtqa.tag.pagefactory.drivers.TagWebDriver.createDriver(TagWebDriver.java:1)\r\n\tat ru.sbtqa.tag.pagefactory.drivers.TagWebDriver.getDriver_aroundBody0(TagWebDriver.java:109)\r\n\tat ru.sbtqa.tag.pagefactory.drivers.TagWebDriver.getDriver_aroundBody1$advice(TagWebDriver.java:37)\r\n\tat ru.sbtqa.tag.pagefactory.drivers.TagWebDriver.getDriver(TagWebDriver.java:1)\r\n\tat ru.sbtqa.tag.pagefactory.PageFactory.getDriver_aroundBody4(PageFactory.java:51)\r\n\tat ru.sbtqa.tag.pagefactory.PageFactory.getDriver_aroundBody5$advice(PageFactory.java:37)\r\n\tat ru.sbtqa.tag.pagefactory.PageFactory.getDriver(PageFactory.java:1)\r\n\tat ru.gamble.pages.AbstractPage.<clinit>(AbstractPage.java:21)\r\n\t... 56 more\r\n"},"stage":"finished","steps":[{"name":"before","status":"failed","statusDetails":{"known":false,"muted":false,"flaky":false,"message":"Before is failed: null","trace":"java.lang.ExceptionInInitializerError\r\n\tat java.lang.Class.forName0(Native Method)\r\n\tat java.lang.Class.forName(Class.java:264)\r\n\tat ru.sbtqa.tag.stepdefs.SetupSteps.setUp_aroundBody0(SetupSteps.java:95)\r\n\tat ru.sbtqa.tag.stepdefs.SetupSteps.setUp_aroundBody1$advice(SetupSteps.java:37)\r\n\tat ru.sbtqa.tag.stepdefs.SetupSteps.setUp(SetupSteps.java:1)\r\n\tat ru.sbtqa.tag.stepdefs.ru.StepDefs.setUp_aroundBody0(StepDefs.java:18)\r\n\tat ru.sbtqa.tag.stepdefs.ru.StepDefs.setUp_aroundBody1$advice(StepDefs.java:37)\r\n\tat ru.sbtqa.tag.stepdefs.ru.StepDefs.setUp(StepDefs.java:1)\r\n\tat sun.reflect.NativeMethodAccessorImpl.invoke0(Native Method)\r\n\tat sun.reflect.NativeMethodAccessorImpl.invoke(NativeMethodAccessorImpl.java:62)\r\n\tat sun.reflect.DelegatingMethodAccessorImpl.invoke(DelegatingMethodAccessorImpl.java:43)\r\n\tat java.lang.reflect.Method.invoke(Method.java:498)\r\n\tat cucumber.runtime.Utils$1.call(Utils.java:32)\r\n\tat cucumber.runtime.Timeout.timeout(Timeout.java:16)\r\n\tat cucumber.runtime.Utils.invoke(Utils.java:26)\r\n\tat cucumber.runtime.java.JavaHookDefinition.execute(JavaHookDefinition.java:60)\r\n\tat cucumber.runtime.HookDefinitionMatch.runStep(HookDefinitionMatch.java:17)\r\n\tat cucumber.runner.UnskipableStep.executeStep(UnskipableStep.java:22)\r\n\tat cucumber.api.TestStep.run(TestStep.java:83)\r\n\tat cucumber.api.TestCase.run(TestCase.java:58)\r\n\tat cucumber.runner.Runner.runPickle(Runner.java:80)\r\n\tat cucumber.runtime.junit.PickleRunners$NoStepDescriptions.run_aroundBody4(PickleRunners.java:140)\r\n\tat cucumber.runtime.junit.PickleRunners$NoStepDescriptions.run_aroundBody5$advice(PickleRunners.java:37)\r\n\tat cucumber.runtime.junit.PickleRunners$NoStepDescriptions.run(PickleRunners.java:1)\r\n\tat cucumber.runtime.junit.FeatureRunner.runChild_aroundBody10(FeatureRunner.java:68)\r\n\tat cucumber.runtime.junit.FeatureRunner.runChild_aroundBody11$advice(FeatureRunner.java:37)\r\n\tat cucumber.runtime.junit.FeatureRunner.runChild(FeatureRunner.java:1)\r\n\tat cucumber.runtime.junit.FeatureRunner.runChild(FeatureRunner.java:23)\r\n\tat org.junit.runners.ParentRunner$3.run(ParentRunner.java:290)\r\n\tat org.junit.runners.ParentRunner$1.schedule(ParentRunner.java:71)\r\n\tat org.junit.runners.ParentRunner.runChildren(ParentRunner.java:288)\r\n\tat org.junit.runners.ParentRunner.access$000(ParentRunner.java:58)\r\n\tat org.junit.runners.ParentRunner$2.evaluate(ParentRunner.java:268)\r\n\tat org.junit.runners.ParentRunner.run(ParentRunner.java:363)\r\n\tat cucumber.runtime.junit.FeatureRunner.run_aroundBody12(FeatureRunner.java:73)\r\n\tat cucumber.runtime.junit.FeatureRunner.run_aroundBody13$advice(FeatureRunner.java:37)\r\n\tat cucumber.runtime.junit.FeatureRunner.run(FeatureRunner.java:1)\r\n\tat cucumber.api.junit.Cucumber.runChild_aroundBody8(Cucumber.java:118)\r\n\tat cucumber.api.junit.Cucumber.runChild_aroundBody9$advice(Cucumber.java:37)\r\n\tat cucumber.api.junit.Cucumber.runChild(Cucumber.java:1)\r\n\tat cucumber.api.junit.Cucumber.runChild(Cucumber.java:56)\r\n\tat org.junit.runners.ParentRunner$3.run(ParentRunner.java:290)\r\n\tat org.junit.runners.ParentRunner$1.schedule(ParentRunner.java:71)\r\n\tat org.junit.runners.ParentRunner.runChildren(ParentRunner.java:288)\r\n\tat org.junit.runners.ParentRunner.access$000(ParentRunner.java:58)\r\n\tat org.junit.runners.ParentRunner$2.evaluate(ParentRunner.java:268)\r\n\tat cucumber.api.junit.Cucumber$1.evaluate_aroundBody0(Cucumber.java:127)\r\n\tat cucumber.api.junit.Cucumber$1.evaluate_aroundBody1$advice(Cucumber.java:37)\r\n\tat cucumber.api.junit.Cucumber$1.evaluate(Cucumber.java:1)\r\n\tat org.junit.internal.runners.statements.RunAfters.evaluate(RunAfters.java:27)\r\n\tat org.junit.runners.ParentRunner.run(ParentRunner.java:363)\r\n\tat org.junit.runner.JUnitCore.run(JUnitCore.java:137)\r\n\tat com.intellij.junit4.JUnit4IdeaTestRunner.startRunnerWithArgs(JUnit4IdeaTestRunner.java:68)\r\n\tat com.intellij.rt.execution.junit.IdeaTestRunner$Repeater.startRunnerWithArgs(IdeaTestRunner.java:47)\r\n\tat com.intellij.rt.execution.junit.JUnitStarter.prepareStreamsAndStart(JUnitStarter.java:242)\r\n\tat com.intellij.rt.execution.junit.JUnitStarter.main(JUnitStarter.java:70)\r\nCaused by: java.lang.IllegalStateException: The driver executable does not exist: C:\\Users\\Николай\\Desktop\\github\\webdrivers\\chromedriver.exe\r\n\tat com.google.common.base.Preconditions.checkState(Preconditions.java:481)\r\n\tat org.openqa.selenium.remote.service.DriverService.checkExecutable(DriverService.java:121)\r\n\tat org.openqa.selenium.remote.service.DriverService.findExecutable(DriverService.java:116)\r\n\tat org.openqa.selenium.chrome.ChromeDriverService.access$000(ChromeDriverService.java:32)\r\n\tat org.openqa.selenium.chrome.ChromeDriverService$Builder.findDefaultExecutable(ChromeDriverService.java:137)\r\n\tat org.openqa.selenium.remote.service.DriverService$Builder.build(DriverService.java:296)\r\n\tat org.openqa.selenium.chrome.ChromeDriverService.createDefaultService(ChromeDriverService.java:88)\r\n\tat org.openqa.selenium.chrome.ChromeDriver.<init>(ChromeDriver.java:138)\r\n\tat ru.sbtqa.tag.pagefactory.drivers.TagWebDriver.createDriver_aroundBody2(TagWebDriver.java:145)\r\n\tat ru.sbtqa.tag.pagefactory.drivers.TagWebDriver.createDriver_aroundBody3$advice(TagWebDriver.java:37)\r\n\tat ru.sbtqa.tag.pagefactory.drivers.TagWebDriver.createDriver(TagWebDriver.java:1)\r\n\tat ru.sbtqa.tag.pagefactory.drivers.TagWebDriver.getDriver_aroundBody0(TagWebDriver.java:109)\r\n\tat ru.sbtqa.tag.pagefactory.drivers.TagWebDriver.getDriver_aroundBody1$advice(TagWebDriver.java:37)\r\n\tat ru.sbtqa.tag.pagefactory.drivers.TagWebDriver.getDriver(TagWebDriver.java:1)\r\n\tat ru.sbtqa.tag.pagefactory.PageFactory.getDriver_aroundBody4(PageFactory.java:51)\r\n\tat ru.sbtqa.tag.pagefactory.PageFactory.getDriver_aroundBody5$advice(PageFactory.java:37)\r\n\tat ru.sbtqa.tag.pagefactory.PageFactory.getDriver(PageFactory.java:1)\r\n\tat ru.gamble.pages.AbstractPage.<clinit>(AbstractPage.java:21)\r\n\t... 56 more\r\n"},"stage":"finished","steps":[],"attachments":[],"parameters":[],"start":1570127181545,"stop":1570127181776},{"name":"*  сохраняем в память","status":"skipped","stage":"finished","steps":[],"attachments":[{"name":"Data table","source":"46350972-af17-491f-a8f1-3944455828a5-attachment.csv","type":"text/tab-separated-values"}],"parameters":[],"start":1570127181778,"stop":1570127181807},{"name":"*  переходит на страницу 'https://github.com/'","status":"skipped","stage":"finished","steps":[],"attachments":[],"parameters":[],"start":1570127181808,"stop":1570127181812},{"name":"*  открывается страница \"Главная неавторизованная Git\"","status":"skipped","stage":"finished","steps":[],"attachments":[],"parameters":[],"start":1570127181813,"stop":1570127181813},{"name":"*  пользователь (нажимает кнопку) \"Sign In - Логин\"","status":"skipped","stage":"finished","steps":[],"attachments":[],"parameters":[],"start":1570127181816,"stop":1570127181817},{"name":"*  открывается страница \"Логин\"","status":"skipped","stage":"finished","steps":[],"attachments":[],"parameters":[],"start":1570127181818,"stop":1570127181818},{"name":"*  пользователь (логинится с данными) \"alkov96\" \"151112aA\"","status":"skipped","stage":"finished","steps":[],"attachments":[],"parameters":[],"start":1570127181819,"stop":1570127181820},{"name":"*  открывается страница \"Авторизованная страница\"","status":"skipped","stage":"finished","steps":[],"attachments":[],"parameters":[],"start":1570127181821,"stop":1570127181821},{"name":"*  (проверяет, что пользователь залогиген под своей учёткой) \"@alkov96\"","status":"skipped","stage":"finished","steps":[],"attachments":[],"parameters":[],"start":1570127181822,"stop":1570127181823},{"name":"*  запрос к API \"user/repos?access_token=6992a3f71999b0f8bd297f05ab28f124e4cb7164\" и сохраняем в \"RESPONCE_API\":","status":"skipped","stage":"finished","steps":[],"attachments":[{"name":"Data table","source":"7d53816c-524a-4a02-ab35-53e991184c1c-attachment.csv","type":"text/tab-separated-values"}],"parameters":[],"start":1570127181823,"stop":1570127181828},{"name":"*  проверка ответа API из \"RESPONCE_API\":","status":"skipped","stage":"finished","steps":[],"attachments":[{"name":"Data table","source":"3f9d5d68-0919-4142-84fe-57f46e390e87-attachment.csv","type":"text/tab-separated-values"}],"parameters":[],"start":1570127181829,"stop":1570127181832},{"name":"*  пользователь (нажимает кнопку) \"Кнопка выбора параметров\"","status":"skipped","stage":"finished","steps":[],"attachments":[],"parameters":[],"start":1570127181833,"stop":1570127181833},{"name":"*  (выбирает из списка опций) \"Your repositories\"","status":"skipped","stage":"finished","steps":[],"attachments":[],"parameters":[],"start":1570127181835,"stop":1570127181836},{"name":"*  открывается страница \"Странциа с репозиториями\"","status":"skipped","stage":"finished","steps":[],"attachments":[],"parameters":[],"start":1570127181837,"stop":1570127181838},{"name":"*  (проверяет, создан ли репозиторий) \"NAME\"","status":"skipped","stage":"finished","steps":[],"attachments":[],"parameters":[],"start":1570127181839,"stop":1570127181839},{"name":"after","status":"passed","stage":"finished","steps":[],"attachments":[],"parameters":[],"start":1570127181840,"stop":1570127181851}],"attachments":[],"parameters":[],"start":1570127181537,"stop":1570127181854,"uuid":"5191e3a8-abb0-4aaf-a100-3aad8086d1a4","historyId":"2e2eebd614cc293dbd26f87e743ea24d","labels":[{"name":"feature","value":"1"},{"name":"story","value":"тест"},{"name":"tag","value":"test"},{"name":"host","value":"DESKTOP-JG40RKH"},{"name":"package","value":"1"},{"name":"suite","value":"1"},{"name":"testClass","value":"тест"},{"name":"thread","value":"11992@DESKTOP-JG40RKH.main(1)"}],"links":[]}