<?xml version="1.0" encoding="UTF-8"?>
<testsuite xmlns:xsi="http://www.w3.org/2001/XMLSchema-instance" xsi:noNamespaceSchemaLocation="https://maven.apache.org/surefire/maven-surefire-plugin/xsd/surefire-test-report.xsd" name="ru.gamble.CucumberTest" time="7,866.781" tests="51" errors="3" skipped="0" failures="5">
  <properties>
    <property name="sun.desktop" value="windows"/>
    <property name="awt.toolkit" value="sun.awt.windows.WToolkit"/>
    <property name="file.encoding.pkg" value="sun.io"/>
    <property name="java.specification.version" value="1.8"/>
    <property name="sun.cpu.isalist" value="amd64"/>
    <property name="sun.jnu.encoding" value="Cp1251"/>
    <property name="java.class.path" value="C:\IdeaProject\autotests\autotests-888-m\target\test-classes;C:\IdeaProject\autotests\autotests-888-m\target\classes;C:\Users\t.zavaliy\.m2\repository\ru\sbtqa\tag\page-factory\1.14.0\page-factory-1.14.0.jar;C:\Users\t.zavaliy\.m2\repository\ru\sbtqa\tag\qa-utils\1.4.0\qa-utils-1.4.0.jar;C:\Users\t.zavaliy\.m2\repository\org\apache\commons\commons-lang3\3.3.2\commons-lang3-3.3.2.jar;C:\Users\t.zavaliy\.m2\repository\org\slf4j\slf4j-log4j12\1.7.22\slf4j-log4j12-1.7.22.jar;C:\Users\t.zavaliy\.m2\repository\log4j\log4j\1.2.17\log4j-1.2.17.jar;C:\Users\t.zavaliy\.m2\repository\ru\sbtqa\tag\allure-helper\1.4.1\allure-helper-1.4.1.jar;C:\Users\t.zavaliy\.m2\repository\ru\sbtqa\tag\video-recorder\1.0.6\video-recorder-1.0.6.jar;C:\Users\t.zavaliy\.m2\repository\ru\sbtqa\monte-media\1.1.0-JAVA7\monte-media-1.1.0-JAVA7.jar;C:\Users\t.zavaliy\.m2\repository\ru\sbtqa\htmlelements\htmlelements-java\1.17-JAVA7\htmlelements-java-1.17-JAVA7.jar;C:\Users\t.zavaliy\.m2\repository\org\seleniumhq\selenium\selenium-java\2.53.0\selenium-java-2.53.0.jar;C:\Users\t.zavaliy\.m2\repository\org\seleniumhq\selenium\selenium-edge-driver\2.53.0\selenium-edge-driver-2.53.0.jar;C:\Users\t.zavaliy\.m2\repository\org\seleniumhq\selenium\selenium-leg-rc\2.53.0\selenium-leg-rc-2.53.0.jar;C:\Users\t.zavaliy\.m2\repository\org\seleniumhq\selenium\selenium-support\2.53.1\selenium-support-2.53.1.jar;C:\Users\t.zavaliy\.m2\repository\org\seleniumhq\selenium\selenium-remote-driver\2.53.1\selenium-remote-driver-2.53.1.jar;C:\Users\t.zavaliy\.m2\repository\org\seleniumhq\selenium\selenium-api\2.53.1\selenium-api-2.53.1.jar;C:\Users\t.zavaliy\.m2\repository\io\appium\java-client\4.1.2\java-client-4.1.2.jar;C:\Users\t.zavaliy\.m2\repository\com\google\code\gson\gson\2.7\gson-2.7.jar;C:\Users\t.zavaliy\.m2\repository\commons-validator\commons-validator\1.5.1\commons-validator-1.5.1.jar;C:\Users\t.zavaliy\.m2\repository\commons-beanutils\commons-beanutils\1.9.2\commons-beanutils-1.9.2.jar;C:\Users\t.zavaliy\.m2\repository\commons-digester\commons-digester\1.8.1\commons-digester-1.8.1.jar;C:\Users\t.zavaliy\.m2\repository\commons-collections\commons-collections\3.2.2\commons-collections-3.2.2.jar;C:\Users\t.zavaliy\.m2\repository\cglib\cglib-nodep\3.2.4\cglib-nodep-3.2.4.jar;C:\Users\t.zavaliy\.m2\repository\org\springframework\spring-context\4.3.2.RELEASE\spring-context-4.3.2.RELEASE.jar;C:\Users\t.zavaliy\.m2\repository\org\springframework\spring-aop\4.3.2.RELEASE\spring-aop-4.3.2.RELEASE.jar;C:\Users\t.zavaliy\.m2\repository\org\springframework\spring-beans\4.3.2.RELEASE\spring-beans-4.3.2.RELEASE.jar;C:\Users\t.zavaliy\.m2\repository\org\springframework\spring-core\4.3.2.RELEASE\spring-core-4.3.2.RELEASE.jar;C:\Users\t.zavaliy\.m2\repository\org\springframework\spring-expression\4.3.2.RELEASE\spring-expression-4.3.2.RELEASE.jar;C:\Users\t.zavaliy\.m2\repository\org\aspectj\aspectjweaver\1.8.9\aspectjweaver-1.8.9.jar;C:\Users\t.zavaliy\.m2\repository\junit\junit\4.12\junit-4.12.jar;C:\Users\t.zavaliy\.m2\repository\org\seleniumhq\selenium\selenium-chrome-driver\2.53.1\selenium-chrome-driver-2.53.1.jar;C:\Users\t.zavaliy\.m2\repository\net\lightbody\bmp\browsermob-core\2.1.5\browsermob-core-2.1.5.jar;C:\Users\t.zavaliy\.m2\repository\net\lightbody\bmp\littleproxy\1.1.0-beta-bmp-17\littleproxy-1.1.0-beta-bmp-17.jar;C:\Users\t.zavaliy\.m2\repository\com\fasterxml\jackson\core\jackson-core\2.8.9\jackson-core-2.8.9.jar;C:\Users\t.zavaliy\.m2\repository\com\fasterxml\jackson\core\jackson-databind\2.8.9\jackson-databind-2.8.9.jar;C:\Users\t.zavaliy\.m2\repository\com\fasterxml\jackson\core\jackson-annotations\2.8.9\jackson-annotations-2.8.9.jar;C:\Users\t.zavaliy\.m2\repository\dnsjava\dnsjava\2.1.8\dnsjava-2.1.8.jar;C:\Users\t.zavaliy\.m2\repository\org\slf4j\jcl-over-slf4j\1.7.25\jcl-over-slf4j-1.7.25.jar;C:\Users\t.zavaliy\.m2\repository\com\jcraft\jzlib\1.1.3\jzlib-1.1.3.jar;C:\Users\t.zavaliy\.m2\repository\io\netty\netty-all\4.0.51.Final\netty-all-4.0.51.Final.jar;C:\Users\t.zavaliy\.m2\repository\org\bouncycastle\bcprov-jdk15on\1.58\bcprov-jdk15on-1.58.jar;C:\Users\t.zavaliy\.m2\repository\org\bouncycastle\bcpkix-jdk15on\1.58\bcpkix-jdk15on-1.58.jar;C:\Users\t.zavaliy\.m2\repository\net\lightbody\bmp\mitm\2.1.5\mitm-2.1.5.jar;C:\Users\t.zavaliy\.m2\repository\net\lightbody\bmp\browsermob-core-littleproxy\2.1.0-beta-6\browsermob-core-littleproxy-2.1.0-beta-6.jar;C:\Users\t.zavaliy\.m2\repository\org\seleniumhq\selenium\selenium-firefox-driver\2.53.1\selenium-firefox-driver-2.53.1.jar;C:\Users\t.zavaliy\.m2\repository\org\apache\commons\commons-exec\1.3\commons-exec-1.3.jar;C:\Users\t.zavaliy\.m2\repository\org\seleniumhq\selenium\selenium-safari-driver\2.53.1\selenium-safari-driver-2.53.1.jar;C:\Users\t.zavaliy\.m2\repository\io\netty\netty\3.5.7.Final\netty-3.5.7.Final.jar;C:\Users\t.zavaliy\.m2\repository\org\seleniumhq\selenium\selenium-ie-driver\2.53.0\selenium-ie-driver-2.53.0.jar;C:\Users\t.zavaliy\.m2\repository\net\java\dev\jna\jna\4.1.0\jna-4.1.0.jar;C:\Users\t.zavaliy\.m2\repository\net\java\dev\jna\jna-platform\4.1.0\jna-platform-4.1.0.jar;C:\Users\t.zavaliy\.m2\repository\org\reflections\reflections\0.9.10\reflections-0.9.10.jar;C:\Users\t.zavaliy\.m2\repository\org\javassist\javassist\3.19.0-GA\javassist-3.19.0-GA.jar;C:\Users\t.zavaliy\.m2\repository\com\google\code\findbugs\annotations\2.0.1\annotations-2.0.1.jar;C:\Users\t.zavaliy\.m2\repository\org\aspectj\aspectjrt\1.8.13\aspectjrt-1.8.13.jar;C:\Users\t.zavaliy\.m2\repository\org\apache\maven\maven-project\2.0.10\maven-project-2.0.10.jar;C:\Users\t.zavaliy\.m2\repository\org\apache\maven\maven-settings\2.0.10\maven-settings-2.0.10.jar;C:\Users\t.zavaliy\.m2\repository\org\apache\maven\maven-profile\2.0.10\maven-profile-2.0.10.jar;C:\Users\t.zavaliy\.m2\repository\org\apache\maven\maven-model\2.0.10\maven-model-2.0.10.jar;C:\Users\t.zavaliy\.m2\repository\org\apache\maven\maven-artifact-manager\2.0.10\maven-artifact-manager-2.0.10.jar;C:\Users\t.zavaliy\.m2\repository\org\apache\maven\maven-repository-metadata\2.0.10\maven-repository-metadata-2.0.10.jar;C:\Users\t.zavaliy\.m2\repository\org\apache\maven\wagon\wagon-provider-api\1.0-beta-2\wagon-provider-api-1.0-beta-2.jar;C:\Users\t.zavaliy\.m2\repository\org\apache\maven\maven-plugin-registry\2.0.10\maven-plugin-registry-2.0.10.jar;C:\Users\t.zavaliy\.m2\repository\org\codehaus\plexus\plexus-interpolation\1.1\plexus-interpolation-1.1.jar;C:\Users\t.zavaliy\.m2\repository\org\codehaus\plexus\plexus-utils\1.5.5\plexus-utils-1.5.5.jar;C:\Users\t.zavaliy\.m2\repository\org\apache\maven\maven-artifact\2.0.10\maven-artifact-2.0.10.jar;C:\Users\t.zavaliy\.m2\repository\org\codehaus\plexus\plexus-container-default\1.0-alpha-9-stable-1\plexus-container-default-1.0-alpha-9-stable-1.jar;C:\Users\t.zavaliy\.m2\repository\classworlds\classworlds\1.1-alpha-2\classworlds-1.1-alpha-2.jar;C:\Users\t.zavaliy\.m2\repository\ru\sbtqa\webdrivermanager\2.2.2\webdrivermanager-2.2.2.jar;C:\Users\t.zavaliy\.m2\repository\org\rauschig\jarchivelib\0.7.1\jarchivelib-0.7.1.jar;C:\Users\t.zavaliy\.m2\repository\org\apache\commons\commons-compress\1.9\commons-compress-1.9.jar;C:\Users\t.zavaliy\.m2\repository\org\jsoup\jsoup\1.10.2\jsoup-1.10.2.jar;C:\Users\t.zavaliy\.m2\repository\ru\sbtqa\tag\datajack\providers\json-provider\4.0.4\json-provider-4.0.4.jar;C:\Users\t.zavaliy\.m2\repository\ru\sbtqa\tag\datajack\providers\properties-provider\4.0.4\properties-provider-4.0.4.jar;C:\Users\t.zavaliy\.m2\repository\pl\jalokim\propertiestojson\java-properties-to-json\3.0\java-properties-to-json-3.0.jar;C:\Users\t.zavaliy\.m2\repository\org\projectlombok\lombok\1.16.6\lombok-1.16.6.jar;C:\Users\t.zavaliy\.m2\repository\ru\sbtqa\tag\datajack\providers\excel-provider\4.0.4\excel-provider-4.0.4.jar;C:\Users\t.zavaliy\.m2\repository\org\apache\poi\poi-ooxml\3.17\poi-ooxml-3.17.jar;C:\Users\t.zavaliy\.m2\repository\org\apache\poi\poi\3.17\poi-3.17.jar;C:\Users\t.zavaliy\.m2\repository\org\apache\commons\commons-collections4\4.1\commons-collections4-4.1.jar;C:\Users\t.zavaliy\.m2\repository\org\apache\poi\poi-ooxml-schemas\3.17\poi-ooxml-schemas-3.17.jar;C:\Users\t.zavaliy\.m2\repository\org\apache\xmlbeans\xmlbeans\2.6.0\xmlbeans-2.6.0.jar;C:\Users\t.zavaliy\.m2\repository\stax\stax-api\1.0.1\stax-api-1.0.1.jar;C:\Users\t.zavaliy\.m2\repository\com\github\virtuald\curvesapi\1.04\curvesapi-1.04.jar;C:\Users\t.zavaliy\.m2\repository\ru\sbtqa\tag\datajack\providers\mongo-provider\4.0.4\mongo-provider-4.0.4.jar;C:\Users\t.zavaliy\.m2\repository\io\qameta\allure\allure-cucumber2-jvm\2.8.1\allure-cucumber2-jvm-2.8.1.jar;C:\Users\t.zavaliy\.m2\repository\io\cucumber\cucumber-core\2.3.1\cucumber-core-2.3.1.jar;C:\Users\t.zavaliy\.m2\repository\info\cukes\cucumber-html\0.2.6\cucumber-html-0.2.6.jar;C:\Users\t.zavaliy\.m2\repository\io\cucumber\cucumber-jvm-deps\1.0.6\cucumber-jvm-deps-1.0.6.jar;C:\Users\t.zavaliy\.m2\repository\io\cucumber\gherkin\5.0.0\gherkin-5.0.0.jar;C:\Users\t.zavaliy\.m2\repository\io\cucumber\tag-expressions\1.1.1\tag-expressions-1.1.1.jar;C:\Users\t.zavaliy\.m2\repository\io\qameta\allure\allure-java-commons\2.8.1\allure-java-commons-2.8.1.jar;C:\Users\t.zavaliy\.m2\repository\io\qameta\allure\allure-model\2.8.1\allure-model-2.8.1.jar;C:\Users\t.zavaliy\.m2\repository\org\apache\tika\tika-core\1.19.1\tika-core-1.19.1.jar;C:\Users\t.zavaliy\.m2\repository\org\jooq\joor-java-8\0.9.9\joor-java-8-0.9.9.jar;C:\Users\t.zavaliy\.m2\repository\org\slf4j\slf4j-api\1.7.25\slf4j-api-1.7.25.jar;C:\Users\t.zavaliy\.m2\repository\org\assertj\assertj-core\3.11.1\assertj-core-3.11.1.jar;C:\Users\t.zavaliy\.m2\repository\javax\mail\mail\1.4.7\mail-1.4.7.jar;C:\Users\t.zavaliy\.m2\repository\javax\activation\activation\1.1\activation-1.1.jar;C:\Users\t.zavaliy\.m2\repository\mysql\mysql-connector-java\5.1.6\mysql-connector-java-5.1.6.jar;C:\Users\t.zavaliy\.m2\repository\ru\sbtqa\tag\parsers\json\1.0.3\json-1.0.3.jar;C:\Users\t.zavaliy\.m2\repository\ru\sbtqa\tag\parsers\core\1.0.4\core-1.0.4.jar;C:\Users\t.zavaliy\.m2\repository\com\jayway\jsonpath\json-path\2.2.0\json-path-2.2.0.jar;C:\Users\t.zavaliy\.m2\repository\net\minidev\json-smart\2.2.1\json-smart-2.2.1.jar;C:\Users\t.zavaliy\.m2\repository\net\minidev\accessors-smart\1.1\accessors-smart-1.1.jar;C:\Users\t.zavaliy\.m2\repository\org\ow2\asm\asm\5.0.3\asm-5.0.3.jar;C:\Users\t.zavaliy\.m2\repository\org\junit\jupiter\junit-jupiter-api\5.3.1\junit-jupiter-api-5.3.1.jar;C:\Users\t.zavaliy\.m2\repository\org\apiguardian\apiguardian-api\1.0.0\apiguardian-api-1.0.0.jar;C:\Users\t.zavaliy\.m2\repository\org\opentest4j\opentest4j\1.1.1\opentest4j-1.1.1.jar;C:\Users\t.zavaliy\.m2\repository\org\junit\platform\junit-platform-commons\1.3.1\junit-platform-commons-1.3.1.jar;C:\Users\t.zavaliy\.m2\repository\io\cucumber\cucumber-junit\4.2.0\cucumber-junit-4.2.0.jar;C:\Users\t.zavaliy\.m2\repository\io\cucumber\cucumber-java\2.4.0\cucumber-java-2.4.0.jar;C:\Users\t.zavaliy\.m2\repository\com\google\guava\guava\22.0\guava-22.0.jar;C:\Users\t.zavaliy\.m2\repository\com\google\code\findbugs\jsr305\1.3.9\jsr305-1.3.9.jar;C:\Users\t.zavaliy\.m2\repository\com\google\errorprone\error_prone_annotations\2.0.18\error_prone_annotations-2.0.18.jar;C:\Users\t.zavaliy\.m2\repository\com\google\j2objc\j2objc-annotations\1.1\j2objc-annotations-1.1.jar;C:\Users\t.zavaliy\.m2\repository\org\codehaus\mojo\animal-sniffer-annotations\1.14\animal-sniffer-annotations-1.14.jar;C:\Users\t.zavaliy\.m2\repository\com\neovisionaries\nv-websocket-client\2.5\nv-websocket-client-2.5.jar;C:\Users\t.zavaliy\.m2\repository\io\rest-assured\rest-assured\3.1.0\rest-assured-3.1.0.jar;C:\Users\t.zavaliy\.m2\repository\org\codehaus\groovy\groovy\2.4.12\groovy-2.4.12.jar;C:\Users\t.zavaliy\.m2\repository\org\codehaus\groovy\groovy-xml\2.4.12\groovy-xml-2.4.12.jar;C:\Users\t.zavaliy\.m2\repository\org\apache\httpcomponents\httpclient\4.5.3\httpclient-4.5.3.jar;C:\Users\t.zavaliy\.m2\repository\org\apache\httpcomponents\httpcore\4.4.6\httpcore-4.4.6.jar;C:\Users\t.zavaliy\.m2\repository\commons-logging\commons-logging\1.2\commons-logging-1.2.jar;C:\Users\t.zavaliy\.m2\repository\commons-codec\commons-codec\1.9\commons-codec-1.9.jar;C:\Users\t.zavaliy\.m2\repository\org\apache\httpcomponents\httpmime\4.5.1\httpmime-4.5.1.jar;C:\Users\t.zavaliy\.m2\repository\org\hamcrest\hamcrest-core\1.3\hamcrest-core-1.3.jar;C:\Users\t.zavaliy\.m2\repository\org\hamcrest\hamcrest-library\1.3\hamcrest-library-1.3.jar;C:\Users\t.zavaliy\.m2\repository\org\ccil\cowan\tagsoup\tagsoup\1.2.1\tagsoup-1.2.1.jar;C:\Users\t.zavaliy\.m2\repository\io\rest-assured\json-path\3.1.0\json-path-3.1.0.jar;C:\Users\t.zavaliy\.m2\repository\org\codehaus\groovy\groovy-json\2.4.12\groovy-json-2.4.12.jar;C:\Users\t.zavaliy\.m2\repository\io\rest-assured\rest-assured-common\3.1.0\rest-assured-common-3.1.0.jar;C:\Users\t.zavaliy\.m2\repository\io\rest-assured\xml-path\3.1.0\xml-path-3.1.0.jar;C:\Users\t.zavaliy\.m2\repository\javax\xml\bind\jaxb-api\2.2.12\jaxb-api-2.2.12.jar;C:\Users\t.zavaliy\.m2\repository\ru\sbtqa\tag\datajack\datajack-api\4.0.4\datajack-api-4.0.4.jar;C:\Users\t.zavaliy\.m2\repository\org\mongodb\mongo-java-driver\3.2.2\mongo-java-driver-3.2.2.jar;C:\Users\t.zavaliy\.m2\repository\commons-io\commons-io\2.5\commons-io-2.5.jar;"/>
    <property name="java.vm.vendor" value="Oracle Corporation"/>
    <property name="sun.arch.data.model" value="64"/>
    <property name="user.variant" value=""/>
    <property name="java.vendor.url" value="http://java.oracle.com/"/>
    <property name="user.timezone" value="Europe/Moscow"/>
    <property name="java.vm.specification.version" value="1.8"/>
    <property name="os.name" value="Windows 10"/>
    <property name="user.country" value="RU"/>
    <property name="sun.java.launcher" value="SUN_STANDARD"/>
    <property name="sun.boot.library.path" value="C:\Program Files\Java\jdk1.8.0_172\jre\bin"/>
    <property name="sun.java.command" value="C:\Users\T6C14~1.ZAV\AppData\Local\Temp\surefire1270390467640352104\surefirebooter3006979014369619118.jar C:\Users\t.zavaliy\AppData\Local\Temp\surefire1270390467640352104 2019-08-12T14-57-51_853-jvmRun1 surefire8251386031656431039tmp surefire_06077343087969613296tmp"/>
    <property name="surefire.test.class.path" value="C:\IdeaProject\autotests\autotests-888-m\target\test-classes;C:\IdeaProject\autotests\autotests-888-m\target\classes;C:\Users\t.zavaliy\.m2\repository\ru\sbtqa\tag\page-factory\1.14.0\page-factory-1.14.0.jar;C:\Users\t.zavaliy\.m2\repository\ru\sbtqa\tag\qa-utils\1.4.0\qa-utils-1.4.0.jar;C:\Users\t.zavaliy\.m2\repository\org\apache\commons\commons-lang3\3.3.2\commons-lang3-3.3.2.jar;C:\Users\t.zavaliy\.m2\repository\org\slf4j\slf4j-log4j12\1.7.22\slf4j-log4j12-1.7.22.jar;C:\Users\t.zavaliy\.m2\repository\log4j\log4j\1.2.17\log4j-1.2.17.jar;C:\Users\t.zavaliy\.m2\repository\ru\sbtqa\tag\allure-helper\1.4.1\allure-helper-1.4.1.jar;C:\Users\t.zavaliy\.m2\repository\ru\sbtqa\tag\video-recorder\1.0.6\video-recorder-1.0.6.jar;C:\Users\t.zavaliy\.m2\repository\ru\sbtqa\monte-media\1.1.0-JAVA7\monte-media-1.1.0-JAVA7.jar;C:\Users\t.zavaliy\.m2\repository\ru\sbtqa\htmlelements\htmlelements-java\1.17-JAVA7\htmlelements-java-1.17-JAVA7.jar;C:\Users\t.zavaliy\.m2\repository\org\seleniumhq\selenium\selenium-java\2.53.0\selenium-java-2.53.0.jar;C:\Users\t.zavaliy\.m2\repository\org\seleniumhq\selenium\selenium-edge-driver\2.53.0\selenium-edge-driver-2.53.0.jar;C:\Users\t.zavaliy\.m2\repository\org\seleniumhq\selenium\selenium-leg-rc\2.53.0\selenium-leg-rc-2.53.0.jar;C:\Users\t.zavaliy\.m2\repository\org\seleniumhq\selenium\selenium-support\2.53.1\selenium-support-2.53.1.jar;C:\Users\t.zavaliy\.m2\repository\org\seleniumhq\selenium\selenium-remote-driver\2.53.1\selenium-remote-driver-2.53.1.jar;C:\Users\t.zavaliy\.m2\repository\org\seleniumhq\selenium\selenium-api\2.53.1\selenium-api-2.53.1.jar;C:\Users\t.zavaliy\.m2\repository\io\appium\java-client\4.1.2\java-client-4.1.2.jar;C:\Users\t.zavaliy\.m2\repository\com\google\code\gson\gson\2.7\gson-2.7.jar;C:\Users\t.zavaliy\.m2\repository\commons-validator\commons-validator\1.5.1\commons-validator-1.5.1.jar;C:\Users\t.zavaliy\.m2\repository\commons-beanutils\commons-beanutils\1.9.2\commons-beanutils-1.9.2.jar;C:\Users\t.zavaliy\.m2\repository\commons-digester\commons-digester\1.8.1\commons-digester-1.8.1.jar;C:\Users\t.zavaliy\.m2\repository\commons-collections\commons-collections\3.2.2\commons-collections-3.2.2.jar;C:\Users\t.zavaliy\.m2\repository\cglib\cglib-nodep\3.2.4\cglib-nodep-3.2.4.jar;C:\Users\t.zavaliy\.m2\repository\org\springframework\spring-context\4.3.2.RELEASE\spring-context-4.3.2.RELEASE.jar;C:\Users\t.zavaliy\.m2\repository\org\springframework\spring-aop\4.3.2.RELEASE\spring-aop-4.3.2.RELEASE.jar;C:\Users\t.zavaliy\.m2\repository\org\springframework\spring-beans\4.3.2.RELEASE\spring-beans-4.3.2.RELEASE.jar;C:\Users\t.zavaliy\.m2\repository\org\springframework\spring-core\4.3.2.RELEASE\spring-core-4.3.2.RELEASE.jar;C:\Users\t.zavaliy\.m2\repository\org\springframework\spring-expression\4.3.2.RELEASE\spring-expression-4.3.2.RELEASE.jar;C:\Users\t.zavaliy\.m2\repository\org\aspectj\aspectjweaver\1.8.9\aspectjweaver-1.8.9.jar;C:\Users\t.zavaliy\.m2\repository\junit\junit\4.12\junit-4.12.jar;C:\Users\t.zavaliy\.m2\repository\org\seleniumhq\selenium\selenium-chrome-driver\2.53.1\selenium-chrome-driver-2.53.1.jar;C:\Users\t.zavaliy\.m2\repository\net\lightbody\bmp\browsermob-core\2.1.5\browsermob-core-2.1.5.jar;C:\Users\t.zavaliy\.m2\repository\net\lightbody\bmp\littleproxy\1.1.0-beta-bmp-17\littleproxy-1.1.0-beta-bmp-17.jar;C:\Users\t.zavaliy\.m2\repository\com\fasterxml\jackson\core\jackson-core\2.8.9\jackson-core-2.8.9.jar;C:\Users\t.zavaliy\.m2\repository\com\fasterxml\jackson\core\jackson-databind\2.8.9\jackson-databind-2.8.9.jar;C:\Users\t.zavaliy\.m2\repository\com\fasterxml\jackson\core\jackson-annotations\2.8.9\jackson-annotations-2.8.9.jar;C:\Users\t.zavaliy\.m2\repository\dnsjava\dnsjava\2.1.8\dnsjava-2.1.8.jar;C:\Users\t.zavaliy\.m2\repository\org\slf4j\jcl-over-slf4j\1.7.25\jcl-over-slf4j-1.7.25.jar;C:\Users\t.zavaliy\.m2\repository\com\jcraft\jzlib\1.1.3\jzlib-1.1.3.jar;C:\Users\t.zavaliy\.m2\repository\io\netty\netty-all\4.0.51.Final\netty-all-4.0.51.Final.jar;C:\Users\t.zavaliy\.m2\repository\org\bouncycastle\bcprov-jdk15on\1.58\bcprov-jdk15on-1.58.jar;C:\Users\t.zavaliy\.m2\repository\org\bouncycastle\bcpkix-jdk15on\1.58\bcpkix-jdk15on-1.58.jar;C:\Users\t.zavaliy\.m2\repository\net\lightbody\bmp\mitm\2.1.5\mitm-2.1.5.jar;C:\Users\t.zavaliy\.m2\repository\net\lightbody\bmp\browsermob-core-littleproxy\2.1.0-beta-6\browsermob-core-littleproxy-2.1.0-beta-6.jar;C:\Users\t.zavaliy\.m2\repository\org\seleniumhq\selenium\selenium-firefox-driver\2.53.1\selenium-firefox-driver-2.53.1.jar;C:\Users\t.zavaliy\.m2\repository\org\apache\commons\commons-exec\1.3\commons-exec-1.3.jar;C:\Users\t.zavaliy\.m2\repository\org\seleniumhq\selenium\selenium-safari-driver\2.53.1\selenium-safari-driver-2.53.1.jar;C:\Users\t.zavaliy\.m2\repository\io\netty\netty\3.5.7.Final\netty-3.5.7.Final.jar;C:\Users\t.zavaliy\.m2\repository\org\seleniumhq\selenium\selenium-ie-driver\2.53.0\selenium-ie-driver-2.53.0.jar;C:\Users\t.zavaliy\.m2\repository\net\java\dev\jna\jna\4.1.0\jna-4.1.0.jar;C:\Users\t.zavaliy\.m2\repository\net\java\dev\jna\jna-platform\4.1.0\jna-platform-4.1.0.jar;C:\Users\t.zavaliy\.m2\repository\org\reflections\reflections\0.9.10\reflections-0.9.10.jar;C:\Users\t.zavaliy\.m2\repository\org\javassist\javassist\3.19.0-GA\javassist-3.19.0-GA.jar;C:\Users\t.zavaliy\.m2\repository\com\google\code\findbugs\annotations\2.0.1\annotations-2.0.1.jar;C:\Users\t.zavaliy\.m2\repository\org\aspectj\aspectjrt\1.8.13\aspectjrt-1.8.13.jar;C:\Users\t.zavaliy\.m2\repository\org\apache\maven\maven-project\2.0.10\maven-project-2.0.10.jar;C:\Users\t.zavaliy\.m2\repository\org\apache\maven\maven-settings\2.0.10\maven-settings-2.0.10.jar;C:\Users\t.zavaliy\.m2\repository\org\apache\maven\maven-profile\2.0.10\maven-profile-2.0.10.jar;C:\Users\t.zavaliy\.m2\repository\org\apache\maven\maven-model\2.0.10\maven-model-2.0.10.jar;C:\Users\t.zavaliy\.m2\repository\org\apache\maven\maven-artifact-manager\2.0.10\maven-artifact-manager-2.0.10.jar;C:\Users\t.zavaliy\.m2\repository\org\apache\maven\maven-repository-metadata\2.0.10\maven-repository-metadata-2.0.10.jar;C:\Users\t.zavaliy\.m2\repository\org\apache\maven\wagon\wagon-provider-api\1.0-beta-2\wagon-provider-api-1.0-beta-2.jar;C:\Users\t.zavaliy\.m2\repository\org\apache\maven\maven-plugin-registry\2.0.10\maven-plugin-registry-2.0.10.jar;C:\Users\t.zavaliy\.m2\repository\org\codehaus\plexus\plexus-interpolation\1.1\plexus-interpolation-1.1.jar;C:\Users\t.zavaliy\.m2\repository\org\codehaus\plexus\plexus-utils\1.5.5\plexus-utils-1.5.5.jar;C:\Users\t.zavaliy\.m2\repository\org\apache\maven\maven-artifact\2.0.10\maven-artifact-2.0.10.jar;C:\Users\t.zavaliy\.m2\repository\org\codehaus\plexus\plexus-container-default\1.0-alpha-9-stable-1\plexus-container-default-1.0-alpha-9-stable-1.jar;C:\Users\t.zavaliy\.m2\repository\classworlds\classworlds\1.1-alpha-2\classworlds-1.1-alpha-2.jar;C:\Users\t.zavaliy\.m2\repository\ru\sbtqa\webdrivermanager\2.2.2\webdrivermanager-2.2.2.jar;C:\Users\t.zavaliy\.m2\repository\org\rauschig\jarchivelib\0.7.1\jarchivelib-0.7.1.jar;C:\Users\t.zavaliy\.m2\repository\org\apache\commons\commons-compress\1.9\commons-compress-1.9.jar;C:\Users\t.zavaliy\.m2\repository\org\jsoup\jsoup\1.10.2\jsoup-1.10.2.jar;C:\Users\t.zavaliy\.m2\repository\ru\sbtqa\tag\datajack\providers\json-provider\4.0.4\json-provider-4.0.4.jar;C:\Users\t.zavaliy\.m2\repository\ru\sbtqa\tag\datajack\providers\properties-provider\4.0.4\properties-provider-4.0.4.jar;C:\Users\t.zavaliy\.m2\repository\pl\jalokim\propertiestojson\java-properties-to-json\3.0\java-properties-to-json-3.0.jar;C:\Users\t.zavaliy\.m2\repository\org\projectlombok\lombok\1.16.6\lombok-1.16.6.jar;C:\Users\t.zavaliy\.m2\repository\ru\sbtqa\tag\datajack\providers\excel-provider\4.0.4\excel-provider-4.0.4.jar;C:\Users\t.zavaliy\.m2\repository\org\apache\poi\poi-ooxml\3.17\poi-ooxml-3.17.jar;C:\Users\t.zavaliy\.m2\repository\org\apache\poi\poi\3.17\poi-3.17.jar;C:\Users\t.zavaliy\.m2\repository\org\apache\commons\commons-collections4\4.1\commons-collections4-4.1.jar;C:\Users\t.zavaliy\.m2\repository\org\apache\poi\poi-ooxml-schemas\3.17\poi-ooxml-schemas-3.17.jar;C:\Users\t.zavaliy\.m2\repository\org\apache\xmlbeans\xmlbeans\2.6.0\xmlbeans-2.6.0.jar;C:\Users\t.zavaliy\.m2\repository\stax\stax-api\1.0.1\stax-api-1.0.1.jar;C:\Users\t.zavaliy\.m2\repository\com\github\virtuald\curvesapi\1.04\curvesapi-1.04.jar;C:\Users\t.zavaliy\.m2\repository\ru\sbtqa\tag\datajack\providers\mongo-provider\4.0.4\mongo-provider-4.0.4.jar;C:\Users\t.zavaliy\.m2\repository\io\qameta\allure\allure-cucumber2-jvm\2.8.1\allure-cucumber2-jvm-2.8.1.jar;C:\Users\t.zavaliy\.m2\repository\io\cucumber\cucumber-core\2.3.1\cucumber-core-2.3.1.jar;C:\Users\t.zavaliy\.m2\repository\info\cukes\cucumber-html\0.2.6\cucumber-html-0.2.6.jar;C:\Users\t.zavaliy\.m2\repository\io\cucumber\cucumber-jvm-deps\1.0.6\cucumber-jvm-deps-1.0.6.jar;C:\Users\t.zavaliy\.m2\repository\io\cucumber\gherkin\5.0.0\gherkin-5.0.0.jar;C:\Users\t.zavaliy\.m2\repository\io\cucumber\tag-expressions\1.1.1\tag-expressions-1.1.1.jar;C:\Users\t.zavaliy\.m2\repository\io\qameta\allure\allure-java-commons\2.8.1\allure-java-commons-2.8.1.jar;C:\Users\t.zavaliy\.m2\repository\io\qameta\allure\allure-model\2.8.1\allure-model-2.8.1.jar;C:\Users\t.zavaliy\.m2\repository\org\apache\tika\tika-core\1.19.1\tika-core-1.19.1.jar;C:\Users\t.zavaliy\.m2\repository\org\jooq\joor-java-8\0.9.9\joor-java-8-0.9.9.jar;C:\Users\t.zavaliy\.m2\repository\org\slf4j\slf4j-api\1.7.25\slf4j-api-1.7.25.jar;C:\Users\t.zavaliy\.m2\repository\org\assertj\assertj-core\3.11.1\assertj-core-3.11.1.jar;C:\Users\t.zavaliy\.m2\repository\javax\mail\mail\1.4.7\mail-1.4.7.jar;C:\Users\t.zavaliy\.m2\repository\javax\activation\activation\1.1\activation-1.1.jar;C:\Users\t.zavaliy\.m2\repository\mysql\mysql-connector-java\5.1.6\mysql-connector-java-5.1.6.jar;C:\Users\t.zavaliy\.m2\repository\ru\sbtqa\tag\parsers\json\1.0.3\json-1.0.3.jar;C:\Users\t.zavaliy\.m2\repository\ru\sbtqa\tag\parsers\core\1.0.4\core-1.0.4.jar;C:\Users\t.zavaliy\.m2\repository\com\jayway\jsonpath\json-path\2.2.0\json-path-2.2.0.jar;C:\Users\t.zavaliy\.m2\repository\net\minidev\json-smart\2.2.1\json-smart-2.2.1.jar;C:\Users\t.zavaliy\.m2\repository\net\minidev\accessors-smart\1.1\accessors-smart-1.1.jar;C:\Users\t.zavaliy\.m2\repository\org\ow2\asm\asm\5.0.3\asm-5.0.3.jar;C:\Users\t.zavaliy\.m2\repository\org\junit\jupiter\junit-jupiter-api\5.3.1\junit-jupiter-api-5.3.1.jar;C:\Users\t.zavaliy\.m2\repository\org\apiguardian\apiguardian-api\1.0.0\apiguardian-api-1.0.0.jar;C:\Users\t.zavaliy\.m2\repository\org\opentest4j\opentest4j\1.1.1\opentest4j-1.1.1.jar;C:\Users\t.zavaliy\.m2\repository\org\junit\platform\junit-platform-commons\1.3.1\junit-platform-commons-1.3.1.jar;C:\Users\t.zavaliy\.m2\repository\io\cucumber\cucumber-junit\4.2.0\cucumber-junit-4.2.0.jar;C:\Users\t.zavaliy\.m2\repository\io\cucumber\cucumber-java\2.4.0\cucumber-java-2.4.0.jar;C:\Users\t.zavaliy\.m2\repository\com\google\guava\guava\22.0\guava-22.0.jar;C:\Users\t.zavaliy\.m2\repository\com\google\code\findbugs\jsr305\1.3.9\jsr305-1.3.9.jar;C:\Users\t.zavaliy\.m2\repository\com\google\errorprone\error_prone_annotations\2.0.18\error_prone_annotations-2.0.18.jar;C:\Users\t.zavaliy\.m2\repository\com\google\j2objc\j2objc-annotations\1.1\j2objc-annotations-1.1.jar;C:\Users\t.zavaliy\.m2\repository\org\codehaus\mojo\animal-sniffer-annotations\1.14\animal-sniffer-annotations-1.14.jar;C:\Users\t.zavaliy\.m2\repository\com\neovisionaries\nv-websocket-client\2.5\nv-websocket-client-2.5.jar;C:\Users\t.zavaliy\.m2\repository\io\rest-assured\rest-assured\3.1.0\rest-assured-3.1.0.jar;C:\Users\t.zavaliy\.m2\repository\org\codehaus\groovy\groovy\2.4.12\groovy-2.4.12.jar;C:\Users\t.zavaliy\.m2\repository\org\codehaus\groovy\groovy-xml\2.4.12\groovy-xml-2.4.12.jar;C:\Users\t.zavaliy\.m2\repository\org\apache\httpcomponents\httpclient\4.5.3\httpclient-4.5.3.jar;C:\Users\t.zavaliy\.m2\repository\org\apache\httpcomponents\httpcore\4.4.6\httpcore-4.4.6.jar;C:\Users\t.zavaliy\.m2\repository\commons-logging\commons-logging\1.2\commons-logging-1.2.jar;C:\Users\t.zavaliy\.m2\repository\commons-codec\commons-codec\1.9\commons-codec-1.9.jar;C:\Users\t.zavaliy\.m2\repository\org\apache\httpcomponents\httpmime\4.5.1\httpmime-4.5.1.jar;C:\Users\t.zavaliy\.m2\repository\org\hamcrest\hamcrest-core\1.3\hamcrest-core-1.3.jar;C:\Users\t.zavaliy\.m2\repository\org\hamcrest\hamcrest-library\1.3\hamcrest-library-1.3.jar;C:\Users\t.zavaliy\.m2\repository\org\ccil\cowan\tagsoup\tagsoup\1.2.1\tagsoup-1.2.1.jar;C:\Users\t.zavaliy\.m2\repository\io\rest-assured\json-path\3.1.0\json-path-3.1.0.jar;C:\Users\t.zavaliy\.m2\repository\org\codehaus\groovy\groovy-json\2.4.12\groovy-json-2.4.12.jar;C:\Users\t.zavaliy\.m2\repository\io\rest-assured\rest-assured-common\3.1.0\rest-assured-common-3.1.0.jar;C:\Users\t.zavaliy\.m2\repository\io\rest-assured\xml-path\3.1.0\xml-path-3.1.0.jar;C:\Users\t.zavaliy\.m2\repository\javax\xml\bind\jaxb-api\2.2.12\jaxb-api-2.2.12.jar;C:\Users\t.zavaliy\.m2\repository\ru\sbtqa\tag\datajack\datajack-api\4.0.4\datajack-api-4.0.4.jar;C:\Users\t.zavaliy\.m2\repository\org\mongodb\mongo-java-driver\3.2.2\mongo-java-driver-3.2.2.jar;C:\Users\t.zavaliy\.m2\repository\commons-io\commons-io\2.5\commons-io-2.5.jar;"/>
    <property name="sun.cpu.endian" value="little"/>
    <property name="user.home" value="C:\Users\t.zavaliy"/>
    <property name="user.language" value="ru"/>
    <property name="java.specification.vendor" value="Oracle Corporation"/>
    <property name="java.home" value="C:\Program Files\Java\jdk1.8.0_172\jre"/>
    <property name="basedir" value="C:\IdeaProject\autotests\autotests-888-m"/>
    <property name="file.separator" value="\"/>
    <property name="line.separator" value="&#10;"/>
    <property name="java.vm.specification.vendor" value="Oracle Corporation"/>
    <property name="java.specification.name" value="Java Platform API Specification"/>
    <property name="java.awt.graphicsenv" value="sun.awt.Win32GraphicsEnvironment"/>
    <property name="surefire.real.class.path" value="C:\Users\T6C14~1.ZAV\AppData\Local\Temp\surefire1270390467640352104\surefirebooter3006979014369619118.jar;C:\Users\t.zavaliy\.m2\repository/org/aspectj/aspectjweaver/1.9.2/aspectjweaver-1.9.2.jar"/>
    <property name="sun.boot.class.path" value="C:\Program Files\Java\jdk1.8.0_172\jre\lib\resources.jar;C:\Program Files\Java\jdk1.8.0_172\jre\lib\rt.jar;C:\Program Files\Java\jdk1.8.0_172\jre\lib\sunrsasign.jar;C:\Program Files\Java\jdk1.8.0_172\jre\lib\jsse.jar;C:\Program Files\Java\jdk1.8.0_172\jre\lib\jce.jar;C:\Program Files\Java\jdk1.8.0_172\jre\lib\charsets.jar;C:\Program Files\Java\jdk1.8.0_172\jre\lib\jfr.jar;C:\Program Files\Java\jdk1.8.0_172\jre\classes"/>
    <property name="user.script" value=""/>
    <property name="sun.management.compiler" value="HotSpot 64-Bit Tiered Compilers"/>
    <property name="java.runtime.version" value="1.8.0_172-b11"/>
    <property name="user.name" value="t.zavaliy"/>
    <property name="path.separator" value=";"/>
    <property name="os.version" value="10.0"/>
    <property name="java.endorsed.dirs" value="C:\Program Files\Java\jdk1.8.0_172\jre\lib\endorsed"/>
    <property name="java.runtime.name" value="Java(TM) SE Runtime Environment"/>
    <property name="file.encoding" value="Cp1251"/>
    <property name="java.vm.name" value="Java HotSpot(TM) 64-Bit Server VM"/>
    <property name="localRepository" value="C:\Users\t.zavaliy\.m2\repository"/>
    <property name="cucumber.options" value="--plugin io.qameta.allure.cucumber2jvm.AllureCucumber2Jvm --plugin pretty"/>
    <property name="java.vendor.url.bug" value="http://bugreport.sun.com/bugreport/"/>
    <property name="java.io.tmpdir" value="C:\Users\T6C14~1.ZAV\AppData\Local\Temp\"/>
    <property name="java.version" value="1.8.0_172"/>
    <property name="user.dir" value="C:\IdeaProject\autotests\autotests-888-m"/>
    <property name="os.arch" value="amd64"/>
    <property name="java.vm.specification.name" value="Java Virtual Machine Specification"/>
    <property name="java.awt.printerjob" value="sun.awt.windows.WPrinterJob"/>
    <property name="sun.os.patch.level" value=""/>
    <property name="java.library.path" value="C:\Program Files\Java\jdk1.8.0_172\jre\bin;C:\WINDOWS\Sun\Java\bin;C:\WINDOWS\system32;C:\WINDOWS;C:\Program Files (x86)\NetSarang\Xshell 6\;C:\Users\t.zavaliy\AppData\Local\Android\Sdk\emultor;C:\Program Files (x86)\Common Files\Oracle\Java\javapath;C:\ProgramData\Oracle\Java\javapath;C:\WINDOWS\system32;C:\WINDOWS;C:\WINDOWS\System32\Wbem;C:\WINDOWS\System32\WindowsPowerShell\v1.0\;C:\Program Files\PuTTY\;C:\Users\t.zavaliy\gradle\gradle-3.4\bin;C:\Users\t.zavaliy\;C:\Gradle\gradle-3.5\bin;C:\apache-maven-3.5.0\bin;C:\Program Files\Java\jdk1.8.0_172\bin;C:\Program Files\TortoiseGit\bin;%GROOVY_HOME\bin;%CHROMEDRIVER;C:\Program Files\Git\cmd;C:\Program Files (x86)\Sennheiser\SoftphoneSDK\;C:\Users\t.zavaliy\AppData\Local\Android\Sdk\tools;C:\Users\t.zavaliy\AppData\Local\Android\Sdk\tools\bin;C:\Users\t.zavaliy\AppData\Local\Android\Sdk\platform-tools;C:\Users\t.zavaliy\.m2\repository\allure-2.7.0\bin;C:\Program Files\Common Files\Autodesk Shared\;C:\Program Files (x86)\Autodesk\Backburner\;C:\Users\t.zavaliy\AppData\Local\Android\Sdk\emultor;C:\Users\t.zavaliy\AppData\Local\Microsoft\WindowsApps;C:\Gradle\gradle-3.5\bin;C:\Program Files\Java\jdk1.8.0_172\bin;%GROOVY_HOME\bin;C:\Users\t.zavaliy\AppData\Local\Programs\Fiddler;%CHROMEDRIVER;C:\apache-maven-3.5.0\bin;C:\Users\t.zavaliy\AppData\Local\Android\Sdk\tools;C:\Users\t.zavaliy\AppData\Local\Android\Sdk\tools\bin;C:\Users\t.zavaliy\AppData\Local\Android\Sdk\platform-tools;C:\Users\t.zavaliy\.m2\repository\allure-2.7.0\bin;;."/>
    <property name="java.vm.info" value="mixed mode"/>
    <property name="java.vendor" value="Oracle Corporation"/>
    <property name="java.vm.version" value="25.172-b11"/>
    <property name="java.ext.dirs" value="C:\Program Files\Java\jdk1.8.0_172\jre\lib\ext;C:\WINDOWS\Sun\Java\lib\ext"/>
    <property name="sun.io.unicode.encoding" value="UnicodeLittle"/>
    <property name="java.class.version" value="52.0"/>
  </properties>
  <testcase name="Проверка отображения баннеров в купоне" classname="3_Ставки" time="89.692"/>
  <testcase name="Изменение типа отображения коэффицентов на главной" classname="3_Ставки" time="17.537"/>
  <testcase name="Изменение типа отображения коэффицентов в купоне" classname="3_Ставки" time="63.255"/>
  <testcase name="Изменение типа отображения коэффицентов в &quot;Избранное&quot;." classname="3_Ставки" time="70.808"/>
  <testcase name="Изменение условий в купоне." classname="3_Ставки" time="97.757">
    <failure message="stale element reference: element is not attached to the page document&#10;  (Session info: chrome=75.0.3770.100)&#10;  (Driver info: chromedriver=2.43.600210 (68dcf5eebde37173d4027fa8635e332711d2874a),platform=Windows NT 10.0.15063 x86_64) (WARNING: The server did not provide any stacktrace information)&#10;Command duration or timeout: 7 milliseconds&#10;For documentation on this error, please visit: http://seleniumhq.org/exceptions/stale_element_reference.html&#10;Build info: version: &apos;unknown&apos;, revision: &apos;unknown&apos;, time: &apos;unknown&apos;&#10;System info: host: &apos;ZAVALIY-T&apos;, ip: &apos;192.168.100.2&apos;, os.name: &apos;Windows 10&apos;, os.arch: &apos;amd64&apos;, os.version: &apos;10.0&apos;, java.version: &apos;1.8.0_172&apos;&#10;Driver info: org.openqa.selenium.chrome.ChromeDriver&#10;Capabilities [{mobileEmulationEnabled=false, hasTouchScreen=false, platform=XP, acceptSslCerts=false, goog:chromeOptions={debuggerAddress=localhost:63336}, acceptInsecureCerts=false, webStorageEnabled=true, browserName=chrome, takesScreenshot=true, javascriptEnabled=true, setWindowRect=true, unexpectedAlertBehaviour=ignore, applicationCacheEnabled=false, rotatable=false, networkConnectionEnabled=false, chrome={chromedriverVersion=2.43.600210 (68dcf5eebde37173d4027fa8635e332711d2874a), userDataDir=C:\Users\T6C14~1.ZAV\AppData\Local\Temp\scoped_dir33168_30229}, takesHeapSnapshot=true, pageLoadStrategy=normal, databaseEnabled=false, handlesAlerts=true, version=75.0.3770.100, browserConnectionEnabled=false, nativeEvents=true, locationContextEnabled=true, cssSelectorsEnabled=true}]&#10;Session ID: 391bd018e8782a8d83cf75470e0f222c" type="ru.sbtqa.tag.qautils.errors.AutotestError">ru.sbtqa.tag.qautils.errors.AutotestError: 
stale element reference: element is not attached to the page document
  (Session info: chrome=75.0.3770.100)
  (Driver info: chromedriver=2.43.600210 (68dcf5eebde37173d4027fa8635e332711d2874a),platform=Windows NT 10.0.15063 x86_64) (WARNING: The server did not provide any stacktrace information)
Command duration or timeout: 7 milliseconds
For documentation on this error, please visit: http://seleniumhq.org/exceptions/stale_element_reference.html
Build info: version: 'unknown', revision: 'unknown', time: 'unknown'
System info: host: 'ZAVALIY-T', ip: '192.168.100.2', os.name: 'Windows 10', os.arch: 'amd64', os.version: '10.0', java.version: '1.8.0_172'
Driver info: org.openqa.selenium.chrome.ChromeDriver
Capabilities [{mobileEmulationEnabled=false, hasTouchScreen=false, platform=XP, acceptSslCerts=false, goog:chromeOptions={debuggerAddress=localhost:63336}, acceptInsecureCerts=false, webStorageEnabled=true, browserName=chrome, takesScreenshot=true, javascriptEnabled=true, setWindowRect=true, unexpectedAlertBehaviour=ignore, applicationCacheEnabled=false, rotatable=false, networkConnectionEnabled=false, chrome={chromedriverVersion=2.43.600210 (68dcf5eebde37173d4027fa8635e332711d2874a), userDataDir=C:\Users\T6C14~1.ZAV\AppData\Local\Temp\scoped_dir33168_30229}, takesHeapSnapshot=true, pageLoadStrategy=normal, databaseEnabled=false, handlesAlerts=true, version=75.0.3770.100, browserConnectionEnabled=false, nativeEvents=true, locationContextEnabled=true, cssSelectorsEnabled=true}]
Session ID: 391bd018e8782a8d83cf75470e0f222c
Caused by: ru.sbtqa.tag.pagefactory.exceptions.FactoryRuntimeException: Error while executing action 'добавляет несколько событий в купон' on DayEventsPage . See the caused exception below
Caused by: org.openqa.selenium.StaleElementReferenceException: 
stale element reference: element is not attached to the page document
  (Session info: chrome=75.0.3770.100)
  (Driver info: chromedriver=2.43.600210 (68dcf5eebde37173d4027fa8635e332711d2874a),platform=Windows NT 10.0.15063 x86_64) (WARNING: The server did not provide any stacktrace information)
Command duration or timeout: 7 milliseconds
For documentation on this error, please visit: http://seleniumhq.org/exceptions/stale_element_reference.html
Build info: version: 'unknown', revision: 'unknown', time: 'unknown'
System info: host: 'ZAVALIY-T', ip: '192.168.100.2', os.name: 'Windows 10', os.arch: 'amd64', os.version: '10.0', java.version: '1.8.0_172'
Driver info: org.openqa.selenium.chrome.ChromeDriver
Capabilities [{mobileEmulationEnabled=false, hasTouchScreen=false, platform=XP, acceptSslCerts=false, goog:chromeOptions={debuggerAddress=localhost:63336}, acceptInsecureCerts=false, webStorageEnabled=true, browserName=chrome, takesScreenshot=true, javascriptEnabled=true, setWindowRect=true, unexpectedAlertBehaviour=ignore, applicationCacheEnabled=false, rotatable=false, networkConnectionEnabled=false, chrome={chromedriverVersion=2.43.600210 (68dcf5eebde37173d4027fa8635e332711d2874a), userDataDir=C:\Users\T6C14~1.ZAV\AppData\Local\Temp\scoped_dir33168_30229}, takesHeapSnapshot=true, pageLoadStrategy=normal, databaseEnabled=false, handlesAlerts=true, version=75.0.3770.100, browserConnectionEnabled=false, nativeEvents=true, locationContextEnabled=true, cssSelectorsEnabled=true}]
Session ID: 391bd018e8782a8d83cf75470e0f222c
</failure>
    <system-out><![CDATA[
Функционал: 3_Ставки

  @regress @CouponAcceptChange_C1048 @coupon
  Сценарий: Изменение условий в купоне.                                                                                                                                        # src/test/resources/features/bets-coupon/CouponAcceptChange_C1048.feature:8
 |===> 15:01:56 12.08.19[INFO] ru.gamble.stepdefs.CommonStepDefs - <================START...TEST================>
 |===> 15:01:56 12.08.19[INFO] ru.gamble.stepdefs.CommonStepDefs - NAME: Изменение условий в купоне.
 |===> 15:01:56 12.08.19[INFO] ru.gamble.stepdefs.CommonStepDefs - TAGS: [@coupon, @regress, @CouponAcceptChange_C1048]
 |===> 15:01:56 12.08.19[INFO] ru.gamble.stepdefs.CommonStepDefs - ID: 10488
 |===> 15:01:56 12.08.19[INFO] ru.gamble.stepdefs.CommonStepDefs - Сохранили в память key [MAIN_URL] <== value [https://test-func.gamebet.ru]
 |===> 15:01:56 12.08.19[INFO] ru.sbtqa.tag.stepdefs.SetupSteps - Log4j properties were picked up on the path src/test/resources/config/log4j.properties
 |===> 15:01:56 12.08.19[INFO] org.reflections.Reflections - Reflections took 40 ms to scan 1 urls, producing 4 keys and 126 values 
 |===> 15:01:56 12.08.19[INFO] ru.gamble.stepdefs.CommonStepDefs - Переход на главную страницу
 |===> 15:01:57 12.08.19[INFO] ru.gamble.stepdefs.CommonStepDefs - Перешли на страницу [https://test-func.gamebet.ru]
 |===> 15:01:57 12.08.19[INFO] ru.gamble.stepdefs.CommonStepDefs - Удаляем Cookies
 |===> 15:02:01 12.08.19[INFO] ru.gamble.stepdefs.CommonStepDefs - Ищем наличие кнопки с силуетом пользователя.
 |===> 15:02:02 12.08.19[INFO] ru.gamble.stepdefs.CommonStepDefs - Нажимаем на кнопку с силуетом пользователя.
 |===> 15:02:02 12.08.19[INFO] ru.gamble.stepdefs.CommonStepDefs - Ищем кнопку 'Выход' и нажимаем
 |===> 15:02:07 12.08.19[INFO] ru.gamble.stepdefs.CommonStepDefs - Обновили страницу на всякий случай
    * разлогиниваем пользователя                                                                                                                                               # CommonStepDefs.logOut()
 |===> 15:02:08 12.08.19[INFO] ru.gamble.pages.AbstractPage - Ищем элемент [By.xpath: //div[contains(@class,'main-slider__wrapper')]] на странице::https://test-func.gamebet.ru/
    * открывается страница "Главная страница"                                                                                                                                  # StepDefs.openPage(String)
 |===> 15:02:21 12.08.19[INFO] ru.gamble.pages.AbstractPage - Нажали на [Вход]
    * пользователь (нажимает кнопку) "Вход"                                                                                                                                    # StepDefs.userActionOneParam(String,String)
    * открывается страница "Вход"                                                                                                                                              # StepDefs.openPage(String)
 |===> 15:02:21 12.08.19[INFO] ru.gamble.pages.userProfilePages.EnterPage - Будем логиниться через method. Для этого выбираем соответсвующую вкладку на попапе авторизации
 |===> 15:02:21 12.08.19[INFO] ru.gamble.pages.userProfilePages.EnterPage - Выбрали авторизацию через method
 |===> 15:02:21 12.08.19[INFO] ru.gamble.pages.userProfilePages.EnterPage - Будем логиниться через method. Для этого выбираем соответсвующую вкладку на попапе авторизации
 |===> 15:02:21 12.08.19[INFO] ru.gamble.pages.userProfilePages.EnterPage - Выбрали авторизацию через method
 |===> 15:02:22 12.08.19[INFO] ru.gamble.pages.userProfilePages.EnterPage - Водим в поле::chrome-test-shmest@mailinator.com
 |===> 15:02:23 12.08.19[INFO] ru.gamble.pages.userProfilePages.EnterPage - Попытка ввести::chrome-test-shmest@mailinator.com[0]
 |===> 15:02:23 12.08.19[INFO] ru.gamble.pages.userProfilePages.EnterPage - Реально в поле ввелось::chrome-test-shmest@mailinator.com
 |===> 15:02:23 12.08.19[INFO] ru.gamble.pages.userProfilePages.EnterPage - Водим в поле::Acer0808!
 |===> 15:02:23 12.08.19[INFO] ru.gamble.pages.userProfilePages.EnterPage - Ожидаем пока кнопка 'Войти' будет видимой
 |===> 15:02:23 12.08.19[INFO] ru.gamble.pages.userProfilePages.EnterPage - Нажимаем на кнопку 'Войти'
 |===> 15:02:23 12.08.19[INFO] ru.gamble.pages.userProfilePages.EnterPage - Попытка ввеcти::0
 |===> 15:02:24 12.08.19[INFO] ru.gamble.stepdefs.CommonStepDefs - Найдено прелоадеров [1]
 |===> 15:02:24 12.08.19[INFO] ru.gamble.stepdefs.CommonStepDefs - Прелоадеры закрылись
 |===> 15:02:35 12.08.19[INFO] ru.gamble.pages.AbstractPage - Окно 'Перейти в ЦУПИС' не появилось
    * пользователь (логинится с) данными                                                                                                                                       # StepDefs.userActionTableParam(String,DataTable)
 |===> 15:02:35 12.08.19[INFO] ru.gamble.pages.AbstractPage - Ищем элемент [Page Title] на странице::https://test-func.gamebet.ru/?refresh=1
    * открывается страница "Авторизованная Главная страница"                                                                                                                   # StepDefs.openPage(String)
 |===> 15:02:41 12.08.19[INFO] ru.gamble.pages.AbstractPage - Нажали на [Бургер]
    * пользователь (нажимает кнопку) "Бургер"                                                                                                                                  # StepDefs.userActionOneParam(String,String)
    * открывается страница "Бургер"                                                                                                                                            # StepDefs.openPage(String)
 |===> 15:02:42 12.08.19[INFO] ru.gamble.stepdefs.CommonStepDefs - Найдено прелоадеров [2]
 |===> 15:02:43 12.08.19[INFO] ru.gamble.stepdefs.CommonStepDefs - Прелоадеры закрылись
 |===> 15:02:43 12.08.19[INFO] ru.gamble.pages.AbstractPage - Нажали на [События дня]
    * пользователь (нажимает кнопку) "События дня"                                                                                                                             # StepDefs.userActionOneParam(String,String)
    * открывается страница "События дня"                                                                                                                                       # StepDefs.openPage(String)
 |===> 15:02:46 12.08.19[INFO] ru.gamble.pages.livePages.DayEventsPage - Событие добавилось в купон
 |===> 15:02:47 12.08.19[INFO] ru.gamble.pages.livePages.DayEventsPage - Событие добавилось в купон
 |===> 15:02:48 12.08.19[INFO] ru.gamble.pages.livePages.DayEventsPage - Событие добавилось в купон
    * пользователь (добавляет несколько событий в купон)                                                                                                                       # StepDefs.userActionNoParams(String)
      ru.sbtqa.tag.qautils.errors.AutotestError: stale element reference: element is not attached to the page document
  (Session info: chrome=75.0.3770.100)
  (Driver info: chromedriver=2.43.600210 (68dcf5eebde37173d4027fa8635e332711d2874a),platform=Windows NT 10.0.15063 x86_64) (WARNING: The server did not provide any stacktrace information)
Command duration or timeout: 7 milliseconds
For documentation on this error, please visit: http://seleniumhq.org/exceptions/stale_element_reference.html
Build info: version: 'unknown', revision: 'unknown', time: 'unknown'
System info: host: 'ZAVALIY-T', ip: '192.168.100.2', os.name: 'Windows 10', os.arch: 'amd64', os.version: '10.0', java.version: '1.8.0_172'
Driver info: org.openqa.selenium.chrome.ChromeDriver
Capabilities [{mobileEmulationEnabled=false, hasTouchScreen=false, platform=XP, acceptSslCerts=false, goog:chromeOptions={debuggerAddress=localhost:63336}, acceptInsecureCerts=false, webStorageEnabled=true, browserName=chrome, takesScreenshot=true, javascriptEnabled=true, setWindowRect=true, unexpectedAlertBehaviour=ignore, applicationCacheEnabled=false, rotatable=false, networkConnectionEnabled=false, chrome={chromedriverVersion=2.43.600210 (68dcf5eebde37173d4027fa8635e332711d2874a), userDataDir=C:\Users\T6C14~1.ZAV\AppData\Local\Temp\scoped_dir33168_30229}, takesHeapSnapshot=true, pageLoadStrategy=normal, databaseEnabled=false, handlesAlerts=true, version=75.0.3770.100, browserConnectionEnabled=false, nativeEvents=true, locationContextEnabled=true, cssSelectorsEnabled=true}]
Session ID: 391bd018e8782a8d83cf75470e0f222c
	at ru.sbtqa.tag.pagefactory.aspects.ExceptionAspect.translateException(ExceptionAspect.java:41)
	at ru.sbtqa.tag.pagefactory.Page.executeMethodByTitle(Page.java:896)
	at ru.sbtqa.tag.stepdefs.GenericStepDefs.userActionNoParams_aroundBody14(GenericStepDefs.java:225)
	at ru.sbtqa.tag.stepdefs.GenericStepDefs.userActionNoParams_aroundBody15$advice(GenericStepDefs.java:37)
	at ru.sbtqa.tag.stepdefs.GenericStepDefs.userActionNoParams(GenericStepDefs.java:1)
	at ru.sbtqa.tag.stepdefs.ru.StepDefs.userActionNoParams_aroundBody18(StepDefs.java:95)
	at ru.sbtqa.tag.stepdefs.ru.StepDefs.userActionNoParams_aroundBody19$advice(StepDefs.java:37)
	at ru.sbtqa.tag.stepdefs.ru.StepDefs.userActionNoParams(StepDefs.java:1)
	at ?.пользователь (добавляет несколько событий в купон)(src/test/resources/features/bets-coupon/CouponAcceptChange_C1048.feature:27)
Caused by: ru.sbtqa.tag.pagefactory.exceptions.FactoryRuntimeException: Error while executing action 'добавляет несколько событий в купон' on DayEventsPage . See the caused exception below
	at ru.sbtqa.tag.pagefactory.Page.executeMethodByTitle_aroundBody96(Page.java:905)
	at ru.sbtqa.tag.pagefactory.Page$AjcClosure97.run(Page.java:1)
	at org.aspectj.runtime.reflect.JoinPointImpl.proceed(JoinPointImpl.java:149)
	at ru.sbtqa.tag.pagefactory.aspects.ExceptionAspect.translateException(ExceptionAspect.java:37)
	at ru.sbtqa.tag.pagefactory.Page.executeMethodByTitle(Page.java:896)
	at ru.sbtqa.tag.stepdefs.GenericStepDefs.userActionNoParams_aroundBody14(GenericStepDefs.java:225)
	at ru.sbtqa.tag.stepdefs.GenericStepDefs.userActionNoParams_aroundBody15$advice(GenericStepDefs.java:37)
	at ru.sbtqa.tag.stepdefs.GenericStepDefs.userActionNoParams(GenericStepDefs.java:1)
	at ru.sbtqa.tag.stepdefs.ru.StepDefs.userActionNoParams_aroundBody18(StepDefs.java:95)
	at ru.sbtqa.tag.stepdefs.ru.StepDefs.userActionNoParams_aroundBody19$advice(StepDefs.java:37)
	at ru.sbtqa.tag.stepdefs.ru.StepDefs.userActionNoParams(StepDefs.java:1)
	at sun.reflect.NativeMethodAccessorImpl.invoke0(Native Method)
	at sun.reflect.NativeMethodAccessorImpl.invoke(NativeMethodAccessorImpl.java:62)
	at sun.reflect.DelegatingMethodAccessorImpl.invoke(DelegatingMethodAccessorImpl.java:43)
	at java.lang.reflect.Method.invoke(Method.java:498)
	at cucumber.runtime.Utils$1.call(Utils.java:32)
	at cucumber.runtime.Timeout.timeout(Timeout.java:16)
	at cucumber.runtime.Utils.invoke(Utils.java:26)
	at cucumber.runtime.java.JavaStepDefinition.execute(JavaStepDefinition.java:37)
	at cucumber.runtime.StepDefinitionMatch.runStep(StepDefinitionMatch.java:40)
	at cucumber.api.TestStep.executeStep(TestStep.java:102)
	at cucumber.api.TestStep.run(TestStep.java:83)
	at cucumber.api.TestCase.run(TestCase.java:58)
	at cucumber.runner.Runner.runPickle(Runner.java:80)
	at cucumber.runtime.junit.PickleRunners$NoStepDescriptions.run_aroundBody4(PickleRunners.java:140)
	at cucumber.runtime.junit.PickleRunners$NoStepDescriptions.run_aroundBody5$advice(PickleRunners.java:37)
	at cucumber.runtime.junit.PickleRunners$NoStepDescriptions.run(PickleRunners.java:1)
	at cucumber.runtime.junit.FeatureRunner.runChild_aroundBody10(FeatureRunner.java:68)
	at cucumber.runtime.junit.FeatureRunner.runChild_aroundBody11$advice(FeatureRunner.java:37)
	at cucumber.runtime.junit.FeatureRunner.runChild(FeatureRunner.java:1)
	at cucumber.runtime.junit.FeatureRunner.runChild(FeatureRunner.java:23)
	at org.junit.runners.ParentRunner$3.run(ParentRunner.java:290)
	at org.junit.runners.ParentRunner$1.schedule(ParentRunner.java:71)
	at org.junit.runners.ParentRunner.runChildren(ParentRunner.java:288)
	at org.junit.runners.ParentRunner.access$000(ParentRunner.java:58)
	at org.junit.runners.ParentRunner$2.evaluate(ParentRunner.java:268)
	at org.junit.runners.ParentRunner.run(ParentRunner.java:363)
	at cucumber.runtime.junit.FeatureRunner.run_aroundBody12(FeatureRunner.java:73)
	at cucumber.runtime.junit.FeatureRunner.run_aroundBody13$advice(FeatureRunner.java:37)
	at cucumber.runtime.junit.FeatureRunner.run(FeatureRunner.java:1)
	at cucumber.api.junit.Cucumber.runChild_aroundBody8(Cucumber.java:118)
	at cucumber.api.junit.Cucumber.runChild_aroundBody9$advice(Cucumber.java:37)
	at cucumber.api.junit.Cucumber.runChild(Cucumber.java:1)
	at cucumber.api.junit.Cucumber.runChild(Cucumber.java:56)
	at org.junit.runners.ParentRunner$3.run(ParentRunner.java:290)
	at org.junit.runners.ParentRunner$1.schedule(ParentRunner.java:71)
	at org.junit.runners.ParentRunner.runChildren(ParentRunner.java:288)
	at org.junit.runners.ParentRunner.access$000(ParentRunner.java:58)
	at org.junit.runners.ParentRunner$2.evaluate(ParentRunner.java:268)
	at cucumber.api.junit.Cucumber$1.evaluate_aroundBody0(Cucumber.java:127)
	at cucumber.api.junit.Cucumber$1.evaluate_aroundBody1$advice(Cucumber.java:37)
	at cucumber.api.junit.Cucumber$1.evaluate(Cucumber.java:1)
	at org.junit.internal.runners.statements.RunAfters.evaluate(RunAfters.java:27)
	at org.junit.runners.ParentRunner.run(ParentRunner.java:363)
	at org.apache.maven.surefire.junit4.JUnit4Provider.execute(JUnit4Provider.java:365)
	at org.apache.maven.surefire.junit4.JUnit4Provider.executeWithRerun(JUnit4Provider.java:273)
	at org.apache.maven.surefire.junit4.JUnit4Provider.executeTestSet(JUnit4Provider.java:238)
	at org.apache.maven.surefire.junit4.JUnit4Provider.invoke(JUnit4Provider.java:159)
	at org.apache.maven.surefire.booter.ForkedBooter.invokeProviderInSameClassLoader(ForkedBooter.java:384)
	at org.apache.maven.surefire.booter.ForkedBooter.runSuitesInProcess(ForkedBooter.java:345)
	at org.apache.maven.surefire.booter.ForkedBooter.execute(ForkedBooter.java:126)
	at org.apache.maven.surefire.booter.ForkedBooter.main(ForkedBooter.java:418)
Caused by: org.openqa.selenium.StaleElementReferenceException: stale element reference: element is not attached to the page document
  (Session info: chrome=75.0.3770.100)
  (Driver info: chromedriver=2.43.600210 (68dcf5eebde37173d4027fa8635e332711d2874a),platform=Windows NT 10.0.15063 x86_64) (WARNING: The server did not provide any stacktrace information)
Command duration or timeout: 7 milliseconds
For documentation on this error, please visit: http://seleniumhq.org/exceptions/stale_element_reference.html
Build info: version: 'unknown', revision: 'unknown', time: 'unknown'
System info: host: 'ZAVALIY-T', ip: '192.168.100.2', os.name: 'Windows 10', os.arch: 'amd64', os.version: '10.0', java.version: '1.8.0_172'
Driver info: org.openqa.selenium.chrome.ChromeDriver
Capabilities [{mobileEmulationEnabled=false, hasTouchScreen=false, platform=XP, acceptSslCerts=false, goog:chromeOptions={debuggerAddress=localhost:63336}, acceptInsecureCerts=false, webStorageEnabled=true, browserName=chrome, takesScreenshot=true, javascriptEnabled=true, setWindowRect=true, unexpectedAlertBehaviour=ignore, applicationCacheEnabled=false, rotatable=false, networkConnectionEnabled=false, chrome={chromedriverVersion=2.43.600210 (68dcf5eebde37173d4027fa8635e332711d2874a), userDataDir=C:\Users\T6C14~1.ZAV\AppData\Local\Temp\scoped_dir33168_30229}, takesHeapSnapshot=true, pageLoadStrategy=normal, databaseEnabled=false, handlesAlerts=true, version=75.0.3770.100, browserConnectionEnabled=false, nativeEvents=true, locationContextEnabled=true, cssSelectorsEnabled=true}]
Session ID: 391bd018e8782a8d83cf75470e0f222c
	at sun.reflect.NativeConstructorAccessorImpl.newInstance0(Native Method)
	at sun.reflect.NativeConstructorAccessorImpl.newInstance(NativeConstructorAccessorImpl.java:62)
	at sun.reflect.DelegatingConstructorAccessorImpl.newInstance(DelegatingConstructorAccessorImpl.java:45)
	at java.lang.reflect.Constructor.newInstance(Constructor.java:423)
	at org.openqa.selenium.remote.ErrorHandler.createThrowable(ErrorHandler.java:206)
	at org.openqa.selenium.remote.ErrorHandler.throwIfResponseFailed(ErrorHandler.java:158)
	at org.openqa.selenium.remote.RemoteWebDriver.execute(RemoteWebDriver.java:678)
	at org.openqa.selenium.remote.RemoteWebElement.execute(RemoteWebElement.java:327)
	at org.openqa.selenium.remote.RemoteWebElement.click(RemoteWebElement.java:85)
	at ru.gamble.pages.livePages.DayEventsPage.addEventsToCouponF(DayEventsPage.java:155)
	at ru.gamble.pages.livePages.DayEventsPage.addEventsToCouponF(DayEventsPage.java:145)
	at ru.gamble.pages.livePages.DayEventsPage.addEventsToCoupon(DayEventsPage.java:168)
	at sun.reflect.NativeMethodAccessorImpl.invoke0(Native Method)
	at sun.reflect.NativeMethodAccessorImpl.invoke(NativeMethodAccessorImpl.java:62)
	at sun.reflect.DelegatingMethodAccessorImpl.invoke(DelegatingMethodAccessorImpl.java:43)
	at java.lang.reflect.Method.invoke(Method.java:498)
	at org.apache.commons.lang3.reflect.MethodUtils.invokeMethod(MethodUtils.java:132)
	at org.apache.commons.lang3.reflect.MethodUtils.invokeMethod(MethodUtils.java:97)
	at ru.sbtqa.tag.pagefactory.Page.executeMethodByTitle_aroundBody96(Page.java:902)
	... 61 more

    * пользователь осуществляет переход в "Купон"                                                                                                                              # CommonStepDefs.changeFocusOnPage(String)
    * открывается страница "Купон"                                                                                                                                             # StepDefs.openPage(String)
    * пользователь (устанавливает условие для принятия коэфицентов как 'Никогда')                                                                                              # StepDefs.userActionNoParams(String)
    * пользователь (проверяет, что после изменения условий на 'Никогда' в купоне появляется кнопка 'Принять' и информационное сообщение)                                       # StepDefs.userActionNoParams(String)
    * пользователь (проверяет изменения коэфицентов в купоне при условии 'Повышенные коэфиценты', удаляет из купона все события, кроме событий, у которых повысился коэфицент) # StepDefs.userActionNoParams(String)
 |===> 15:02:49 12.08.19[INFO] ru.gamble.stepdefs.CommonStepDefs - fail? true
 |===> 15:02:49 12.08.19[INFO] ru.gamble.stepdefs.CommonStepDefs - АФТЕРРР
 |===> 15:02:49 12.08.19[INFO] ru.gamble.stepdefs.CommonStepDefs - fail? true
 |===> 15:02:49 12.08.19[INFO] ru.gamble.stepdefs.CommonStepDefs - screenshot!!! 
 |===> 15:02:50 12.08.19[INFO] ru.gamble.stepdefs.CommonStepDefs - Перешли на страницу [https://test-func.gamebet.ru]
 |===> 15:03:13 12.08.19[INFO] ru.gamble.stepdefs.CommonStepDefs - Перешли в прематч и сейчас будет чистить купон
 |===> 15:03:33 12.08.19[INFO] ru.gamble.stepdefs.CommonStepDefs - Очистили купон
 |===> 15:03:34 12.08.19[INFO] ru.sbtqa.tag.stepdefs.SetupSteps - Webdriver sharing is processing...
]]></system-out>
  </testcase>
  <testcase name="Добавление события в купон на странице &quot;События Дня&quot;. Сравнение коэфицента и суммы в купоне, и на банере и на странице. Проверка соответствия вида спорта и событий в нём." classname="3_Ставки" time="150.885"/>
  <testcase name="Проверка ставки супербет." classname="3_Ставки" time="173.986"/>
  <testcase name="Проверка лимитов пополнения." classname="2_Пополнение и вывод" time="109.552"/>
  <testcase name="Проверка лимитов вывода." classname="2_Пополнение и вывод" time="114.894"/>
  <testcase name="Проверка наличия футера на всех страницах сайта. Проверка работы ссылок на соцсети, страницы сайта, на скачивание мобильного приложения. Проверка наличия иконок платежных систем." classname="9_Футер" time="500.887"/>
  <testcase name="&quot;Избранное&quot;. Добавление ставки в купон из &quot;Избранное&quot;" classname="5_Лайв, Прематч и динамическое меню" time="354.784"/>
  <testcase name="Проверка добавления события в &quot;Избранное&quot; со страницы &quot;События Дня&quot;." classname="5_Лайв, Прематч и динамическое меню" time="119.473"/>
  <testcase name="Бургер-меню. Переход по всем разделам." classname="5_Лайв, Прематч и динамическое меню" time="508.504"/>
  <testcase name="Проверка работы фильтров в левом меню Лайв." classname="5_Лайв, Прематч и динамическое меню" time="66.632"/>
  <testcase name="Проверка работы триггеров &quot;Многовыборнsй режим&quot; и &quot;Свернуть всё&quot; левого меню в &quot;Прематч&quot;." classname="5_Лайв, Прематч и динамическое меню" time="190.664"/>
  <testcase name="Избранное. Переход из &quot;Избранное&quot; на игры &quot;Лайв&quot; и &quot;Прематч&quot;." classname="5_Лайв, Прематч и динамическое меню" time="183.583"/>
  <testcase name="Проверка работы мультирынков в &quot;Прематч&quot;." classname="5_Лайв, Прематч и динамическое меню" time="236.767"/>
  <testcase name="Мультимонитор. Проверка что в купоне будет видео для игр с видео. и схема - если игра без видео" classname="5_Лайв, Прематч и динамическое меню" time="161.747">
    <failure type="ru.sbtqa.tag.qautils.errors.AutotestError">ru.sbtqa.tag.qautils.errors.AutotestError
Caused by: ru.sbtqa.tag.pagefactory.exceptions.FactoryRuntimeException: Error while executing action 'добавляет на монитор игру' on MultimonitorPage . See the caused exception below
Caused by: java.lang.NullPointerException
</failure>
    <system-out><![CDATA[
Функционал: 5_Лайв, Прематч и динамическое меню

  @regress @Multiview-video @multi
  Сценарий: Мультимонитор. Проверка что в купоне будет видео для игр с видео. и схема - если игра без видео # src/test/resources/features/live-prematch/Multiview-video.feature:7
 |===> 15:48:45 12.08.19[INFO] ru.gamble.stepdefs.CommonStepDefs - <================START...TEST================>
 |===> 15:48:45 12.08.19[INFO] ru.gamble.stepdefs.CommonStepDefs - NAME: Мультимонитор. Проверка что в купоне будет видео для игр с видео. и схема - если игра без видео
 |===> 15:48:45 12.08.19[INFO] ru.gamble.stepdefs.CommonStepDefs - TAGS: [@Multiview-video, @multi, @regress]
 |===> 15:48:45 12.08.19[INFO] ru.gamble.stepdefs.CommonStepDefs - ID: 7
 |===> 15:48:45 12.08.19[INFO] ru.gamble.stepdefs.CommonStepDefs - Сохранили в память key [MAIN_URL] <== value [https://test-func.gamebet.ru]
 |===> 15:48:45 12.08.19[INFO] ru.sbtqa.tag.stepdefs.SetupSteps - Log4j properties were picked up on the path src/test/resources/config/log4j.properties
 |===> 15:48:45 12.08.19[INFO] org.reflections.Reflections - Reflections took 17 ms to scan 1 urls, producing 4 keys and 126 values 
 |===> 15:48:45 12.08.19[INFO] ru.gamble.stepdefs.CommonStepDefs - Переход на главную страницу
 |===> 15:48:46 12.08.19[INFO] ru.gamble.stepdefs.CommonStepDefs - Перешли на страницу [https://test-func.gamebet.ru]
 |===> 15:48:46 12.08.19[INFO] ru.gamble.stepdefs.CommonStepDefs - Удаляем Cookies
 |===> 15:48:47 12.08.19[INFO] ru.gamble.stepdefs.CommonStepDefs - Ищем наличие кнопки с силуетом пользователя.
 |===> 15:49:07 12.08.19[INFO] ru.gamble.stepdefs.CommonStepDefs - На сайте никто не авторизован
    * разлогиниваем пользователя                                                                            # CommonStepDefs.logOut()
 |===> 15:49:08 12.08.19[INFO] ru.gamble.pages.AbstractPage - Ищем элемент [By.xpath: //div[contains(@class,'main-slider__wrapper')]] на странице::https://test-func.gamebet.ru/
    * открывается страница "Главная страница"                                                               # StepDefs.openPage(String)
 |===> 15:49:28 12.08.19[INFO] ru.gamble.pages.AbstractPage - Нажали на [Вход]
    * пользователь (нажимает кнопку) "Вход"                                                                 # StepDefs.userActionOneParam(String,String)
    * открывается страница "Вход"                                                                           # StepDefs.openPage(String)
 |===> 15:49:28 12.08.19[INFO] ru.gamble.pages.userProfilePages.EnterPage - Будем логиниться через method. Для этого выбираем соответсвующую вкладку на попапе авторизации
 |===> 15:49:28 12.08.19[INFO] ru.gamble.pages.userProfilePages.EnterPage - Выбрали авторизацию через method
 |===> 15:49:28 12.08.19[INFO] ru.gamble.pages.userProfilePages.EnterPage - Будем логиниться через method. Для этого выбираем соответсвующую вкладку на попапе авторизации
 |===> 15:49:28 12.08.19[INFO] ru.gamble.pages.userProfilePages.EnterPage - Выбрали авторизацию через method
 |===> 15:49:29 12.08.19[INFO] ru.gamble.pages.userProfilePages.EnterPage - Водим в поле::chrome-test-shmest@mailinator.com
 |===> 15:49:30 12.08.19[INFO] ru.gamble.pages.userProfilePages.EnterPage - Попытка ввести::chrome-test-shmest@mailinator.com[0]
 |===> 15:49:30 12.08.19[INFO] ru.gamble.pages.userProfilePages.EnterPage - Реально в поле ввелось::chrome-test-shmest@mailinator.com
 |===> 15:49:30 12.08.19[INFO] ru.gamble.pages.userProfilePages.EnterPage - Водим в поле::Acer0808!
 |===> 15:49:30 12.08.19[INFO] ru.gamble.pages.userProfilePages.EnterPage - Ожидаем пока кнопка 'Войти' будет видимой
 |===> 15:49:30 12.08.19[INFO] ru.gamble.pages.userProfilePages.EnterPage - Нажимаем на кнопку 'Войти'
 |===> 15:49:30 12.08.19[INFO] ru.gamble.pages.userProfilePages.EnterPage - Попытка ввеcти::0
 |===> 15:50:00 12.08.19[INFO] ru.gamble.pages.AbstractPage - Окно 'Перейти в ЦУПИС' не появилось
    * пользователь (логинится с) данными                                                                    # StepDefs.userActionTableParam(String,DataTable)
 |===> 15:50:11 12.08.19[INFO] ru.gamble.pages.AbstractPage - Окно 'Перейти в ЦУПИС' не появилось
    * (закрываем окно 'Перейти в ЦУПИС' если выскочит)                                                      # StepDefs.userActionNoParams(String)
 |===> 15:50:11 12.08.19[INFO] ru.gamble.pages.AbstractPage - Ищем элемент [Page Title] на странице::https://test-func.gamebet.ru/?refresh=1
    * открывается страница "Авторизованная Главная страница"                                                # StepDefs.openPage(String)
    * очищаем избранное                                                                                     # CommonStepDefs.clearFavourite()
 |===> 15:50:33 12.08.19[INFO] ru.gamble.pages.AbstractPage - Нажали на [Бургер]
    * пользователь (нажимает кнопку) "Бургер"                                                               # StepDefs.userActionOneParam(String,String)
    * открывается страница "Бургер"                                                                         # StepDefs.openPage(String)
 |===> 15:50:33 12.08.19[INFO] ru.gamble.stepdefs.CommonStepDefs - Найдено прелоадеров [1]
 |===> 15:50:34 12.08.19[INFO] ru.gamble.stepdefs.CommonStepDefs - Прелоадеры закрылись
 |===> 15:50:34 12.08.19[INFO] ru.gamble.pages.AbstractPage - Нажали на [Мультимонитор]
    * пользователь (нажимает кнопку) "Мультимонитор"                                                        # StepDefs.userActionOneParam(String,String)
    * открывается страница "Мультимонитор"                                                                  # StepDefs.openPage(String)
 |===> 15:50:44 12.08.19[INFO] ru.gamble.pages.livePages.MultimonitorPage - сейчас открыто 0 мониторов
    * пользователь (закрываем все мониторы)                                                                 # StepDefs.userActionNoParams(String)
 |===> 15:50:55 12.08.19[INFO] ru.gamble.pages.livePages.VewingEventsPage - Сворачиваем все виды спорта
 |===> 15:50:55 12.08.19[INFO] ru.gamble.pages.livePages.VewingEventsPage - Выставлем фильтр по видео на true
 |===> 15:51:26 12.08.19[INFO] ru.gamble.pages.livePages.MultimonitorPage - Сейчас в мультимониторе 0 игр
    * пользователь (добавляет на монитор игру) "с видео" "withVideo"                                        # StepDefs.userActionTwoParams(String,String,String)
      ru.sbtqa.tag.qautils.errors.AutotestError
	at ru.sbtqa.tag.pagefactory.aspects.ExceptionAspect.translateException(ExceptionAspect.java:41)
	at ru.sbtqa.tag.pagefactory.Page.executeMethodByTitle(Page.java:896)
	at ru.sbtqa.tag.stepdefs.GenericStepDefs.userActionTwoParams_aroundBody18(GenericStepDefs.java:250)
	at ru.sbtqa.tag.stepdefs.GenericStepDefs.userActionTwoParams_aroundBody19$advice(GenericStepDefs.java:37)
	at ru.sbtqa.tag.stepdefs.GenericStepDefs.userActionTwoParams(GenericStepDefs.java:1)
	at ru.sbtqa.tag.stepdefs.ru.StepDefs.userActionTwoParams_aroundBody22(StepDefs.java:113)
	at ru.sbtqa.tag.stepdefs.ru.StepDefs.userActionTwoParams_aroundBody23$advice(StepDefs.java:37)
	at ru.sbtqa.tag.stepdefs.ru.StepDefs.userActionTwoParams(StepDefs.java:1)
	at ?.пользователь (добавляет на монитор игру) "с видео" "withVideo"(src/test/resources/features/live-prematch/Multiview-video.feature:30)
Caused by: ru.sbtqa.tag.pagefactory.exceptions.FactoryRuntimeException: Error while executing action 'добавляет на монитор игру' on MultimonitorPage . See the caused exception below
	at ru.sbtqa.tag.pagefactory.Page.executeMethodByTitle_aroundBody96(Page.java:905)
	at ru.sbtqa.tag.pagefactory.Page$AjcClosure97.run(Page.java:1)
	at org.aspectj.runtime.reflect.JoinPointImpl.proceed(JoinPointImpl.java:149)
	at ru.sbtqa.tag.pagefactory.aspects.ExceptionAspect.translateException(ExceptionAspect.java:37)
	at ru.sbtqa.tag.pagefactory.Page.executeMethodByTitle(Page.java:896)
	at ru.sbtqa.tag.stepdefs.GenericStepDefs.userActionTwoParams_aroundBody18(GenericStepDefs.java:250)
	at ru.sbtqa.tag.stepdefs.GenericStepDefs.userActionTwoParams_aroundBody19$advice(GenericStepDefs.java:37)
	at ru.sbtqa.tag.stepdefs.GenericStepDefs.userActionTwoParams(GenericStepDefs.java:1)
	at ru.sbtqa.tag.stepdefs.ru.StepDefs.userActionTwoParams_aroundBody22(StepDefs.java:113)
	at ru.sbtqa.tag.stepdefs.ru.StepDefs.userActionTwoParams_aroundBody23$advice(StepDefs.java:37)
	at ru.sbtqa.tag.stepdefs.ru.StepDefs.userActionTwoParams(StepDefs.java:1)
	at sun.reflect.NativeMethodAccessorImpl.invoke0(Native Method)
	at sun.reflect.NativeMethodAccessorImpl.invoke(NativeMethodAccessorImpl.java:62)
	at sun.reflect.DelegatingMethodAccessorImpl.invoke(DelegatingMethodAccessorImpl.java:43)
	at java.lang.reflect.Method.invoke(Method.java:498)
	at cucumber.runtime.Utils$1.call(Utils.java:32)
	at cucumber.runtime.Timeout.timeout(Timeout.java:16)
	at cucumber.runtime.Utils.invoke(Utils.java:26)
	at cucumber.runtime.java.JavaStepDefinition.execute(JavaStepDefinition.java:37)
	at cucumber.runtime.StepDefinitionMatch.runStep(StepDefinitionMatch.java:40)
	at cucumber.api.TestStep.executeStep(TestStep.java:102)
	at cucumber.api.TestStep.run(TestStep.java:83)
	at cucumber.api.TestCase.run(TestCase.java:58)
	at cucumber.runner.Runner.runPickle(Runner.java:80)
	at cucumber.runtime.junit.PickleRunners$NoStepDescriptions.run_aroundBody4(PickleRunners.java:140)
	at cucumber.runtime.junit.PickleRunners$NoStepDescriptions.run_aroundBody5$advice(PickleRunners.java:37)
	at cucumber.runtime.junit.PickleRunners$NoStepDescriptions.run(PickleRunners.java:1)
	at cucumber.runtime.junit.FeatureRunner.runChild_aroundBody10(FeatureRunner.java:68)
	at cucumber.runtime.junit.FeatureRunner.runChild_aroundBody11$advice(FeatureRunner.java:37)
	at cucumber.runtime.junit.FeatureRunner.runChild(FeatureRunner.java:1)
	at cucumber.runtime.junit.FeatureRunner.runChild(FeatureRunner.java:23)
	at org.junit.runners.ParentRunner$3.run(ParentRunner.java:290)
	at org.junit.runners.ParentRunner$1.schedule(ParentRunner.java:71)
	at org.junit.runners.ParentRunner.runChildren(ParentRunner.java:288)
	at org.junit.runners.ParentRunner.access$000(ParentRunner.java:58)
	at org.junit.runners.ParentRunner$2.evaluate(ParentRunner.java:268)
	at org.junit.runners.ParentRunner.run(ParentRunner.java:363)
	at cucumber.runtime.junit.FeatureRunner.run_aroundBody12(FeatureRunner.java:73)
	at cucumber.runtime.junit.FeatureRunner.run_aroundBody13$advice(FeatureRunner.java:37)
	at cucumber.runtime.junit.FeatureRunner.run(FeatureRunner.java:1)
	at cucumber.api.junit.Cucumber.runChild_aroundBody8(Cucumber.java:118)
	at cucumber.api.junit.Cucumber.runChild_aroundBody9$advice(Cucumber.java:37)
	at cucumber.api.junit.Cucumber.runChild(Cucumber.java:1)
	at cucumber.api.junit.Cucumber.runChild(Cucumber.java:56)
	at org.junit.runners.ParentRunner$3.run(ParentRunner.java:290)
	at org.junit.runners.ParentRunner$1.schedule(ParentRunner.java:71)
	at org.junit.runners.ParentRunner.runChildren(ParentRunner.java:288)
	at org.junit.runners.ParentRunner.access$000(ParentRunner.java:58)
	at org.junit.runners.ParentRunner$2.evaluate(ParentRunner.java:268)
	at cucumber.api.junit.Cucumber$1.evaluate_aroundBody0(Cucumber.java:127)
	at cucumber.api.junit.Cucumber$1.evaluate_aroundBody1$advice(Cucumber.java:37)
	at cucumber.api.junit.Cucumber$1.evaluate(Cucumber.java:1)
	at org.junit.internal.runners.statements.RunAfters.evaluate(RunAfters.java:27)
	at org.junit.runners.ParentRunner.run(ParentRunner.java:363)
	at org.apache.maven.surefire.junit4.JUnit4Provider.execute(JUnit4Provider.java:365)
	at org.apache.maven.surefire.junit4.JUnit4Provider.executeWithRerun(JUnit4Provider.java:273)
	at org.apache.maven.surefire.junit4.JUnit4Provider.executeTestSet(JUnit4Provider.java:238)
	at org.apache.maven.surefire.junit4.JUnit4Provider.invoke(JUnit4Provider.java:159)
	at org.apache.maven.surefire.booter.ForkedBooter.invokeProviderInSameClassLoader(ForkedBooter.java:384)
	at org.apache.maven.surefire.booter.ForkedBooter.runSuitesInProcess(ForkedBooter.java:345)
	at org.apache.maven.surefire.booter.ForkedBooter.execute(ForkedBooter.java:126)
	at org.apache.maven.surefire.booter.ForkedBooter.main(ForkedBooter.java:418)
Caused by: java.lang.NullPointerException
	at ru.gamble.pages.livePages.MultimonitorPage.addGameWithVideo(MultimonitorPage.java:131)
	at sun.reflect.NativeMethodAccessorImpl.invoke0(Native Method)
	at sun.reflect.NativeMethodAccessorImpl.invoke(NativeMethodAccessorImpl.java:62)
	at sun.reflect.DelegatingMethodAccessorImpl.invoke(DelegatingMethodAccessorImpl.java:43)
	at java.lang.reflect.Method.invoke(Method.java:498)
	at org.apache.commons.lang3.reflect.MethodUtils.invokeMethod(MethodUtils.java:132)
	at org.apache.commons.lang3.reflect.MethodUtils.invokeMethod(MethodUtils.java:97)
	at ru.sbtqa.tag.pagefactory.Page.executeMethodByTitle_aroundBody96(Page.java:902)
	... 61 more

    * пользователь (добавляет на монитор игру) "без видео" "withoutVideo"                                   # StepDefs.userActionTwoParams(String,String,String)
    * пользователь (щелкает на монитор игры) "withVideo"                                                    # StepDefs.userActionOneParam(String,String)
    * пользователь (проверяет что в купоне вкладка с видео) "есть"                                          # StepDefs.userActionOneParam(String,String)
    * пользователь (щелкает на монитор игры) "withoutVideo"                                                 # StepDefs.userActionOneParam(String,String)
    * пользователь (проверяет что в купоне вкладка с видео) "нет"                                           # StepDefs.userActionOneParam(String,String)
 |===> 15:51:26 12.08.19[INFO] ru.gamble.stepdefs.CommonStepDefs - fail? true
 |===> 15:51:26 12.08.19[INFO] ru.gamble.stepdefs.CommonStepDefs - АФТЕРРР
 |===> 15:51:26 12.08.19[INFO] ru.sbtqa.tag.stepdefs.SetupSteps - Webdriver sharing is processing...
]]></system-out>
  </testcase>
  <testcase name="Мультимонитор. Проверка добавления нового монитора из игр избранного(прематч и лайв)" classname="5_Лайв, Прематч и динамическое меню" time="229.214"/>
  <testcase name="Мультимонитор. Проверка что игра подсвечивает в ЛМ и что максимальное число мониторов = 6" classname="5_Лайв, Прематч и динамическое меню" time="146.707"/>
  <testcase name="Проверка работы поиска в левом меню." classname="5_Лайв, Прематч и динамическое меню" time="187.482"/>
  <testcase name="Проверка работы триггера &quot;Фильтр по времени&quot; левого меню в &quot;Прематче&quot;." classname="5_Лайв, Прематч и динамическое меню" time="204.485"/>
  <testcase name="Проверка работы раздела &quot;Нулевая маржа&quot;. Проверка того, что значки соответвтуют играм и ставка на событие из нулевой маржи." classname="5_Лайв, Прематч и динамическое меню" time="4.592">
    <failure message="Ошибка! По WSS получили[{}]" type="ru.sbtqa.tag.qautils.errors.AutotestError">ru.sbtqa.tag.qautils.errors.AutotestError: Ошибка! По WSS получили[{}]
</failure>
    <system-out><![CDATA[
Функционал: 5_Лайв, Прематч и динамическое меню

  Предыстория:                                                       # src/test/resources/features/live-prematch/ZeroMargin.feature:3
 |===> 16:04:14 12.08.19[INFO] ru.gamble.stepdefs.CommonStepDefs - <================START...TEST================>
 |===> 16:04:14 12.08.19[INFO] ru.gamble.stepdefs.CommonStepDefs - NAME: Проверка работы раздела "Нулевая маржа". Проверка того, что значки соответвтуют играм и ставка на событие из нулевой маржи.
 |===> 16:04:14 12.08.19[INFO] ru.gamble.stepdefs.CommonStepDefs - TAGS: [@regress, @ZeroMargin]
 |===> 16:04:14 12.08.19[INFO] ru.gamble.stepdefs.CommonStepDefs - ID: 12
 |===> 16:04:14 12.08.19[INFO] ru.gamble.stepdefs.CommonStepDefs - Сохранили в память key [MAIN_URL] <== value [https://test-func.gamebet.ru]
 |===> 16:04:14 12.08.19[INFO] ru.sbtqa.tag.stepdefs.SetupSteps - Log4j properties were picked up on the path src/test/resources/config/log4j.properties
 |===> 16:04:14 12.08.19[INFO] org.reflections.Reflections - Reflections took 17 ms to scan 1 urls, producing 4 keys and 126 values 
 |===> 16:04:14 12.08.19[INFO] ru.gamble.stepdefs.CommonStepDefs - key::[WS_SWARM] value::[wss://swarm-func.betfavorit.cf:8443/]
    * сохраняем в память                                             # CommonStepDefs.saveValueToKey(DataTable)
 |===> 16:04:18 12.08.19[INFO] ru.gamble.stepdefs.CommonStepDefs - {"code":0,"data":{"subid":"0EA94FFB60D1344E9D2A4CBFF9B1E1B0","data":{"sport":{}}},"rid":"42-44-330-1554802387010-22"}
    * запрос к WSS для нулевой маржи "WS_SWARM" и сохраняем в "RES": # CommonStepDefs.requestByWSSAndSaveTest(String,String)
      ru.sbtqa.tag.qautils.errors.AutotestError: Ошибка! По WSS получили[{}]
	at ru.gamble.stepdefs.CommonStepDefs.requestToWSSTest(CommonStepDefs.java:2514)
	at ru.gamble.stepdefs.CommonStepDefs.requestByWSSAndSaveTest(CommonStepDefs.java:2485)
	at ?.запрос к WSS для нулевой маржи "WS_SWARM" и сохраняем в "RES":(src/test/resources/features/live-prematch/ZeroMargin.feature:8)


  @regress @ZeroMargin
  Сценарий: Проверка работы раздела "Нулевая маржа". Проверка того, что значки соответвтуют играм и ставка на событие из нулевой маржи. # src/test/resources/features/live-prematch/ZeroMargin.feature:12
    * разлогиниваем пользователя                                                                                                        # CommonStepDefs.logOut()
    * открывается страница "Главная страница"                                                                                           # StepDefs.openPage(String)
    * пользователь (нажимает кнопку) "Вход"                                                                                             # StepDefs.userActionOneParam(String,String)
    * открывается страница "Вход"                                                                                                       # StepDefs.openPage(String)
    * пользователь (логинится с) данными                                                                                                # StepDefs.userActionTableParam(String,DataTable)
    * открывается страница "Авторизованная Главная страница"                                                                            # StepDefs.openPage(String)
    * пользователь (запоминает значение баланса) "в рублях"                                                                             # StepDefs.userActionOneParam(String,String)
    * пользователь (нажимает кнопку) "Прематч"                                                                                          # StepDefs.userActionOneParam(String,String)
    * открывается страница "Просмотр событий"                                                                                           # StepDefs.openPage(String)
    * пользователь (проверяет нулевую маржу)                                                                                            # StepDefs.userActionNoParams(String)
    * пользователь (сравниваем количество игр по wss и в Прематче)                                                                      # StepDefs.userActionNoParams(String)
    * пользователь (добавляем рандомное событие из Нулевой маржи)                                                                       # StepDefs.userActionNoParams(String)
    * пользователь осуществляет переход в "Купон"                                                                                       # CommonStepDefs.changeFocusOnPage(String)
    * открывается страница "Купон"                                                                                                      # StepDefs.openPage(String)
    * пользователь (выбирает тип ставки) "Ординар"                                                                                      # StepDefs.userActionOneParam(String,String)
    * пользователь (вводит сумму одной ставки Ординар) "1"                                                                              # StepDefs.userActionOneParam(String,String)
    * пользователь (заключает пари)                                                                                                     # StepDefs.userActionNoParams(String)
    * пользователь (проверяет изменение баланса) "рублей"                                                                               # StepDefs.userActionOneParam(String,String)
 |===> 16:04:18 12.08.19[INFO] ru.gamble.stepdefs.CommonStepDefs - fail? true
 |===> 16:04:18 12.08.19[INFO] ru.gamble.stepdefs.CommonStepDefs - АФТЕРРР
 |===> 16:04:19 12.08.19[INFO] ru.sbtqa.tag.stepdefs.SetupSteps - Webdriver sharing is processing...
]]></system-out>
  </testcase>
  <testcase name="Главная страница. Проверка пролистывания баннеров на главном слайдере." classname="4_Главная страница" time="23.309">
    <failure message="Ошибка! Что-то не так в запросе, проверьте руками [SELECT delay FROM gamebet.`bannerslider` WHERE NAME=&apos;slider_desktop_index_main_default&apos;]" type="ru.sbtqa.tag.qautils.errors.AutotestError">ru.sbtqa.tag.qautils.errors.AutotestError: Ошибка! Что-то не так в запросе, проверьте руками [SELECT delay FROM gamebet.`bannerslider` WHERE NAME='slider_desktop_index_main_default']
</failure>
    <system-out><![CDATA[
Функционал: 4_Главная страница

  @regress @BannerOnMain_C1041
  Сценарий: Главная страница. Проверка пролистывания баннеров на главном слайдере. # src/test/resources/features/main-page/BannerOnMain_C1041.feature:6
 |===> 16:04:19 12.08.19[INFO] ru.gamble.stepdefs.CommonStepDefs - <================START...TEST================>
 |===> 16:04:19 12.08.19[INFO] ru.gamble.stepdefs.CommonStepDefs - NAME: Главная страница. Проверка пролистывания баннеров на главном слайдере.
 |===> 16:04:19 12.08.19[INFO] ru.gamble.stepdefs.CommonStepDefs - TAGS: [@regress, @BannerOnMain_C1041]
 |===> 16:04:19 12.08.19[INFO] ru.gamble.stepdefs.CommonStepDefs - ID: 10416
 |===> 16:04:19 12.08.19[INFO] ru.gamble.stepdefs.CommonStepDefs - Сохранили в память key [MAIN_URL] <== value [https://test-func.gamebet.ru]
 |===> 16:04:19 12.08.19[INFO] ru.sbtqa.tag.stepdefs.SetupSteps - Log4j properties were picked up on the path src/test/resources/config/log4j.properties
 |===> 16:04:19 12.08.19[INFO] org.reflections.Reflections - Reflections took 21 ms to scan 1 urls, producing 4 keys and 126 values 
 |===> 16:04:19 12.08.19[INFO] ru.gamble.stepdefs.CommonStepDefs - Переход на главную страницу
 |===> 16:04:21 12.08.19[INFO] ru.gamble.stepdefs.CommonStepDefs - Перешли на страницу [https://test-func.gamebet.ru]
 |===> 16:04:21 12.08.19[INFO] ru.gamble.stepdefs.CommonStepDefs - Удаляем Cookies
 |===> 16:04:21 12.08.19[INFO] ru.gamble.stepdefs.CommonStepDefs - Ищем наличие кнопки с силуетом пользователя.
 |===> 16:04:42 12.08.19[INFO] ru.gamble.stepdefs.CommonStepDefs - На сайте никто не авторизован
    * разлогиниваем пользователя                                                   # CommonStepDefs.logOut()
 |===> 16:04:42 12.08.19[INFO] ru.gamble.stepdefs.CommonStepDefs - SQL-request [649]
 |===> 16:04:42 12.08.19[INFO] ru.gamble.stepdefs.CommonStepDefs - Нашли и запомнинил ID баннера
 |===> 16:04:42 12.08.19[INFO] ru.gamble.stepdefs.CommonStepDefs - Добавлен в автивные simple баннер с id = 649
    * включает симпл-баннер                                                        # CommonStepDefs.onSimpleBanner()
    * смотрим какое время обновления баннера "DELAY"                               # CommonStepDefs.delayGromBanner(String)
      ru.sbtqa.tag.qautils.errors.AutotestError: Ошибка! Что-то не так в запросе, проверьте руками [SELECT delay FROM gamebet.`bannerslider` WHERE NAME='slider_desktop_index_main_default']
	at ru.gamble.stepdefs.CommonStepDefs.workWithDBgetResult(CommonStepDefs.java:962)
	at ru.gamble.stepdefs.CommonStepDefs.workWithDBgetResult(CommonStepDefs.java:939)
	at ru.gamble.stepdefs.CommonStepDefs.delayGromBanner(CommonStepDefs.java:2212)
	at ?.смотрим какое время обновления баннера "DELAY"(src/test/resources/features/main-page/BannerOnMain_C1041.feature:11)

    * переходит на главную страницу                                                # CommonStepDefs.goToMainPage()
    * открывается страница "Главная страница"                                      # StepDefs.openPage(String)
    * обновляем страницу                                                           # StepDefs.reInitPage()
    * открывается страница "Главный Баннер"                                        # StepDefs.openPage(String)
    * пользователь (запоминает состояние главного баннера)                         # StepDefs.userActionNoParams(String)
    * пользователь (ждет некоторое время) "DELAY"                                  # StepDefs.userActionOneParam(String,String)
    * пользователь (сравнивает текущее состояние баннера со старым)                # StepDefs.userActionNoParams(String)
 |===> 16:04:42 12.08.19[INFO] ru.gamble.stepdefs.CommonStepDefs - fail? true
 |===> 16:04:42 12.08.19[INFO] ru.gamble.stepdefs.CommonStepDefs - АФТЕРРР
 |===> 16:04:42 12.08.19[INFO] ru.sbtqa.tag.stepdefs.SetupSteps - Webdriver sharing is processing...
]]></system-out>
    <system-err><![CDATA[java.sql.SQLException: Illegal operation on empty result set.
	at com.mysql.jdbc.SQLError.createSQLException(SQLError.java:1055)
	at com.mysql.jdbc.SQLError.createSQLException(SQLError.java:956)
	at com.mysql.jdbc.SQLError.createSQLException(SQLError.java:926)
	at com.mysql.jdbc.ResultSetImpl.checkRowPos(ResultSetImpl.java:815)
	at com.mysql.jdbc.ResultSetImpl.getStringInternal(ResultSetImpl.java:5528)
	at com.mysql.jdbc.ResultSetImpl.getString(ResultSetImpl.java:5448)
	at com.mysql.jdbc.ResultSetImpl.getString(ResultSetImpl.java:5488)
	at ru.gamble.stepdefs.CommonStepDefs.workWithDBgetResult(CommonStepDefs.java:954)
	at ru.gamble.stepdefs.CommonStepDefs.workWithDBgetResult(CommonStepDefs.java:939)
	at ru.gamble.stepdefs.CommonStepDefs.delayGromBanner(CommonStepDefs.java:2212)
	at sun.reflect.NativeMethodAccessorImpl.invoke0(Native Method)
	at sun.reflect.NativeMethodAccessorImpl.invoke(NativeMethodAccessorImpl.java:62)
	at sun.reflect.DelegatingMethodAccessorImpl.invoke(DelegatingMethodAccessorImpl.java:43)
	at java.lang.reflect.Method.invoke(Method.java:498)
	at cucumber.runtime.Utils$1.call(Utils.java:32)
	at cucumber.runtime.Timeout.timeout(Timeout.java:16)
	at cucumber.runtime.Utils.invoke(Utils.java:26)
	at cucumber.runtime.java.JavaStepDefinition.execute(JavaStepDefinition.java:37)
	at cucumber.runtime.StepDefinitionMatch.runStep(StepDefinitionMatch.java:40)
	at cucumber.api.TestStep.executeStep(TestStep.java:102)
	at cucumber.api.TestStep.run(TestStep.java:83)
	at cucumber.api.TestCase.run(TestCase.java:58)
	at cucumber.runner.Runner.runPickle(Runner.java:80)
	at cucumber.runtime.junit.PickleRunners$NoStepDescriptions.run_aroundBody4(PickleRunners.java:140)
	at cucumber.runtime.junit.PickleRunners$NoStepDescriptions.run_aroundBody5$advice(PickleRunners.java:37)
	at cucumber.runtime.junit.PickleRunners$NoStepDescriptions.run(PickleRunners.java:1)
	at cucumber.runtime.junit.FeatureRunner.runChild_aroundBody10(FeatureRunner.java:68)
	at cucumber.runtime.junit.FeatureRunner.runChild_aroundBody11$advice(FeatureRunner.java:37)
	at cucumber.runtime.junit.FeatureRunner.runChild(FeatureRunner.java:1)
	at cucumber.runtime.junit.FeatureRunner.runChild(FeatureRunner.java:23)
	at org.junit.runners.ParentRunner$3.run(ParentRunner.java:290)
	at org.junit.runners.ParentRunner$1.schedule(ParentRunner.java:71)
	at org.junit.runners.ParentRunner.runChildren(ParentRunner.java:288)
	at org.junit.runners.ParentRunner.access$000(ParentRunner.java:58)
	at org.junit.runners.ParentRunner$2.evaluate(ParentRunner.java:268)
	at org.junit.runners.ParentRunner.run(ParentRunner.java:363)
	at cucumber.runtime.junit.FeatureRunner.run_aroundBody12(FeatureRunner.java:73)
	at cucumber.runtime.junit.FeatureRunner.run_aroundBody13$advice(FeatureRunner.java:37)
	at cucumber.runtime.junit.FeatureRunner.run(FeatureRunner.java:1)
	at cucumber.api.junit.Cucumber.runChild_aroundBody8(Cucumber.java:118)
	at cucumber.api.junit.Cucumber.runChild_aroundBody9$advice(Cucumber.java:37)
	at cucumber.api.junit.Cucumber.runChild(Cucumber.java:1)
	at cucumber.api.junit.Cucumber.runChild(Cucumber.java:56)
	at org.junit.runners.ParentRunner$3.run(ParentRunner.java:290)
	at org.junit.runners.ParentRunner$1.schedule(ParentRunner.java:71)
	at org.junit.runners.ParentRunner.runChildren(ParentRunner.java:288)
	at org.junit.runners.ParentRunner.access$000(ParentRunner.java:58)
	at org.junit.runners.ParentRunner$2.evaluate(ParentRunner.java:268)
	at cucumber.api.junit.Cucumber$1.evaluate_aroundBody0(Cucumber.java:127)
	at cucumber.api.junit.Cucumber$1.evaluate_aroundBody1$advice(Cucumber.java:37)
	at cucumber.api.junit.Cucumber$1.evaluate(Cucumber.java:1)
	at org.junit.internal.runners.statements.RunAfters.evaluate(RunAfters.java:27)
	at org.junit.runners.ParentRunner.run(ParentRunner.java:363)
	at org.apache.maven.surefire.junit4.JUnit4Provider.execute(JUnit4Provider.java:365)
	at org.apache.maven.surefire.junit4.JUnit4Provider.executeWithRerun(JUnit4Provider.java:273)
	at org.apache.maven.surefire.junit4.JUnit4Provider.executeTestSet(JUnit4Provider.java:238)
	at org.apache.maven.surefire.junit4.JUnit4Provider.invoke(JUnit4Provider.java:159)
	at org.apache.maven.surefire.booter.ForkedBooter.invokeProviderInSameClassLoader(ForkedBooter.java:384)
	at org.apache.maven.surefire.booter.ForkedBooter.runSuitesInProcess(ForkedBooter.java:345)
	at org.apache.maven.surefire.booter.ForkedBooter.execute(ForkedBooter.java:126)
	at org.apache.maven.surefire.booter.ForkedBooter.main(ForkedBooter.java:418)
]]></system-err>
  </testcase>
  <testcase name="Главная страница. Проверка перехода на игру с главного баннера." classname="4_Главная страница" time="97.349"/>
  <testcase name="Главная страница. Добавление ставки в купон с виджета &quot;Горячие ставки&quot;." classname="4_Главная страница" time="115.392"/>
  <testcase name="Горячие ставки. Проверка перелистывания вкладок спорта на виджете." classname="4_Главная страница" time="43.776"/>
  <testcase name="Главная страница. Добавление ставки в купон с виджета &quot;Ближайшие трансляции&quot;." classname="4_Главная страница" time="104.616"/>
  <testcase name="Главная страница. Переход на игру с виджета &quot;Ближайшие трансляции&quot;." classname="4_Главная страница" time="91.012"/>
  <testcase name="Проверка работы виджета Ближайшие трансляции." classname="4_Главная страница" time="32.907"/>
  <testcase name="Проверка блока преимуществ на главной странице." classname="4_Главная страница" time="103.517"/>
  <testcase name="Проверка смены EMAIL через EMAIL" classname="изменение базовых параметров через личный кабинет" time="256.533">
    <error message="Failed to initialize page &apos;class ru.gamble.pages.userProfilePages.ProfilePage&apos;" type="ru.sbtqa.tag.pagefactory.exceptions.PageInitializationException">ru.sbtqa.tag.pagefactory.exceptions.PageInitializationException: Failed to initialize page 'class ru.gamble.pages.userProfilePages.ProfilePage'
Caused by: java.lang.reflect.InvocationTargetException
Caused by: org.openqa.selenium.TimeoutException: 
Timed out after 10 seconds waiting for visibility of Tab Wraper
Build info: version: 'unknown', revision: 'unknown', time: 'unknown'
System info: host: 'ZAVALIY-T', ip: '192.168.100.2', os.name: 'Windows 10', os.arch: 'amd64', os.version: '10.0', java.version: '1.8.0_172'
Driver info: org.openqa.selenium.chrome.ChromeDriver
Capabilities [{mobileEmulationEnabled=false, hasTouchScreen=false, platform=XP, acceptSslCerts=false, goog:chromeOptions={debuggerAddress=localhost:63336}, acceptInsecureCerts=false, webStorageEnabled=true, browserName=chrome, takesScreenshot=true, javascriptEnabled=true, setWindowRect=true, unexpectedAlertBehaviour=ignore, applicationCacheEnabled=false, rotatable=false, networkConnectionEnabled=false, chrome={chromedriverVersion=2.43.600210 (68dcf5eebde37173d4027fa8635e332711d2874a), userDataDir=C:\Users\T6C14~1.ZAV\AppData\Local\Temp\scoped_dir33168_30229}, takesHeapSnapshot=true, pageLoadStrategy=normal, databaseEnabled=false, handlesAlerts=true, version=75.0.3770.100, browserConnectionEnabled=false, nativeEvents=true, locationContextEnabled=true, cssSelectorsEnabled=true}]
Session ID: 391bd018e8782a8d83cf75470e0f222c
Caused by: org.openqa.selenium.NoSuchElementException: 
Timed out after 5 seconds. Unable to locate the element
For documentation on this error, please visit: http://seleniumhq.org/exceptions/no_such_element.html
Build info: version: 'unknown', revision: 'unknown', time: 'unknown'
System info: host: 'ZAVALIY-T', ip: '192.168.100.2', os.name: 'Windows 10', os.arch: 'amd64', os.version: '10.0', java.version: '1.8.0_172'
Driver info: driver.version: unknown
Caused by: org.openqa.selenium.NoSuchElementException: 
no such element: Unable to locate element: {"method":"xpath","selector":"//div[@class='user-profile__tab-wraper']"}
  (Session info: chrome=75.0.3770.100)
  (Driver info: chromedriver=2.43.600210 (68dcf5eebde37173d4027fa8635e332711d2874a),platform=Windows NT 10.0.15063 x86_64) (WARNING: The server did not provide any stacktrace information)
Command duration or timeout: 10.02 seconds
For documentation on this error, please visit: http://seleniumhq.org/exceptions/no_such_element.html
Build info: version: 'unknown', revision: 'unknown', time: 'unknown'
System info: host: 'ZAVALIY-T', ip: '192.168.100.2', os.name: 'Windows 10', os.arch: 'amd64', os.version: '10.0', java.version: '1.8.0_172'
Driver info: org.openqa.selenium.chrome.ChromeDriver
Capabilities [{mobileEmulationEnabled=false, hasTouchScreen=false, platform=XP, acceptSslCerts=false, goog:chromeOptions={debuggerAddress=localhost:63336}, acceptInsecureCerts=false, webStorageEnabled=true, browserName=chrome, takesScreenshot=true, javascriptEnabled=true, setWindowRect=true, unexpectedAlertBehaviour=ignore, applicationCacheEnabled=false, rotatable=false, networkConnectionEnabled=false, chrome={chromedriverVersion=2.43.600210 (68dcf5eebde37173d4027fa8635e332711d2874a), userDataDir=C:\Users\T6C14~1.ZAV\AppData\Local\Temp\scoped_dir33168_30229}, takesHeapSnapshot=true, pageLoadStrategy=normal, databaseEnabled=false, handlesAlerts=true, version=75.0.3770.100, browserConnectionEnabled=false, nativeEvents=true, locationContextEnabled=true, cssSelectorsEnabled=true}]
Session ID: 391bd018e8782a8d83cf75470e0f222c
*** Element info: {Using=xpath, value=//div[@class='user-profile__tab-wraper']}
</error>
    <system-out><![CDATA[
Функционал: изменение базовых параметров через личный кабинет

  Предыстория:                                                        # src/test/resources/features/others/ChangeBasicParameter.feature:3
 |===> 16:14:31 12.08.19[INFO] ru.gamble.stepdefs.CommonStepDefs - <================START...TEST================>
 |===> 16:14:31 12.08.19[INFO] ru.gamble.stepdefs.CommonStepDefs - NAME: Проверка смены EMAIL через EMAIL
 |===> 16:14:31 12.08.19[INFO] ru.gamble.stepdefs.CommonStepDefs - TAGS: [@ChangeBasicParameter, @regress]
 |===> 16:14:31 12.08.19[INFO] ru.gamble.stepdefs.CommonStepDefs - ID: 38
 |===> 16:14:31 12.08.19[INFO] ru.gamble.stepdefs.CommonStepDefs - Сохранили в память key [MAIN_URL] <== value [https://test-func.gamebet.ru]
 |===> 16:14:31 12.08.19[INFO] ru.sbtqa.tag.stepdefs.SetupSteps - Log4j properties were picked up on the path src/test/resources/config/log4j.properties
 |===> 16:14:31 12.08.19[INFO] org.reflections.Reflections - Reflections took 20 ms to scan 1 urls, producing 4 keys and 126 values 
 |===> 16:14:31 12.08.19[INFO] ru.gamble.stepdefs.CommonStepDefs - key::[PASSWORD] value::[Acer0808!]
    * сохраняем в память                                              # CommonStepDefs.saveValueToKey(DataTable)
 |===> 16:14:31 12.08.19[INFO] ru.gamble.stepdefs.CommonStepDefs - SQL-request [0]
 |===> 16:14:31 12.08.19[INFO] ru.gamble.stepdefs.CommonStepDefs - email:testregistrator+1562756089388@inbox.ru
    * поиск акаунта для проверки изменений базовых параметров "EMAIL" # CommonStepDefs.searchUserForEdit(String)
 |===> 16:14:31 12.08.19[INFO] ru.gamble.stepdefs.CommonStepDefs - Сохраняем в память key[NEWEMAIL] <== value[testregistrator+1565615671420@inbox.ru]
    * генерим email в "NEWEMAIL" "inbox"                              # CommonStepDefs.generateEmailAndSave(String,String)
 |===> 16:14:31 12.08.19[INFO] ru.gamble.stepdefs.CommonStepDefs - SQL-request [testregistrator1565465347893@mailinator.com]
 |===> 16:14:31 12.08.19[INFO] ru.gamble.stepdefs.CommonStepDefs - Подходящий пользователь найден : testregistrator1565465347893@mailinator.com
    * поиск акаунта со статуом регистрации "=2" "OLDEMAIL"            # CommonStepDefs.searchUserStatus(String,String)
 |===> 16:14:31 12.08.19[INFO] ru.gamble.stepdefs.CommonStepDefs - [change_basic_parameter] = true
 |===> 16:14:31 12.08.19[INFO] ru.gamble.stepdefs.CommonStepDefs - Включили опиции ['change_basic_parameter']
    * редактируем некоторые активные опции сайта                      # CommonStepDefs.rememberActiveOption(DataTable)
 |===> 16:14:31 12.08.19[INFO] ru.gamble.stepdefs.CommonStepDefs - Переход на главную страницу
 |===> 16:14:33 12.08.19[INFO] ru.gamble.stepdefs.CommonStepDefs - Перешли на страницу [https://test-func.gamebet.ru]
 |===> 16:14:33 12.08.19[INFO] ru.gamble.stepdefs.CommonStepDefs - Удаляем Cookies
 |===> 16:14:33 12.08.19[INFO] ru.gamble.stepdefs.CommonStepDefs - Ищем наличие кнопки с силуетом пользователя.
 |===> 16:14:54 12.08.19[INFO] ru.gamble.stepdefs.CommonStepDefs - На сайте никто не авторизован
    * разлогиниваем пользователя                                      # CommonStepDefs.logOut()
    * открывается страница "Главная страница"                         # StepDefs.openPage(String)
 |===> 16:15:04 12.08.19[INFO] ru.gamble.pages.AbstractPage - Нажали на [Вход]
    * пользователь (нажимает кнопку) "Вход"                           # StepDefs.userActionOneParam(String,String)
    * открывается страница "Вход"                                     # StepDefs.openPage(String)
 |===> 16:15:04 12.08.19[INFO] ru.gamble.pages.userProfilePages.EnterPage - Будем логиниться через method. Для этого выбираем соответсвующую вкладку на попапе авторизации
 |===> 16:15:04 12.08.19[INFO] ru.gamble.pages.userProfilePages.EnterPage - Выбрали авторизацию через method
 |===> 16:15:04 12.08.19[INFO] ru.gamble.pages.userProfilePages.EnterPage - Будем логиниться через method. Для этого выбираем соответсвующую вкладку на попапе авторизации
 |===> 16:15:04 12.08.19[INFO] ru.gamble.pages.userProfilePages.EnterPage - Выбрали авторизацию через method
 |===> 16:15:05 12.08.19[INFO] ru.gamble.pages.userProfilePages.EnterPage - Водим в поле::testregistrator+1562756089388@inbox.ru
 |===> 16:15:06 12.08.19[INFO] ru.gamble.pages.userProfilePages.EnterPage - Попытка ввести::testregistrator+1562756089388@inbox.ru[0]
 |===> 16:15:06 12.08.19[INFO] ru.gamble.pages.userProfilePages.EnterPage - Реально в поле ввелось::testregistrator+1562756089388@inbox.ru
 |===> 16:15:06 12.08.19[INFO] ru.gamble.pages.userProfilePages.EnterPage - Водим в поле::Acer0808!
 |===> 16:15:06 12.08.19[INFO] ru.gamble.pages.userProfilePages.EnterPage - Ожидаем пока кнопка 'Войти' будет видимой
 |===> 16:15:06 12.08.19[INFO] ru.gamble.pages.userProfilePages.EnterPage - Нажимаем на кнопку 'Войти'
 |===> 16:15:06 12.08.19[INFO] ru.gamble.pages.userProfilePages.EnterPage - Попытка ввеcти::0
 |===> 16:15:36 12.08.19[INFO] ru.gamble.pages.AbstractPage - Окно 'Перейти в ЦУПИС' не появилось
    * пользователь (логинится с) данными                              # StepDefs.userActionTableParam(String,DataTable)
    * нажмем Продолжить регу на всякий                                # CommonStepDefs.rega()
 |===> 16:15:47 12.08.19[INFO] ru.gamble.pages.AbstractPage - Ищем элемент [Page Title] на странице::https://test-func.gamebet.ru/?refresh=1
    * открывается страница "Авторизованная Главная страница"          # StepDefs.openPage(String)
 |===> 16:15:57 12.08.19[INFO] ru.gamble.pages.AbstractPage - Нажали на [Иконка юзера]
    * пользователь (нажимает кнопку) "Иконка юзера"                   # StepDefs.userActionOneParam(String,String)
    * открывается страница "Мини Личный Кабинет"                      # StepDefs.openPage(String)
 |===> 16:15:58 12.08.19[INFO] ru.gamble.pages.AbstractPage - Получили и перешли по ссылке::https://test-func.gamebet.ru/private/user/details
    * пользователь (переходит по ссылке) "Профиль"                    # StepDefs.userActionOneParam(String,String)

  @regress @ChangeBasicParameter
  Сценарий: Проверка смены EMAIL через EMAIL                                             # src/test/resources/features/others/ChangeBasicParameter.feature:38
    * открывается страница "Профиль"                                                     # StepDefs.openPage(String)
 |===> 16:16:29 12.08.19[INFO] ru.gamble.pages.AbstractPage - Нажали на [Изменить email]
    * пользователь (нажимает кнопку) "Изменить email"                                    # StepDefs.userActionOneParam(String,String)
 |===> 16:16:29 12.08.19[INFO] ru.gamble.pages.userProfilePages.ProfilePage - Заполняем поле 'пароль' значением Acer0808!
 |===> 16:16:30 12.08.19[INFO] ru.gamble.pages.userProfilePages.ProfilePage - Нажимаем на кнопку 'ОК'
    * пользователь (подтверждает пароль) "PASSWORD"                                      # StepDefs.userActionOneParam(String,String)
    * открывается страница "Подтверждение прав пользователя"                             # StepDefs.openPage(String)
 |===> 16:16:41 12.08.19[INFO] ru.gamble.pages.userProfilePages.BonusesPage - Открывает список возможных способов подвтерждения прав пользователя
 |===> 16:16:41 12.08.19[INFO] ru.gamble.pages.userProfilePages.BonusesPage - В выпавшем списке выбираем строчку = testregistrator1562756089388@inbox.ru
 |===> 16:16:41 12.08.19[INFO] ru.gamble.pages.userProfilePages.BonusesPage - Нажимаем на кнопку 'ВЫСЛАТЬ ССЫЛКУ'
    * пользователь (выбирает способ подтверждения наличие доступа) "EMAIL"               # StepDefs.userActionOneParam(String,String)
    * пользователь (проверяет что страница находится на шаге) "2"                        # StepDefs.userActionOneParam(String,String)
    * пользователь (проверяет что кнопка 'отправить ещё раз') "заблокирована"            # StepDefs.userActionOneParam(String,String)
 |===> 16:16:41 12.08.19[INFO] ru.gamble.utility.MailSearcher - INBOX
 |===> 16:16:42 12.08.19[INFO] ru.gamble.utility.MailSearcher - SIZE FOLDER:0
 |===> 16:16:42 12.08.19[INFO] ru.gamble.utility.MailSearcher - Нет новых писем. Количество попыток : 5
 |===> 16:16:48 12.08.19[INFO] ru.gamble.utility.MailSearcher - Письмо получено
 |===> 16:16:48 12.08.19[INFO] ru.gamble.utility.MailSearcher - NEW MAIL DETECTED
 |===> 16:16:48 12.08.19[INFO] ru.gamble.utility.MailSearcher - Поиск ссылки в письме
 |===> 16:16:48 12.08.19[INFO] ru.gamble.utility.MailSearcher - <html> <he
 |===> 16:16:48 12.08.19[INFO] ru.gamble.utility.MailSearcher - Ссылка полностью : https://test-func.gamebet.ru/service/user/confirm/account_email?code=124761&type=email
 |===> 16:16:48 12.08.19[INFO] ru.gamble.utility.MailSearcher - !!!!!!!!!!!!!!!!!!!!!!!!!! LINK !!!!!!!!!!!!!!!!!!!!!! : https://test-func.gamebet.ru/service/user/confirm/account_email?code=124761&type=email
 |===> 16:16:48 12.08.19[INFO] ru.gamble.utility.MailSearcher - Параметр для аутентификации : code=124761
 |===> 16:16:48 12.08.19[INFO] ru.gamble.utility.MailSearcher - Получено писем::1
 |===> 16:16:48 12.08.19[INFO] ru.gamble.utility.MailSearcher - Теперь очистим папку входящих
 |===> 16:16:48 12.08.19[INFO] ru.gamble.utility.MailSearcher - SPAM
 |===> 16:16:49 12.08.19[INFO] ru.gamble.utility.MailSearcher - SIZE FOLDER:0
 |===> 16:16:49 12.08.19[INFO] ru.gamble.utility.MailSearcher - Нет новых писем. Количество попыток : 5
 |===> 16:16:54 12.08.19[INFO] ru.gamble.utility.MailSearcher - SIZE FOLDER:0
 |===> 16:16:54 12.08.19[INFO] ru.gamble.utility.MailSearcher - Нет новых писем. Количество попыток : 4
 |===> 16:16:59 12.08.19[INFO] ru.gamble.utility.MailSearcher - SIZE FOLDER:0
 |===> 16:16:59 12.08.19[INFO] ru.gamble.utility.MailSearcher - Нет новых писем. Количество попыток : 3
 |===> 16:17:04 12.08.19[INFO] ru.gamble.utility.MailSearcher - SIZE FOLDER:0
 |===> 16:17:04 12.08.19[INFO] ru.gamble.utility.MailSearcher - Нет новых писем. Количество попыток : 2
 |===> 16:17:09 12.08.19[INFO] ru.gamble.utility.MailSearcher - SIZE FOLDER:0
 |===> 16:17:09 12.08.19[INFO] ru.gamble.utility.MailSearcher - Нет новых писем. Количество попыток : 1
 |===> 16:17:14 12.08.19[INFO] ru.gamble.utility.MailSearcher - Время ожидания истекло. Письмо не было доставлено.
 |===> 16:17:14 12.08.19[INFO] ru.gamble.utility.MailSearcher - INBOX
    * пользователь (открывает ссылку из письма) "EMAIL" "изменение"                      # StepDefs.userActionTwoParams(String,String,String)
    * пользователь (проверяет что страница находится на шаге) "3"                        # StepDefs.userActionOneParam(String,String)
    * пользователь (вводит в поле почты адрес) "OLDEMAIL"                                # StepDefs.userActionOneParam(String,String)
 |===> 16:17:17 12.08.19[INFO] ru.gamble.pages.userProfilePages.BonusesPage - :Пользователь с такой почтно уже существует
    * пользователь (проверяет есть ли сообщение об ошибке) "да"                          # StepDefs.userActionOneParam(String,String)
    * пользователь (вводит в поле почты адрес) "NEWEMAIL"                                # StepDefs.userActionOneParam(String,String)
    * пользователь (проверяет есть ли сообщение об ошибке) "нет"                         # StepDefs.userActionOneParam(String,String)
 |===> 16:17:28 12.08.19[INFO] ru.gamble.utility.MailSearcher - INBOX
 |===> 16:17:29 12.08.19[INFO] ru.gamble.utility.MailSearcher - Письмо получено
 |===> 16:17:29 12.08.19[INFO] ru.gamble.utility.MailSearcher - NEW MAIL DETECTED
 |===> 16:17:29 12.08.19[INFO] ru.gamble.utility.MailSearcher - Поиск ссылки в письме
 |===> 16:17:29 12.08.19[INFO] ru.gamble.utility.MailSearcher - <html> <he
 |===> 16:17:29 12.08.19[INFO] ru.gamble.utility.MailSearcher - Ссылка полностью : https://test-func.gamebet.ru/service/user/confirm/new_email?code=127652
 |===> 16:17:29 12.08.19[INFO] ru.gamble.utility.MailSearcher - !!!!!!!!!!!!!!!!!!!!!!!!!! LINK !!!!!!!!!!!!!!!!!!!!!! : https://test-func.gamebet.ru/service/user/confirm/new_email?code=127652
 |===> 16:17:29 12.08.19[INFO] ru.gamble.utility.MailSearcher - Параметр для аутентификации : code=127652
 |===> 16:17:29 12.08.19[INFO] ru.gamble.utility.MailSearcher - Получено писем::1
 |===> 16:17:29 12.08.19[INFO] ru.gamble.utility.MailSearcher - Теперь очистим папку входящих
 |===> 16:17:29 12.08.19[INFO] ru.gamble.utility.MailSearcher - SPAM
 |===> 16:17:30 12.08.19[INFO] ru.gamble.utility.MailSearcher - SIZE FOLDER:0
 |===> 16:17:30 12.08.19[INFO] ru.gamble.utility.MailSearcher - Нет новых писем. Количество попыток : 5
 |===> 16:17:35 12.08.19[INFO] ru.gamble.utility.MailSearcher - SIZE FOLDER:0
 |===> 16:17:35 12.08.19[INFO] ru.gamble.utility.MailSearcher - Нет новых писем. Количество попыток : 4
 |===> 16:17:40 12.08.19[INFO] ru.gamble.utility.MailSearcher - SIZE FOLDER:0
 |===> 16:17:40 12.08.19[INFO] ru.gamble.utility.MailSearcher - Нет новых писем. Количество попыток : 3
 |===> 16:17:45 12.08.19[INFO] ru.gamble.utility.MailSearcher - SIZE FOLDER:0
 |===> 16:17:45 12.08.19[INFO] ru.gamble.utility.MailSearcher - Нет новых писем. Количество попыток : 2
 |===> 16:17:50 12.08.19[INFO] ru.gamble.utility.MailSearcher - SIZE FOLDER:0
 |===> 16:17:50 12.08.19[INFO] ru.gamble.utility.MailSearcher - Нет новых писем. Количество попыток : 1
 |===> 16:17:55 12.08.19[INFO] ru.gamble.utility.MailSearcher - Время ожидания истекло. Письмо не было доставлено.
 |===> 16:17:55 12.08.19[INFO] ru.gamble.utility.MailSearcher - INBOX
    * пользователь (открывает ссылку из письма) "NEWEMAIL" "изменение"                   # StepDefs.userActionTwoParams(String,String,String)
    * пользователь (проверяет на странице наличие текста) "NEWEMAIL"                     # StepDefs.userActionOneParam(String,String)
    * пользователь (проверяет на странице наличие текста) "Поздравляем"                  # StepDefs.userActionOneParam(String,String)
 |===> 16:18:06 12.08.19[INFO] ru.gamble.pages.AbstractPage - Нажали на [В личный кабинет]
    * пользователь (нажимает кнопку) "В личный кабинет"                                  # StepDefs.userActionOneParam(String,String)
    * открывается страница "Профиль"                                                     # StepDefs.openPage(String)
      ru.sbtqa.tag.pagefactory.exceptions.PageInitializationException: Failed to initialize page 'class ru.gamble.pages.userProfilePages.ProfilePage'
	at ru.sbtqa.tag.pagefactory.PageWrapper.bootstrapPage_aroundBody14(PageWrapper.java:215)
	at ru.sbtqa.tag.pagefactory.PageWrapper.bootstrapPage_aroundBody15$advice(PageWrapper.java:37)
	at ru.sbtqa.tag.pagefactory.PageWrapper.bootstrapPage(PageWrapper.java:1)
	at ru.sbtqa.tag.pagefactory.PageWrapper.getPage_aroundBody4(PageWrapper.java:82)
	at ru.sbtqa.tag.pagefactory.PageWrapper.getPage_aroundBody5$advice(PageWrapper.java:37)
	at ru.sbtqa.tag.pagefactory.PageWrapper.getPage(PageWrapper.java:1)
	at ru.sbtqa.tag.pagefactory.PageWrapper.getPage_aroundBody0(PageWrapper.java:48)
	at ru.sbtqa.tag.pagefactory.PageWrapper.getPage_aroundBody1$advice(PageWrapper.java:37)
	at ru.sbtqa.tag.pagefactory.PageWrapper.getPage(PageWrapper.java:1)
	at ru.sbtqa.tag.stepdefs.GenericStepDefs.openPage_aroundBody12(GenericStepDefs.java:214)
	at ru.sbtqa.tag.stepdefs.GenericStepDefs.openPage_aroundBody13$advice(GenericStepDefs.java:37)
	at ru.sbtqa.tag.stepdefs.GenericStepDefs.openPage(GenericStepDefs.java:1)
	at ru.sbtqa.tag.stepdefs.ru.StepDefs.openPage_aroundBody16(StepDefs.java:86)
	at ru.sbtqa.tag.stepdefs.ru.StepDefs.openPage_aroundBody17$advice(StepDefs.java:37)
	at ru.sbtqa.tag.stepdefs.ru.StepDefs.openPage(StepDefs.java:1)
	at ?.открывается страница "Профиль"(src/test/resources/features/others/ChangeBasicParameter.feature:61)
Caused by: java.lang.reflect.InvocationTargetException
	at sun.reflect.NativeConstructorAccessorImpl.newInstance0(Native Method)
	at sun.reflect.NativeConstructorAccessorImpl.newInstance(NativeConstructorAccessorImpl.java:62)
	at sun.reflect.DelegatingConstructorAccessorImpl.newInstance(DelegatingConstructorAccessorImpl.java:45)
	at java.lang.reflect.Constructor.newInstance(Constructor.java:423)
	at ru.sbtqa.tag.pagefactory.PageWrapper.bootstrapPage_aroundBody14(PageWrapper.java:211)
	at ru.sbtqa.tag.pagefactory.PageWrapper.bootstrapPage_aroundBody15$advice(PageWrapper.java:37)
	at ru.sbtqa.tag.pagefactory.PageWrapper.bootstrapPage(PageWrapper.java:1)
	at ru.sbtqa.tag.pagefactory.PageWrapper.getPage_aroundBody4(PageWrapper.java:82)
	at ru.sbtqa.tag.pagefactory.PageWrapper.getPage_aroundBody5$advice(PageWrapper.java:37)
	at ru.sbtqa.tag.pagefactory.PageWrapper.getPage(PageWrapper.java:1)
	at ru.sbtqa.tag.pagefactory.PageWrapper.getPage_aroundBody0(PageWrapper.java:48)
	at ru.sbtqa.tag.pagefactory.PageWrapper.getPage_aroundBody1$advice(PageWrapper.java:37)
	at ru.sbtqa.tag.pagefactory.PageWrapper.getPage(PageWrapper.java:1)
	at ru.sbtqa.tag.stepdefs.GenericStepDefs.openPage_aroundBody12(GenericStepDefs.java:214)
	at ru.sbtqa.tag.stepdefs.GenericStepDefs.openPage_aroundBody13$advice(GenericStepDefs.java:37)
	at ru.sbtqa.tag.stepdefs.GenericStepDefs.openPage(GenericStepDefs.java:1)
	at ru.sbtqa.tag.stepdefs.ru.StepDefs.openPage_aroundBody16(StepDefs.java:86)
	at ru.sbtqa.tag.stepdefs.ru.StepDefs.openPage_aroundBody17$advice(StepDefs.java:37)
	at ru.sbtqa.tag.stepdefs.ru.StepDefs.openPage(StepDefs.java:1)
	at sun.reflect.GeneratedMethodAccessor28.invoke(Unknown Source)
	at sun.reflect.DelegatingMethodAccessorImpl.invoke(DelegatingMethodAccessorImpl.java:43)
	at java.lang.reflect.Method.invoke(Method.java:498)
	at cucumber.runtime.Utils$1.call(Utils.java:32)
	at cucumber.runtime.Timeout.timeout(Timeout.java:16)
	at cucumber.runtime.Utils.invoke(Utils.java:26)
	at cucumber.runtime.java.JavaStepDefinition.execute(JavaStepDefinition.java:37)
	at cucumber.runtime.StepDefinitionMatch.runStep(StepDefinitionMatch.java:40)
	at cucumber.api.TestStep.executeStep(TestStep.java:102)
	at cucumber.api.TestStep.run(TestStep.java:83)
	at cucumber.api.TestCase.run(TestCase.java:58)
	at cucumber.runner.Runner.runPickle(Runner.java:80)
	at cucumber.runtime.junit.PickleRunners$NoStepDescriptions.run_aroundBody4(PickleRunners.java:140)
	at cucumber.runtime.junit.PickleRunners$NoStepDescriptions.run_aroundBody5$advice(PickleRunners.java:37)
	at cucumber.runtime.junit.PickleRunners$NoStepDescriptions.run(PickleRunners.java:1)
	at cucumber.runtime.junit.FeatureRunner.runChild_aroundBody10(FeatureRunner.java:68)
	at cucumber.runtime.junit.FeatureRunner.runChild_aroundBody11$advice(FeatureRunner.java:37)
	at cucumber.runtime.junit.FeatureRunner.runChild(FeatureRunner.java:1)
	at cucumber.runtime.junit.FeatureRunner.runChild(FeatureRunner.java:23)
	at org.junit.runners.ParentRunner$3.run(ParentRunner.java:290)
	at org.junit.runners.ParentRunner$1.schedule(ParentRunner.java:71)
	at org.junit.runners.ParentRunner.runChildren(ParentRunner.java:288)
	at org.junit.runners.ParentRunner.access$000(ParentRunner.java:58)
	at org.junit.runners.ParentRunner$2.evaluate(ParentRunner.java:268)
	at org.junit.runners.ParentRunner.run(ParentRunner.java:363)
	at cucumber.runtime.junit.FeatureRunner.run_aroundBody12(FeatureRunner.java:73)
	at cucumber.runtime.junit.FeatureRunner.run_aroundBody13$advice(FeatureRunner.java:37)
	at cucumber.runtime.junit.FeatureRunner.run(FeatureRunner.java:1)
	at cucumber.api.junit.Cucumber.runChild_aroundBody8(Cucumber.java:118)
	at cucumber.api.junit.Cucumber.runChild_aroundBody9$advice(Cucumber.java:37)
	at cucumber.api.junit.Cucumber.runChild(Cucumber.java:1)
	at cucumber.api.junit.Cucumber.runChild(Cucumber.java:56)
	at org.junit.runners.ParentRunner$3.run(ParentRunner.java:290)
	at org.junit.runners.ParentRunner$1.schedule(ParentRunner.java:71)
	at org.junit.runners.ParentRunner.runChildren(ParentRunner.java:288)
	at org.junit.runners.ParentRunner.access$000(ParentRunner.java:58)
	at org.junit.runners.ParentRunner$2.evaluate(ParentRunner.java:268)
	at cucumber.api.junit.Cucumber$1.evaluate_aroundBody0(Cucumber.java:127)
	at cucumber.api.junit.Cucumber$1.evaluate_aroundBody1$advice(Cucumber.java:37)
	at cucumber.api.junit.Cucumber$1.evaluate(Cucumber.java:1)
	at org.junit.internal.runners.statements.RunAfters.evaluate(RunAfters.java:27)
	at org.junit.runners.ParentRunner.run(ParentRunner.java:363)
	at org.apache.maven.surefire.junit4.JUnit4Provider.execute(JUnit4Provider.java:365)
	at org.apache.maven.surefire.junit4.JUnit4Provider.executeWithRerun(JUnit4Provider.java:273)
	at org.apache.maven.surefire.junit4.JUnit4Provider.executeTestSet(JUnit4Provider.java:238)
	at org.apache.maven.surefire.junit4.JUnit4Provider.invoke(JUnit4Provider.java:159)
	at org.apache.maven.surefire.booter.ForkedBooter.invokeProviderInSameClassLoader(ForkedBooter.java:384)
	at org.apache.maven.surefire.booter.ForkedBooter.runSuitesInProcess(ForkedBooter.java:345)
	at org.apache.maven.surefire.booter.ForkedBooter.execute(ForkedBooter.java:126)
	at org.apache.maven.surefire.booter.ForkedBooter.main(ForkedBooter.java:418)
Caused by: org.openqa.selenium.TimeoutException: Timed out after 10 seconds waiting for visibility of Tab Wraper
Build info: version: 'unknown', revision: 'unknown', time: 'unknown'
System info: host: 'ZAVALIY-T', ip: '192.168.100.2', os.name: 'Windows 10', os.arch: 'amd64', os.version: '10.0', java.version: '1.8.0_172'
Driver info: org.openqa.selenium.chrome.ChromeDriver
Capabilities [{mobileEmulationEnabled=false, hasTouchScreen=false, platform=XP, acceptSslCerts=false, goog:chromeOptions={debuggerAddress=localhost:63336}, acceptInsecureCerts=false, webStorageEnabled=true, browserName=chrome, takesScreenshot=true, javascriptEnabled=true, setWindowRect=true, unexpectedAlertBehaviour=ignore, applicationCacheEnabled=false, rotatable=false, networkConnectionEnabled=false, chrome={chromedriverVersion=2.43.600210 (68dcf5eebde37173d4027fa8635e332711d2874a), userDataDir=C:\Users\T6C14~1.ZAV\AppData\Local\Temp\scoped_dir33168_30229}, takesHeapSnapshot=true, pageLoadStrategy=normal, databaseEnabled=false, handlesAlerts=true, version=75.0.3770.100, browserConnectionEnabled=false, nativeEvents=true, locationContextEnabled=true, cssSelectorsEnabled=true}]
Session ID: 391bd018e8782a8d83cf75470e0f222c
	at org.openqa.selenium.support.ui.WebDriverWait.timeoutException(WebDriverWait.java:80)
	at org.openqa.selenium.support.ui.FluentWait.until(FluentWait.java:261)
	at ru.gamble.pages.userProfilePages.ProfilePage.<init>(ProfilePage.java:79)
	... 69 more
Caused by: org.openqa.selenium.NoSuchElementException: Timed out after 5 seconds. Unable to locate the element
For documentation on this error, please visit: http://seleniumhq.org/exceptions/no_such_element.html
Build info: version: 'unknown', revision: 'unknown', time: 'unknown'
System info: host: 'ZAVALIY-T', ip: '192.168.100.2', os.name: 'Windows 10', os.arch: 'amd64', os.version: '10.0', java.version: '1.8.0_172'
Driver info: driver.version: unknown
	at org.openqa.selenium.support.pagefactory.AjaxElementLocator.findElement(AjaxElementLocator.java:91)
	at org.openqa.selenium.support.pagefactory.internal.LocatingElementHandler.invoke(LocatingElementHandler.java:38)
	at ru.yandex.qatools.htmlelements.loader.decorator.proxyhandlers.WebElementNamedProxyHandler.invoke_aroundBody0(WebElementNamedProxyHandler.java:44)
	at ru.yandex.qatools.htmlelements.loader.decorator.proxyhandlers.WebElementNamedProxyHandler.invoke_aroundBody1$advice(WebElementNamedProxyHandler.java:37)
	at ru.yandex.qatools.htmlelements.loader.decorator.proxyhandlers.WebElementNamedProxyHandler.invoke(WebElementNamedProxyHandler.java:1)
	at com.sun.proxy.$Proxy21.isDisplayed(Unknown Source)
	at org.openqa.selenium.support.ui.ExpectedConditions.elementIfVisible(ExpectedConditions.java:302)
	at org.openqa.selenium.support.ui.ExpectedConditions.access$100(ExpectedConditions.java:41)
	at org.openqa.selenium.support.ui.ExpectedConditions$10.apply(ExpectedConditions.java:288)
	at org.openqa.selenium.support.ui.ExpectedConditions$10.apply(ExpectedConditions.java:285)
	at org.openqa.selenium.support.ui.FluentWait.until(FluentWait.java:238)
	... 70 more
Caused by: org.openqa.selenium.NoSuchElementException: no such element: Unable to locate element: {"method":"xpath","selector":"//div[@class='user-profile__tab-wraper']"}
  (Session info: chrome=75.0.3770.100)
  (Driver info: chromedriver=2.43.600210 (68dcf5eebde37173d4027fa8635e332711d2874a),platform=Windows NT 10.0.15063 x86_64) (WARNING: The server did not provide any stacktrace information)
Command duration or timeout: 10.02 seconds
For documentation on this error, please visit: http://seleniumhq.org/exceptions/no_such_element.html
Build info: version: 'unknown', revision: 'unknown', time: 'unknown'
System info: host: 'ZAVALIY-T', ip: '192.168.100.2', os.name: 'Windows 10', os.arch: 'amd64', os.version: '10.0', java.version: '1.8.0_172'
Driver info: org.openqa.selenium.chrome.ChromeDriver
Capabilities [{mobileEmulationEnabled=false, hasTouchScreen=false, platform=XP, acceptSslCerts=false, goog:chromeOptions={debuggerAddress=localhost:63336}, acceptInsecureCerts=false, webStorageEnabled=true, browserName=chrome, takesScreenshot=true, javascriptEnabled=true, setWindowRect=true, unexpectedAlertBehaviour=ignore, applicationCacheEnabled=false, rotatable=false, networkConnectionEnabled=false, chrome={chromedriverVersion=2.43.600210 (68dcf5eebde37173d4027fa8635e332711d2874a), userDataDir=C:\Users\T6C14~1.ZAV\AppData\Local\Temp\scoped_dir33168_30229}, takesHeapSnapshot=true, pageLoadStrategy=normal, databaseEnabled=false, handlesAlerts=true, version=75.0.3770.100, browserConnectionEnabled=false, nativeEvents=true, locationContextEnabled=true, cssSelectorsEnabled=true}]
Session ID: 391bd018e8782a8d83cf75470e0f222c
*** Element info: {Using=xpath, value=//div[@class='user-profile__tab-wraper']}
	at sun.reflect.GeneratedConstructorAccessor17.newInstance(Unknown Source)
	at sun.reflect.DelegatingConstructorAccessorImpl.newInstance(DelegatingConstructorAccessorImpl.java:45)
	at java.lang.reflect.Constructor.newInstance(Constructor.java:423)
	at org.openqa.selenium.remote.ErrorHandler.createThrowable(ErrorHandler.java:206)
	at org.openqa.selenium.remote.ErrorHandler.throwIfResponseFailed(ErrorHandler.java:158)
	at org.openqa.selenium.remote.RemoteWebDriver.execute(RemoteWebDriver.java:678)
	at org.openqa.selenium.remote.RemoteWebDriver.findElement(RemoteWebDriver.java:363)
	at org.openqa.selenium.remote.RemoteWebDriver.findElementByXPath(RemoteWebDriver.java:500)
	at org.openqa.selenium.By$ByXPath.findElement_aroundBody2(By.java:361)
	at org.openqa.selenium.By$ByXPath.findElement_aroundBody3$advice(By.java:37)
	at org.openqa.selenium.By$ByXPath.findElement(By.java:1)
	at org.openqa.selenium.remote.RemoteWebDriver.findElement(RemoteWebDriver.java:355)
	at org.openqa.selenium.support.pagefactory.DefaultElementLocator.findElement(DefaultElementLocator.java:69)
	at org.openqa.selenium.support.pagefactory.AjaxElementLocator.access$001(AjaxElementLocator.java:41)
	at org.openqa.selenium.support.pagefactory.AjaxElementLocator$SlowLoadingElement.isLoaded(AjaxElementLocator.java:157)
	at org.openqa.selenium.support.ui.SlowLoadableComponent.get(SlowLoadableComponent.java:70)
	at org.openqa.selenium.support.pagefactory.AjaxElementLocator.findElement(AjaxElementLocator.java:87)
	... 80 more

    * пользователь (проверяет что поле содержит значение) "Электронная почта" "NEWEMAIL" # StepDefs.userActionTwoParams(String,String,String)
 |===> 16:18:47 12.08.19[INFO] ru.gamble.stepdefs.CommonStepDefs - fail? true
 |===> 16:18:47 12.08.19[INFO] ru.gamble.stepdefs.CommonStepDefs - АФТЕРРР
 |===> 16:18:47 12.08.19[INFO] ru.sbtqa.tag.stepdefs.SetupSteps - Webdriver sharing is processing...
]]></system-out>
  </testcase>
  <testcase name="Проверка смены EMAIL через PHONE" classname="изменение базовых параметров через личный кабинет" time="253.26">
    <error message="Failed to initialize page &apos;class ru.gamble.pages.userProfilePages.ProfilePage&apos;" type="ru.sbtqa.tag.pagefactory.exceptions.PageInitializationException">ru.sbtqa.tag.pagefactory.exceptions.PageInitializationException: Failed to initialize page 'class ru.gamble.pages.userProfilePages.ProfilePage'
Caused by: java.lang.reflect.InvocationTargetException
Caused by: org.openqa.selenium.TimeoutException: 
Timed out after 10 seconds waiting for visibility of Tab Wraper
Build info: version: 'unknown', revision: 'unknown', time: 'unknown'
System info: host: 'ZAVALIY-T', ip: '192.168.100.2', os.name: 'Windows 10', os.arch: 'amd64', os.version: '10.0', java.version: '1.8.0_172'
Driver info: org.openqa.selenium.chrome.ChromeDriver
Capabilities [{mobileEmulationEnabled=false, hasTouchScreen=false, platform=XP, acceptSslCerts=false, goog:chromeOptions={debuggerAddress=localhost:63336}, acceptInsecureCerts=false, webStorageEnabled=true, browserName=chrome, takesScreenshot=true, javascriptEnabled=true, setWindowRect=true, unexpectedAlertBehaviour=ignore, applicationCacheEnabled=false, rotatable=false, networkConnectionEnabled=false, chrome={chromedriverVersion=2.43.600210 (68dcf5eebde37173d4027fa8635e332711d2874a), userDataDir=C:\Users\T6C14~1.ZAV\AppData\Local\Temp\scoped_dir33168_30229}, takesHeapSnapshot=true, pageLoadStrategy=normal, databaseEnabled=false, handlesAlerts=true, version=75.0.3770.100, browserConnectionEnabled=false, nativeEvents=true, locationContextEnabled=true, cssSelectorsEnabled=true}]
Session ID: 391bd018e8782a8d83cf75470e0f222c
Caused by: org.openqa.selenium.NoSuchElementException: 
Timed out after 5 seconds. Unable to locate the element
For documentation on this error, please visit: http://seleniumhq.org/exceptions/no_such_element.html
Build info: version: 'unknown', revision: 'unknown', time: 'unknown'
System info: host: 'ZAVALIY-T', ip: '192.168.100.2', os.name: 'Windows 10', os.arch: 'amd64', os.version: '10.0', java.version: '1.8.0_172'
Driver info: driver.version: unknown
Caused by: org.openqa.selenium.NoSuchElementException: 
no such element: Unable to locate element: {"method":"xpath","selector":"//div[@class='user-profile__tab-wraper']"}
  (Session info: chrome=75.0.3770.100)
  (Driver info: chromedriver=2.43.600210 (68dcf5eebde37173d4027fa8635e332711d2874a),platform=Windows NT 10.0.15063 x86_64) (WARNING: The server did not provide any stacktrace information)
Command duration or timeout: 10.01 seconds
For documentation on this error, please visit: http://seleniumhq.org/exceptions/no_such_element.html
Build info: version: 'unknown', revision: 'unknown', time: 'unknown'
System info: host: 'ZAVALIY-T', ip: '192.168.100.2', os.name: 'Windows 10', os.arch: 'amd64', os.version: '10.0', java.version: '1.8.0_172'
Driver info: org.openqa.selenium.chrome.ChromeDriver
Capabilities [{mobileEmulationEnabled=false, hasTouchScreen=false, platform=XP, acceptSslCerts=false, goog:chromeOptions={debuggerAddress=localhost:63336}, acceptInsecureCerts=false, webStorageEnabled=true, browserName=chrome, takesScreenshot=true, javascriptEnabled=true, setWindowRect=true, unexpectedAlertBehaviour=ignore, applicationCacheEnabled=false, rotatable=false, networkConnectionEnabled=false, chrome={chromedriverVersion=2.43.600210 (68dcf5eebde37173d4027fa8635e332711d2874a), userDataDir=C:\Users\T6C14~1.ZAV\AppData\Local\Temp\scoped_dir33168_30229}, takesHeapSnapshot=true, pageLoadStrategy=normal, databaseEnabled=false, handlesAlerts=true, version=75.0.3770.100, browserConnectionEnabled=false, nativeEvents=true, locationContextEnabled=true, cssSelectorsEnabled=true}]
Session ID: 391bd018e8782a8d83cf75470e0f222c
*** Element info: {Using=xpath, value=//div[@class='user-profile__tab-wraper']}
</error>
    <system-out><![CDATA[
  Предыстория:                                                        # src/test/resources/features/others/ChangeBasicParameter.feature:3
 |===> 16:18:47 12.08.19[INFO] ru.gamble.stepdefs.CommonStepDefs - <================START...TEST================>
 |===> 16:18:47 12.08.19[INFO] ru.gamble.stepdefs.CommonStepDefs - NAME: Проверка смены EMAIL через PHONE
 |===> 16:18:47 12.08.19[INFO] ru.gamble.stepdefs.CommonStepDefs - TAGS: [@ChangeBasicParameter, @regress]
 |===> 16:18:47 12.08.19[INFO] ru.gamble.stepdefs.CommonStepDefs - ID: 67
 |===> 16:18:47 12.08.19[INFO] ru.gamble.stepdefs.CommonStepDefs - Сохранили в память key [MAIN_URL] <== value [https://test-func.gamebet.ru]
 |===> 16:18:47 12.08.19[INFO] ru.sbtqa.tag.stepdefs.SetupSteps - Log4j properties were picked up on the path src/test/resources/config/log4j.properties
 |===> 16:18:47 12.08.19[INFO] org.reflections.Reflections - Reflections took 24 ms to scan 1 urls, producing 4 keys and 126 values 
 |===> 16:18:47 12.08.19[INFO] ru.gamble.stepdefs.CommonStepDefs - key::[PASSWORD] value::[Acer0808!]
    * сохраняем в память                                              # CommonStepDefs.saveValueToKey(DataTable)
 |===> 16:18:47 12.08.19[INFO] ru.gamble.stepdefs.CommonStepDefs - SQL-request [1]
 |===> 16:18:47 12.08.19[INFO] ru.gamble.stepdefs.CommonStepDefs - email:testregistrator+1565615671420@inbox.ru
    * поиск акаунта для проверки изменений базовых параметров "EMAIL" # CommonStepDefs.searchUserForEdit(String)
 |===> 16:18:47 12.08.19[INFO] ru.gamble.stepdefs.CommonStepDefs - Сохраняем в память key[NEWEMAIL] <== value[testregistrator+1565615927971@inbox.ru]
    * генерим email в "NEWEMAIL" "inbox"                              # CommonStepDefs.generateEmailAndSave(String,String)
 |===> 16:18:48 12.08.19[INFO] ru.gamble.stepdefs.CommonStepDefs - SQL-request [testregistrator1565465347893@mailinator.com]
 |===> 16:18:48 12.08.19[INFO] ru.gamble.stepdefs.CommonStepDefs - Подходящий пользователь найден : testregistrator1565465347893@mailinator.com
    * поиск акаунта со статуом регистрации "=2" "OLDEMAIL"            # CommonStepDefs.searchUserStatus(String,String)
 |===> 16:18:48 12.08.19[INFO] ru.gamble.stepdefs.CommonStepDefs - [change_basic_parameter] = true
 |===> 16:18:48 12.08.19[INFO] ru.gamble.stepdefs.CommonStepDefs - Включили опиции ['change_basic_parameter']
    * редактируем некоторые активные опции сайта                      # CommonStepDefs.rememberActiveOption(DataTable)
 |===> 16:18:48 12.08.19[INFO] ru.gamble.stepdefs.CommonStepDefs - Переход на главную страницу
 |===> 16:18:48 12.08.19[INFO] ru.gamble.stepdefs.CommonStepDefs - Перешли на страницу [https://test-func.gamebet.ru]
 |===> 16:18:49 12.08.19[INFO] ru.gamble.stepdefs.CommonStepDefs - Удаляем Cookies
 |===> 16:18:50 12.08.19[INFO] ru.gamble.stepdefs.CommonStepDefs - Ищем наличие кнопки с силуетом пользователя.
 |===> 16:19:00 12.08.19[INFO] ru.gamble.stepdefs.CommonStepDefs - Нажимаем на кнопку с силуетом пользователя.
 |===> 16:19:00 12.08.19[INFO] ru.gamble.stepdefs.CommonStepDefs - Ищем кнопку 'Выход' и нажимаем
 |===> 16:19:05 12.08.19[INFO] ru.gamble.stepdefs.CommonStepDefs - Обновили страницу на всякий случай
    * разлогиниваем пользователя                                      # CommonStepDefs.logOut()
 |===> 16:19:26 12.08.19[INFO] ru.gamble.pages.AbstractPage - Ищем элемент [By.xpath: //div[contains(@class,'main-slider__wrapper')]] на странице::https://test-func.gamebet.ru/
    * открывается страница "Главная страница"                         # StepDefs.openPage(String)
 |===> 16:19:47 12.08.19[INFO] ru.gamble.pages.AbstractPage - Нажали на [Вход]
    * пользователь (нажимает кнопку) "Вход"                           # StepDefs.userActionOneParam(String,String)
    * открывается страница "Вход"                                     # StepDefs.openPage(String)
 |===> 16:19:47 12.08.19[INFO] ru.gamble.pages.userProfilePages.EnterPage - Будем логиниться через method. Для этого выбираем соответсвующую вкладку на попапе авторизации
 |===> 16:19:47 12.08.19[INFO] ru.gamble.pages.userProfilePages.EnterPage - Выбрали авторизацию через method
 |===> 16:19:47 12.08.19[INFO] ru.gamble.pages.userProfilePages.EnterPage - Будем логиниться через method. Для этого выбираем соответсвующую вкладку на попапе авторизации
 |===> 16:19:47 12.08.19[INFO] ru.gamble.pages.userProfilePages.EnterPage - Выбрали авторизацию через method
 |===> 16:19:48 12.08.19[INFO] ru.gamble.pages.userProfilePages.EnterPage - Водим в поле::testregistrator+1565615671420@inbox.ru
 |===> 16:19:48 12.08.19[INFO] ru.gamble.pages.userProfilePages.EnterPage - Попытка ввести::testregistrator+1565615671420@inbox.ru[0]
 |===> 16:19:48 12.08.19[INFO] ru.gamble.pages.userProfilePages.EnterPage - Реально в поле ввелось::testregistrator+1565615671420@inbox.ru
 |===> 16:19:48 12.08.19[INFO] ru.gamble.pages.userProfilePages.EnterPage - Водим в поле::Acer0808!
 |===> 16:19:49 12.08.19[INFO] ru.gamble.pages.userProfilePages.EnterPage - Ожидаем пока кнопка 'Войти' будет видимой
 |===> 16:19:49 12.08.19[INFO] ru.gamble.pages.userProfilePages.EnterPage - Нажимаем на кнопку 'Войти'
 |===> 16:19:49 12.08.19[INFO] ru.gamble.pages.userProfilePages.EnterPage - Попытка ввеcти::0
 |===> 16:20:19 12.08.19[INFO] ru.gamble.pages.AbstractPage - Окно 'Перейти в ЦУПИС' не появилось
    * пользователь (логинится с) данными                              # StepDefs.userActionTableParam(String,DataTable)
    * нажмем Продолжить регу на всякий                                # CommonStepDefs.rega()
 |===> 16:20:29 12.08.19[INFO] ru.gamble.pages.AbstractPage - Ищем элемент [Page Title] на странице::https://test-func.gamebet.ru/?refresh=1
    * открывается страница "Авторизованная Главная страница"          # StepDefs.openPage(String)
 |===> 16:20:40 12.08.19[INFO] ru.gamble.pages.AbstractPage - Нажали на [Иконка юзера]
    * пользователь (нажимает кнопку) "Иконка юзера"                   # StepDefs.userActionOneParam(String,String)
    * открывается страница "Мини Личный Кабинет"                      # StepDefs.openPage(String)
 |===> 16:20:41 12.08.19[INFO] ru.gamble.pages.AbstractPage - Получили и перешли по ссылке::https://test-func.gamebet.ru/private/user/details
    * пользователь (переходит по ссылке) "Профиль"                    # StepDefs.userActionOneParam(String,String)

  @regress @ChangeBasicParameter
  Сценарий: Проверка смены EMAIL через PHONE                                             # src/test/resources/features/others/ChangeBasicParameter.feature:67
 |===> 16:20:52 12.08.19[INFO] ru.gamble.stepdefs.CommonStepDefs - SQL-request [73330027699]
    * запоминаем значение "PHONE" для пользователя с "EMAIL"                             # CommonStepDefs.rememberPhoneForEmail(String,String)
    * открывается страница "Профиль"                                                     # StepDefs.openPage(String)
 |===> 16:21:12 12.08.19[INFO] ru.gamble.pages.AbstractPage - Нажали на [Изменить email]
    * пользователь (нажимает кнопку) "Изменить email"                                    # StepDefs.userActionOneParam(String,String)
 |===> 16:21:12 12.08.19[INFO] ru.gamble.pages.userProfilePages.ProfilePage - Заполняем поле 'пароль' значением Acer0808!
 |===> 16:21:12 12.08.19[INFO] ru.gamble.pages.userProfilePages.ProfilePage - Нажимаем на кнопку 'ОК'
    * пользователь (подтверждает пароль) "PASSWORD"                                      # StepDefs.userActionOneParam(String,String)
    * открывается страница "Подтверждение прав пользователя"                             # StepDefs.openPage(String)
 |===> 16:21:23 12.08.19[INFO] ru.gamble.pages.userProfilePages.BonusesPage - Открывает список возможных способов подвтерждения прав пользователя
 |===> 16:21:24 12.08.19[INFO] ru.gamble.pages.userProfilePages.BonusesPage - В выпавшем списке выбираем строчку = 73330027699
 |===> 16:21:24 12.08.19[INFO] ru.gamble.pages.userProfilePages.BonusesPage - Нажимаем на кнопку 'ВЫСЛАТЬ ССЫЛКУ'
    * пользователь (выбирает способ подтверждения наличие доступа) "PHONE"               # StepDefs.userActionOneParam(String,String)
    * пользователь (проверяет что страница находится на шаге) "2"                        # StepDefs.userActionOneParam(String,String)
    * пользователь (проверяет что кнопка 'отправить ещё раз') "заблокирована"            # StepDefs.userActionOneParam(String,String)
 |===> 16:21:24 12.08.19[INFO] ru.gamble.stepdefs.CommonStepDefs - Пытаемся найти код подтверждения телефона
 |===> 16:21:24 12.08.19[INFO] ru.gamble.stepdefs.CommonStepDefs - Ожидаем 2 сек. для сервера TEST_INT
    * пользователь (вводит код из смс) "PHONE" "неправильный"                            # StepDefs.userActionTwoParams(String,String,String)
    * пользователь (жмёт важную розово-голубую кнопку) "Применить"                       # StepDefs.userActionOneParam(String,String)
 |===> 16:21:27 12.08.19[INFO] ru.gamble.pages.userProfilePages.BonusesPage - :Неверный код
    * пользователь (проверяет есть ли сообщение об ошибке) "да"                          # StepDefs.userActionOneParam(String,String)
    * пользователь (жмёт важную розово-голубую кнопку) "Отправить еще раз"               # StepDefs.userActionOneParam(String,String)
 |===> 16:21:27 12.08.19[INFO] ru.gamble.stepdefs.CommonStepDefs - Пытаемся найти код подтверждения телефона
 |===> 16:21:27 12.08.19[INFO] ru.gamble.stepdefs.CommonStepDefs - Ожидаем 2 сек. для сервера TEST_INT
    * пользователь (вводит код из смс) "PHONE" "правильный"                              # StepDefs.userActionTwoParams(String,String,String)
    * пользователь (жмёт важную розово-голубую кнопку) "Применить"                       # StepDefs.userActionOneParam(String,String)
    * пользователь (проверяет что страница находится на шаге) "3"                        # StepDefs.userActionOneParam(String,String)
    * пользователь (вводит в поле почты адрес) "OLDEMAIL"                                # StepDefs.userActionOneParam(String,String)
 |===> 16:21:30 12.08.19[INFO] ru.gamble.pages.userProfilePages.BonusesPage - :Пользователь с такой почтно уже существует
    * пользователь (проверяет есть ли сообщение об ошибке) "да"                          # StepDefs.userActionOneParam(String,String)
    * пользователь (вводит в поле почты адрес) "NEWEMAIL"                                # StepDefs.userActionOneParam(String,String)
    * пользователь (проверяет есть ли сообщение об ошибке) "нет"                         # StepDefs.userActionOneParam(String,String)
 |===> 16:21:41 12.08.19[INFO] ru.gamble.utility.MailSearcher - INBOX
 |===> 16:21:42 12.08.19[INFO] ru.gamble.utility.MailSearcher - Письмо получено
 |===> 16:21:42 12.08.19[INFO] ru.gamble.utility.MailSearcher - NEW MAIL DETECTED
 |===> 16:21:42 12.08.19[INFO] ru.gamble.utility.MailSearcher - Поиск ссылки в письме
 |===> 16:21:42 12.08.19[INFO] ru.gamble.utility.MailSearcher - <html> <he
 |===> 16:21:42 12.08.19[INFO] ru.gamble.utility.MailSearcher - Ссылка полностью : https://test-func.gamebet.ru/service/user/confirm/new_email?code=915412
 |===> 16:21:42 12.08.19[INFO] ru.gamble.utility.MailSearcher - !!!!!!!!!!!!!!!!!!!!!!!!!! LINK !!!!!!!!!!!!!!!!!!!!!! : https://test-func.gamebet.ru/service/user/confirm/new_email?code=915412
 |===> 16:21:42 12.08.19[INFO] ru.gamble.utility.MailSearcher - Параметр для аутентификации : code=915412
 |===> 16:21:42 12.08.19[INFO] ru.gamble.utility.MailSearcher - Получено писем::1
 |===> 16:21:42 12.08.19[INFO] ru.gamble.utility.MailSearcher - Теперь очистим папку входящих
 |===> 16:21:42 12.08.19[INFO] ru.gamble.utility.MailSearcher - SPAM
 |===> 16:21:43 12.08.19[INFO] ru.gamble.utility.MailSearcher - SIZE FOLDER:0
 |===> 16:21:43 12.08.19[INFO] ru.gamble.utility.MailSearcher - Нет новых писем. Количество попыток : 5
 |===> 16:21:48 12.08.19[INFO] ru.gamble.utility.MailSearcher - SIZE FOLDER:0
 |===> 16:21:48 12.08.19[INFO] ru.gamble.utility.MailSearcher - Нет новых писем. Количество попыток : 4
 |===> 16:21:53 12.08.19[INFO] ru.gamble.utility.MailSearcher - SIZE FOLDER:0
 |===> 16:21:53 12.08.19[INFO] ru.gamble.utility.MailSearcher - Нет новых писем. Количество попыток : 3
 |===> 16:21:58 12.08.19[INFO] ru.gamble.utility.MailSearcher - SIZE FOLDER:0
 |===> 16:21:58 12.08.19[INFO] ru.gamble.utility.MailSearcher - Нет новых писем. Количество попыток : 2
 |===> 16:22:03 12.08.19[INFO] ru.gamble.utility.MailSearcher - SIZE FOLDER:0
 |===> 16:22:03 12.08.19[INFO] ru.gamble.utility.MailSearcher - Нет новых писем. Количество попыток : 1
 |===> 16:22:08 12.08.19[INFO] ru.gamble.utility.MailSearcher - Время ожидания истекло. Письмо не было доставлено.
 |===> 16:22:08 12.08.19[INFO] ru.gamble.utility.MailSearcher - INBOX
    * пользователь (открывает ссылку из письма) "NEWEMAIL" "изменение"                   # StepDefs.userActionTwoParams(String,String,String)
    * пользователь (проверяет на странице наличие текста) "NEWEMAIL"                     # StepDefs.userActionOneParam(String,String)
    * пользователь (проверяет на странице наличие текста) "Поздравляем"                  # StepDefs.userActionOneParam(String,String)
 |===> 16:22:20 12.08.19[INFO] ru.gamble.pages.AbstractPage - Нажали на [В личный кабинет]
    * пользователь (нажимает кнопку) "В личный кабинет"                                  # StepDefs.userActionOneParam(String,String)
    * открывается страница "Профиль"                                                     # StepDefs.openPage(String)
      ru.sbtqa.tag.pagefactory.exceptions.PageInitializationException: Failed to initialize page 'class ru.gamble.pages.userProfilePages.ProfilePage'
	at ru.sbtqa.tag.pagefactory.PageWrapper.bootstrapPage_aroundBody14(PageWrapper.java:215)
	at ru.sbtqa.tag.pagefactory.PageWrapper.bootstrapPage_aroundBody15$advice(PageWrapper.java:37)
	at ru.sbtqa.tag.pagefactory.PageWrapper.bootstrapPage(PageWrapper.java:1)
	at ru.sbtqa.tag.pagefactory.PageWrapper.getPage_aroundBody4(PageWrapper.java:82)
	at ru.sbtqa.tag.pagefactory.PageWrapper.getPage_aroundBody5$advice(PageWrapper.java:37)
	at ru.sbtqa.tag.pagefactory.PageWrapper.getPage(PageWrapper.java:1)
	at ru.sbtqa.tag.pagefactory.PageWrapper.getPage_aroundBody0(PageWrapper.java:48)
	at ru.sbtqa.tag.pagefactory.PageWrapper.getPage_aroundBody1$advice(PageWrapper.java:37)
	at ru.sbtqa.tag.pagefactory.PageWrapper.getPage(PageWrapper.java:1)
	at ru.sbtqa.tag.stepdefs.GenericStepDefs.openPage_aroundBody12(GenericStepDefs.java:214)
	at ru.sbtqa.tag.stepdefs.GenericStepDefs.openPage_aroundBody13$advice(GenericStepDefs.java:37)
	at ru.sbtqa.tag.stepdefs.GenericStepDefs.openPage(GenericStepDefs.java:1)
	at ru.sbtqa.tag.stepdefs.ru.StepDefs.openPage_aroundBody16(StepDefs.java:86)
	at ru.sbtqa.tag.stepdefs.ru.StepDefs.openPage_aroundBody17$advice(StepDefs.java:37)
	at ru.sbtqa.tag.stepdefs.ru.StepDefs.openPage(StepDefs.java:1)
	at ?.открывается страница "Профиль"(src/test/resources/features/others/ChangeBasicParameter.feature:97)
Caused by: java.lang.reflect.InvocationTargetException
	at sun.reflect.NativeConstructorAccessorImpl.newInstance0(Native Method)
	at sun.reflect.NativeConstructorAccessorImpl.newInstance(NativeConstructorAccessorImpl.java:62)
	at sun.reflect.DelegatingConstructorAccessorImpl.newInstance(DelegatingConstructorAccessorImpl.java:45)
	at java.lang.reflect.Constructor.newInstance(Constructor.java:423)
	at ru.sbtqa.tag.pagefactory.PageWrapper.bootstrapPage_aroundBody14(PageWrapper.java:211)
	at ru.sbtqa.tag.pagefactory.PageWrapper.bootstrapPage_aroundBody15$advice(PageWrapper.java:37)
	at ru.sbtqa.tag.pagefactory.PageWrapper.bootstrapPage(PageWrapper.java:1)
	at ru.sbtqa.tag.pagefactory.PageWrapper.getPage_aroundBody4(PageWrapper.java:82)
	at ru.sbtqa.tag.pagefactory.PageWrapper.getPage_aroundBody5$advice(PageWrapper.java:37)
	at ru.sbtqa.tag.pagefactory.PageWrapper.getPage(PageWrapper.java:1)
	at ru.sbtqa.tag.pagefactory.PageWrapper.getPage_aroundBody0(PageWrapper.java:48)
	at ru.sbtqa.tag.pagefactory.PageWrapper.getPage_aroundBody1$advice(PageWrapper.java:37)
	at ru.sbtqa.tag.pagefactory.PageWrapper.getPage(PageWrapper.java:1)
	at ru.sbtqa.tag.stepdefs.GenericStepDefs.openPage_aroundBody12(GenericStepDefs.java:214)
	at ru.sbtqa.tag.stepdefs.GenericStepDefs.openPage_aroundBody13$advice(GenericStepDefs.java:37)
	at ru.sbtqa.tag.stepdefs.GenericStepDefs.openPage(GenericStepDefs.java:1)
	at ru.sbtqa.tag.stepdefs.ru.StepDefs.openPage_aroundBody16(StepDefs.java:86)
	at ru.sbtqa.tag.stepdefs.ru.StepDefs.openPage_aroundBody17$advice(StepDefs.java:37)
	at ru.sbtqa.tag.stepdefs.ru.StepDefs.openPage(StepDefs.java:1)
	at sun.reflect.GeneratedMethodAccessor28.invoke(Unknown Source)
	at sun.reflect.DelegatingMethodAccessorImpl.invoke(DelegatingMethodAccessorImpl.java:43)
	at java.lang.reflect.Method.invoke(Method.java:498)
	at cucumber.runtime.Utils$1.call(Utils.java:32)
	at cucumber.runtime.Timeout.timeout(Timeout.java:16)
	at cucumber.runtime.Utils.invoke(Utils.java:26)
	at cucumber.runtime.java.JavaStepDefinition.execute(JavaStepDefinition.java:37)
	at cucumber.runtime.StepDefinitionMatch.runStep(StepDefinitionMatch.java:40)
	at cucumber.api.TestStep.executeStep(TestStep.java:102)
	at cucumber.api.TestStep.run(TestStep.java:83)
	at cucumber.api.TestCase.run(TestCase.java:58)
	at cucumber.runner.Runner.runPickle(Runner.java:80)
	at cucumber.runtime.junit.PickleRunners$NoStepDescriptions.run_aroundBody4(PickleRunners.java:140)
	at cucumber.runtime.junit.PickleRunners$NoStepDescriptions.run_aroundBody5$advice(PickleRunners.java:37)
	at cucumber.runtime.junit.PickleRunners$NoStepDescriptions.run(PickleRunners.java:1)
	at cucumber.runtime.junit.FeatureRunner.runChild_aroundBody10(FeatureRunner.java:68)
	at cucumber.runtime.junit.FeatureRunner.runChild_aroundBody11$advice(FeatureRunner.java:37)
	at cucumber.runtime.junit.FeatureRunner.runChild(FeatureRunner.java:1)
	at cucumber.runtime.junit.FeatureRunner.runChild(FeatureRunner.java:23)
	at org.junit.runners.ParentRunner$3.run(ParentRunner.java:290)
	at org.junit.runners.ParentRunner$1.schedule(ParentRunner.java:71)
	at org.junit.runners.ParentRunner.runChildren(ParentRunner.java:288)
	at org.junit.runners.ParentRunner.access$000(ParentRunner.java:58)
	at org.junit.runners.ParentRunner$2.evaluate(ParentRunner.java:268)
	at org.junit.runners.ParentRunner.run(ParentRunner.java:363)
	at cucumber.runtime.junit.FeatureRunner.run_aroundBody12(FeatureRunner.java:73)
	at cucumber.runtime.junit.FeatureRunner.run_aroundBody13$advice(FeatureRunner.java:37)
	at cucumber.runtime.junit.FeatureRunner.run(FeatureRunner.java:1)
	at cucumber.api.junit.Cucumber.runChild_aroundBody8(Cucumber.java:118)
	at cucumber.api.junit.Cucumber.runChild_aroundBody9$advice(Cucumber.java:37)
	at cucumber.api.junit.Cucumber.runChild(Cucumber.java:1)
	at cucumber.api.junit.Cucumber.runChild(Cucumber.java:56)
	at org.junit.runners.ParentRunner$3.run(ParentRunner.java:290)
	at org.junit.runners.ParentRunner$1.schedule(ParentRunner.java:71)
	at org.junit.runners.ParentRunner.runChildren(ParentRunner.java:288)
	at org.junit.runners.ParentRunner.access$000(ParentRunner.java:58)
	at org.junit.runners.ParentRunner$2.evaluate(ParentRunner.java:268)
	at cucumber.api.junit.Cucumber$1.evaluate_aroundBody0(Cucumber.java:127)
	at cucumber.api.junit.Cucumber$1.evaluate_aroundBody1$advice(Cucumber.java:37)
	at cucumber.api.junit.Cucumber$1.evaluate(Cucumber.java:1)
	at org.junit.internal.runners.statements.RunAfters.evaluate(RunAfters.java:27)
	at org.junit.runners.ParentRunner.run(ParentRunner.java:363)
	at org.apache.maven.surefire.junit4.JUnit4Provider.execute(JUnit4Provider.java:365)
	at org.apache.maven.surefire.junit4.JUnit4Provider.executeWithRerun(JUnit4Provider.java:273)
	at org.apache.maven.surefire.junit4.JUnit4Provider.executeTestSet(JUnit4Provider.java:238)
	at org.apache.maven.surefire.junit4.JUnit4Provider.invoke(JUnit4Provider.java:159)
	at org.apache.maven.surefire.booter.ForkedBooter.invokeProviderInSameClassLoader(ForkedBooter.java:384)
	at org.apache.maven.surefire.booter.ForkedBooter.runSuitesInProcess(ForkedBooter.java:345)
	at org.apache.maven.surefire.booter.ForkedBooter.execute(ForkedBooter.java:126)
	at org.apache.maven.surefire.booter.ForkedBooter.main(ForkedBooter.java:418)
Caused by: org.openqa.selenium.TimeoutException: Timed out after 10 seconds waiting for visibility of Tab Wraper
Build info: version: 'unknown', revision: 'unknown', time: 'unknown'
System info: host: 'ZAVALIY-T', ip: '192.168.100.2', os.name: 'Windows 10', os.arch: 'amd64', os.version: '10.0', java.version: '1.8.0_172'
Driver info: org.openqa.selenium.chrome.ChromeDriver
Capabilities [{mobileEmulationEnabled=false, hasTouchScreen=false, platform=XP, acceptSslCerts=false, goog:chromeOptions={debuggerAddress=localhost:63336}, acceptInsecureCerts=false, webStorageEnabled=true, browserName=chrome, takesScreenshot=true, javascriptEnabled=true, setWindowRect=true, unexpectedAlertBehaviour=ignore, applicationCacheEnabled=false, rotatable=false, networkConnectionEnabled=false, chrome={chromedriverVersion=2.43.600210 (68dcf5eebde37173d4027fa8635e332711d2874a), userDataDir=C:\Users\T6C14~1.ZAV\AppData\Local\Temp\scoped_dir33168_30229}, takesHeapSnapshot=true, pageLoadStrategy=normal, databaseEnabled=false, handlesAlerts=true, version=75.0.3770.100, browserConnectionEnabled=false, nativeEvents=true, locationContextEnabled=true, cssSelectorsEnabled=true}]
Session ID: 391bd018e8782a8d83cf75470e0f222c
	at org.openqa.selenium.support.ui.WebDriverWait.timeoutException(WebDriverWait.java:80)
	at org.openqa.selenium.support.ui.FluentWait.until(FluentWait.java:261)
	at ru.gamble.pages.userProfilePages.ProfilePage.<init>(ProfilePage.java:79)
	... 69 more
Caused by: org.openqa.selenium.NoSuchElementException: Timed out after 5 seconds. Unable to locate the element
For documentation on this error, please visit: http://seleniumhq.org/exceptions/no_such_element.html
Build info: version: 'unknown', revision: 'unknown', time: 'unknown'
System info: host: 'ZAVALIY-T', ip: '192.168.100.2', os.name: 'Windows 10', os.arch: 'amd64', os.version: '10.0', java.version: '1.8.0_172'
Driver info: driver.version: unknown
	at org.openqa.selenium.support.pagefactory.AjaxElementLocator.findElement(AjaxElementLocator.java:91)
	at org.openqa.selenium.support.pagefactory.internal.LocatingElementHandler.invoke(LocatingElementHandler.java:38)
	at ru.yandex.qatools.htmlelements.loader.decorator.proxyhandlers.WebElementNamedProxyHandler.invoke_aroundBody0(WebElementNamedProxyHandler.java:44)
	at ru.yandex.qatools.htmlelements.loader.decorator.proxyhandlers.WebElementNamedProxyHandler.invoke_aroundBody1$advice(WebElementNamedProxyHandler.java:37)
	at ru.yandex.qatools.htmlelements.loader.decorator.proxyhandlers.WebElementNamedProxyHandler.invoke(WebElementNamedProxyHandler.java:1)
	at com.sun.proxy.$Proxy21.isDisplayed(Unknown Source)
	at org.openqa.selenium.support.ui.ExpectedConditions.elementIfVisible(ExpectedConditions.java:302)
	at org.openqa.selenium.support.ui.ExpectedConditions.access$100(ExpectedConditions.java:41)
	at org.openqa.selenium.support.ui.ExpectedConditions$10.apply(ExpectedConditions.java:288)
	at org.openqa.selenium.support.ui.ExpectedConditions$10.apply(ExpectedConditions.java:285)
	at org.openqa.selenium.support.ui.FluentWait.until(FluentWait.java:238)
	... 70 more
Caused by: org.openqa.selenium.NoSuchElementException: no such element: Unable to locate element: {"method":"xpath","selector":"//div[@class='user-profile__tab-wraper']"}
  (Session info: chrome=75.0.3770.100)
  (Driver info: chromedriver=2.43.600210 (68dcf5eebde37173d4027fa8635e332711d2874a),platform=Windows NT 10.0.15063 x86_64) (WARNING: The server did not provide any stacktrace information)
Command duration or timeout: 10.01 seconds
For documentation on this error, please visit: http://seleniumhq.org/exceptions/no_such_element.html
Build info: version: 'unknown', revision: 'unknown', time: 'unknown'
System info: host: 'ZAVALIY-T', ip: '192.168.100.2', os.name: 'Windows 10', os.arch: 'amd64', os.version: '10.0', java.version: '1.8.0_172'
Driver info: org.openqa.selenium.chrome.ChromeDriver
Capabilities [{mobileEmulationEnabled=false, hasTouchScreen=false, platform=XP, acceptSslCerts=false, goog:chromeOptions={debuggerAddress=localhost:63336}, acceptInsecureCerts=false, webStorageEnabled=true, browserName=chrome, takesScreenshot=true, javascriptEnabled=true, setWindowRect=true, unexpectedAlertBehaviour=ignore, applicationCacheEnabled=false, rotatable=false, networkConnectionEnabled=false, chrome={chromedriverVersion=2.43.600210 (68dcf5eebde37173d4027fa8635e332711d2874a), userDataDir=C:\Users\T6C14~1.ZAV\AppData\Local\Temp\scoped_dir33168_30229}, takesHeapSnapshot=true, pageLoadStrategy=normal, databaseEnabled=false, handlesAlerts=true, version=75.0.3770.100, browserConnectionEnabled=false, nativeEvents=true, locationContextEnabled=true, cssSelectorsEnabled=true}]
Session ID: 391bd018e8782a8d83cf75470e0f222c
*** Element info: {Using=xpath, value=//div[@class='user-profile__tab-wraper']}
	at sun.reflect.GeneratedConstructorAccessor17.newInstance(Unknown Source)
	at sun.reflect.DelegatingConstructorAccessorImpl.newInstance(DelegatingConstructorAccessorImpl.java:45)
	at java.lang.reflect.Constructor.newInstance(Constructor.java:423)
	at org.openqa.selenium.remote.ErrorHandler.createThrowable(ErrorHandler.java:206)
	at org.openqa.selenium.remote.ErrorHandler.throwIfResponseFailed(ErrorHandler.java:158)
	at org.openqa.selenium.remote.RemoteWebDriver.execute(RemoteWebDriver.java:678)
	at org.openqa.selenium.remote.RemoteWebDriver.findElement(RemoteWebDriver.java:363)
	at org.openqa.selenium.remote.RemoteWebDriver.findElementByXPath(RemoteWebDriver.java:500)
	at org.openqa.selenium.By$ByXPath.findElement_aroundBody2(By.java:361)
	at org.openqa.selenium.By$ByXPath.findElement_aroundBody3$advice(By.java:37)
	at org.openqa.selenium.By$ByXPath.findElement(By.java:1)
	at org.openqa.selenium.remote.RemoteWebDriver.findElement(RemoteWebDriver.java:355)
	at org.openqa.selenium.support.pagefactory.DefaultElementLocator.findElement(DefaultElementLocator.java:69)
	at org.openqa.selenium.support.pagefactory.AjaxElementLocator.access$001(AjaxElementLocator.java:41)
	at org.openqa.selenium.support.pagefactory.AjaxElementLocator$SlowLoadingElement.isLoaded(AjaxElementLocator.java:157)
	at org.openqa.selenium.support.ui.SlowLoadableComponent.get(SlowLoadableComponent.java:70)
	at org.openqa.selenium.support.pagefactory.AjaxElementLocator.findElement(AjaxElementLocator.java:87)
	... 80 more

    * пользователь (проверяет что поле содержит значение) "Электронная почта" "NEWEMAIL" # StepDefs.userActionTwoParams(String,String,String)
 |===> 16:23:00 12.08.19[INFO] ru.gamble.stepdefs.CommonStepDefs - fail? true
 |===> 16:23:00 12.08.19[INFO] ru.gamble.stepdefs.CommonStepDefs - АФТЕРРР
 |===> 16:23:01 12.08.19[INFO] ru.sbtqa.tag.stepdefs.SetupSteps - Webdriver sharing is processing...
]]></system-out>
  </testcase>
  <testcase name="Проверка смены PHONE через EMAIL" classname="изменение базовых параметров через личный кабинет" time="253.719">
    <error message="Failed to initialize page &apos;class ru.gamble.pages.userProfilePages.ProfilePage&apos;" type="ru.sbtqa.tag.pagefactory.exceptions.PageInitializationException">ru.sbtqa.tag.pagefactory.exceptions.PageInitializationException: Failed to initialize page 'class ru.gamble.pages.userProfilePages.ProfilePage'
Caused by: java.lang.reflect.InvocationTargetException
Caused by: org.openqa.selenium.TimeoutException: 
Timed out after 10 seconds waiting for visibility of Tab Wraper
Build info: version: 'unknown', revision: 'unknown', time: 'unknown'
System info: host: 'ZAVALIY-T', ip: '192.168.100.2', os.name: 'Windows 10', os.arch: 'amd64', os.version: '10.0', java.version: '1.8.0_172'
Driver info: org.openqa.selenium.chrome.ChromeDriver
Capabilities [{mobileEmulationEnabled=false, hasTouchScreen=false, platform=XP, acceptSslCerts=false, goog:chromeOptions={debuggerAddress=localhost:63336}, acceptInsecureCerts=false, webStorageEnabled=true, browserName=chrome, takesScreenshot=true, javascriptEnabled=true, setWindowRect=true, unexpectedAlertBehaviour=ignore, applicationCacheEnabled=false, rotatable=false, networkConnectionEnabled=false, chrome={chromedriverVersion=2.43.600210 (68dcf5eebde37173d4027fa8635e332711d2874a), userDataDir=C:\Users\T6C14~1.ZAV\AppData\Local\Temp\scoped_dir33168_30229}, takesHeapSnapshot=true, pageLoadStrategy=normal, databaseEnabled=false, handlesAlerts=true, version=75.0.3770.100, browserConnectionEnabled=false, nativeEvents=true, locationContextEnabled=true, cssSelectorsEnabled=true}]
Session ID: 391bd018e8782a8d83cf75470e0f222c
Caused by: org.openqa.selenium.NoSuchElementException: 
Timed out after 5 seconds. Unable to locate the element
For documentation on this error, please visit: http://seleniumhq.org/exceptions/no_such_element.html
Build info: version: 'unknown', revision: 'unknown', time: 'unknown'
System info: host: 'ZAVALIY-T', ip: '192.168.100.2', os.name: 'Windows 10', os.arch: 'amd64', os.version: '10.0', java.version: '1.8.0_172'
Driver info: driver.version: unknown
Caused by: org.openqa.selenium.NoSuchElementException: 
no such element: Unable to locate element: {"method":"xpath","selector":"//div[@class='user-profile__tab-wraper']"}
  (Session info: chrome=75.0.3770.100)
  (Driver info: chromedriver=2.43.600210 (68dcf5eebde37173d4027fa8635e332711d2874a),platform=Windows NT 10.0.15063 x86_64) (WARNING: The server did not provide any stacktrace information)
Command duration or timeout: 10.06 seconds
For documentation on this error, please visit: http://seleniumhq.org/exceptions/no_such_element.html
Build info: version: 'unknown', revision: 'unknown', time: 'unknown'
System info: host: 'ZAVALIY-T', ip: '192.168.100.2', os.name: 'Windows 10', os.arch: 'amd64', os.version: '10.0', java.version: '1.8.0_172'
Driver info: org.openqa.selenium.chrome.ChromeDriver
Capabilities [{mobileEmulationEnabled=false, hasTouchScreen=false, platform=XP, acceptSslCerts=false, goog:chromeOptions={debuggerAddress=localhost:63336}, acceptInsecureCerts=false, webStorageEnabled=true, browserName=chrome, takesScreenshot=true, javascriptEnabled=true, setWindowRect=true, unexpectedAlertBehaviour=ignore, applicationCacheEnabled=false, rotatable=false, networkConnectionEnabled=false, chrome={chromedriverVersion=2.43.600210 (68dcf5eebde37173d4027fa8635e332711d2874a), userDataDir=C:\Users\T6C14~1.ZAV\AppData\Local\Temp\scoped_dir33168_30229}, takesHeapSnapshot=true, pageLoadStrategy=normal, databaseEnabled=false, handlesAlerts=true, version=75.0.3770.100, browserConnectionEnabled=false, nativeEvents=true, locationContextEnabled=true, cssSelectorsEnabled=true}]
Session ID: 391bd018e8782a8d83cf75470e0f222c
*** Element info: {Using=xpath, value=//div[@class='user-profile__tab-wraper']}
</error>
    <system-out><![CDATA[
  Предыстория:                                                        # src/test/resources/features/others/ChangeBasicParameter.feature:3
 |===> 16:23:01 12.08.19[INFO] ru.gamble.stepdefs.CommonStepDefs - <================START...TEST================>
 |===> 16:23:01 12.08.19[INFO] ru.gamble.stepdefs.CommonStepDefs - NAME: Проверка смены PHONE через EMAIL
 |===> 16:23:01 12.08.19[INFO] ru.gamble.stepdefs.CommonStepDefs - TAGS: [@ChangeBasicParameter, @regress]
 |===> 16:23:01 12.08.19[INFO] ru.gamble.stepdefs.CommonStepDefs - ID: 102
 |===> 16:23:01 12.08.19[INFO] ru.gamble.stepdefs.CommonStepDefs - Сохранили в память key [MAIN_URL] <== value [https://test-func.gamebet.ru]
 |===> 16:23:01 12.08.19[INFO] ru.sbtqa.tag.stepdefs.SetupSteps - Log4j properties were picked up on the path src/test/resources/config/log4j.properties
 |===> 16:23:01 12.08.19[INFO] org.reflections.Reflections - Reflections took 16 ms to scan 1 urls, producing 4 keys and 126 values 
 |===> 16:23:01 12.08.19[INFO] ru.gamble.stepdefs.CommonStepDefs - key::[PASSWORD] value::[Acer0808!]
    * сохраняем в память                                              # CommonStepDefs.saveValueToKey(DataTable)
 |===> 16:23:01 12.08.19[INFO] ru.gamble.stepdefs.CommonStepDefs - SQL-request [2]
 |===> 16:23:01 12.08.19[INFO] ru.gamble.stepdefs.CommonStepDefs - SQL-request [2]
 |===> 16:23:01 12.08.19[INFO] ru.gamble.stepdefs.CommonStepDefs - SQL-request [2]
 |===> 16:23:01 12.08.19[INFO] ru.gamble.stepdefs.CommonStepDefs - SQL-request [2]
 |===> 16:23:01 12.08.19[INFO] ru.gamble.stepdefs.CommonStepDefs - SQL-request [2]
 |===> 16:23:01 12.08.19[INFO] ru.gamble.stepdefs.CommonStepDefs - SQL-request [2]
 |===> 16:23:01 12.08.19[INFO] ru.gamble.stepdefs.CommonStepDefs - SQL-request [2]
 |===> 16:23:01 12.08.19[INFO] ru.gamble.stepdefs.CommonStepDefs - SQL-request [2]
 |===> 16:23:01 12.08.19[INFO] ru.gamble.stepdefs.CommonStepDefs - SQL-request [0]
 |===> 16:23:01 12.08.19[INFO] ru.gamble.stepdefs.CommonStepDefs - email:testregistrator+1561477597789@inbox.ru
    * поиск акаунта для проверки изменений базовых параметров "EMAIL" # CommonStepDefs.searchUserForEdit(String)
 |===> 16:23:01 12.08.19[INFO] ru.gamble.stepdefs.CommonStepDefs - Сохраняем в память key[NEWEMAIL] <== value[testregistrator+1565616181521@inbox.ru]
    * генерим email в "NEWEMAIL" "inbox"                              # CommonStepDefs.generateEmailAndSave(String,String)
 |===> 16:23:01 12.08.19[INFO] ru.gamble.stepdefs.CommonStepDefs - SQL-request [testregistrator1565465347893@mailinator.com]
 |===> 16:23:01 12.08.19[INFO] ru.gamble.stepdefs.CommonStepDefs - Подходящий пользователь найден : testregistrator1565465347893@mailinator.com
    * поиск акаунта со статуом регистрации "=2" "OLDEMAIL"            # CommonStepDefs.searchUserStatus(String,String)
 |===> 16:23:01 12.08.19[INFO] ru.gamble.stepdefs.CommonStepDefs - [change_basic_parameter] = true
 |===> 16:23:01 12.08.19[INFO] ru.gamble.stepdefs.CommonStepDefs - Включили опиции ['change_basic_parameter']
    * редактируем некоторые активные опции сайта                      # CommonStepDefs.rememberActiveOption(DataTable)
 |===> 16:23:01 12.08.19[INFO] ru.gamble.stepdefs.CommonStepDefs - Переход на главную страницу
 |===> 16:23:02 12.08.19[INFO] ru.gamble.stepdefs.CommonStepDefs - Перешли на страницу [https://test-func.gamebet.ru]
 |===> 16:23:02 12.08.19[INFO] ru.gamble.stepdefs.CommonStepDefs - Удаляем Cookies
 |===> 16:23:03 12.08.19[INFO] ru.gamble.stepdefs.CommonStepDefs - Ищем наличие кнопки с силуетом пользователя.
 |===> 16:23:13 12.08.19[INFO] ru.gamble.stepdefs.CommonStepDefs - Нажимаем на кнопку с силуетом пользователя.
 |===> 16:23:13 12.08.19[INFO] ru.gamble.stepdefs.CommonStepDefs - Ищем кнопку 'Выход' и нажимаем
 |===> 16:23:18 12.08.19[INFO] ru.gamble.stepdefs.CommonStepDefs - Обновили страницу на всякий случай
    * разлогиниваем пользователя                                      # CommonStepDefs.logOut()
 |===> 16:23:40 12.08.19[INFO] ru.gamble.pages.AbstractPage - Ищем элемент [By.xpath: //div[contains(@class,'main-slider__wrapper')]] на странице::https://test-func.gamebet.ru/
    * открывается страница "Главная страница"                         # StepDefs.openPage(String)
 |===> 16:24:00 12.08.19[INFO] ru.gamble.pages.AbstractPage - Нажали на [Вход]
    * пользователь (нажимает кнопку) "Вход"                           # StepDefs.userActionOneParam(String,String)
    * открывается страница "Вход"                                     # StepDefs.openPage(String)
 |===> 16:24:00 12.08.19[INFO] ru.gamble.pages.userProfilePages.EnterPage - Будем логиниться через method. Для этого выбираем соответсвующую вкладку на попапе авторизации
 |===> 16:24:00 12.08.19[INFO] ru.gamble.pages.userProfilePages.EnterPage - Выбрали авторизацию через method
 |===> 16:24:00 12.08.19[INFO] ru.gamble.pages.userProfilePages.EnterPage - Будем логиниться через method. Для этого выбираем соответсвующую вкладку на попапе авторизации
 |===> 16:24:00 12.08.19[INFO] ru.gamble.pages.userProfilePages.EnterPage - Выбрали авторизацию через method
 |===> 16:24:01 12.08.19[INFO] ru.gamble.pages.userProfilePages.EnterPage - Водим в поле::testregistrator+1561477597789@inbox.ru
 |===> 16:24:02 12.08.19[INFO] ru.gamble.pages.userProfilePages.EnterPage - Попытка ввести::testregistrator+1561477597789@inbox.ru[0]
 |===> 16:24:02 12.08.19[INFO] ru.gamble.pages.userProfilePages.EnterPage - Реально в поле ввелось::testregistrator+1561477597789@inbox.ru
 |===> 16:24:02 12.08.19[INFO] ru.gamble.pages.userProfilePages.EnterPage - Водим в поле::Acer0808!
 |===> 16:24:02 12.08.19[INFO] ru.gamble.pages.userProfilePages.EnterPage - Ожидаем пока кнопка 'Войти' будет видимой
 |===> 16:24:02 12.08.19[INFO] ru.gamble.pages.userProfilePages.EnterPage - Нажимаем на кнопку 'Войти'
 |===> 16:24:02 12.08.19[INFO] ru.gamble.pages.userProfilePages.EnterPage - Попытка ввеcти::0
 |===> 16:24:32 12.08.19[INFO] ru.gamble.pages.AbstractPage - Окно 'Перейти в ЦУПИС' не появилось
    * пользователь (логинится с) данными                              # StepDefs.userActionTableParam(String,DataTable)
    * нажмем Продолжить регу на всякий                                # CommonStepDefs.rega()
 |===> 16:24:43 12.08.19[INFO] ru.gamble.pages.AbstractPage - Ищем элемент [Page Title] на странице::https://test-func.gamebet.ru/?refresh=1
    * открывается страница "Авторизованная Главная страница"          # StepDefs.openPage(String)
 |===> 16:24:53 12.08.19[INFO] ru.gamble.pages.AbstractPage - Нажали на [Иконка юзера]
    * пользователь (нажимает кнопку) "Иконка юзера"                   # StepDefs.userActionOneParam(String,String)
    * открывается страница "Мини Личный Кабинет"                      # StepDefs.openPage(String)
 |===> 16:24:54 12.08.19[INFO] ru.gamble.pages.AbstractPage - Получили и перешли по ссылке::https://test-func.gamebet.ru/private/user/details
    * пользователь (переходит по ссылке) "Профиль"                    # StepDefs.userActionOneParam(String,String)

  @regress @ChangeBasicParameter
  Сценарий: Проверка смены PHONE через EMAIL                                   # src/test/resources/features/others/ChangeBasicParameter.feature:102
 |===> 16:25:05 12.08.19[INFO] ru.gamble.stepdefs.CommonStepDefs - SQL-request [79330000608]
    * запоминаем значение "PHONE" для пользователя с "EMAIL"                   # CommonStepDefs.rememberPhoneForEmail(String,String)
 |===> 16:25:05 12.08.19[INFO] ru.gamble.stepdefs.CommonStepDefs - SQL-request [79330000865]
    * запоминаем значение "OLDPHONE" для пользователя с "OLDEMAIL"             # CommonStepDefs.rememberPhoneForEmail(String,String)
 |===> 16:25:05 12.08.19[INFO] ru.gamble.stepdefs.CommonStepDefs - SQL-request [79330000873]
 |===> 16:25:05 12.08.19[INFO] ru.gamble.stepdefs.CommonStepDefs - 79330000874
    * определяем незанятый номер телефона и сохраняем в "NEWPHONE"             # CommonStepDefs.confirmEmail(String)
    * открывается страница "Профиль"                                           # StepDefs.openPage(String)
 |===> 16:25:26 12.08.19[INFO] ru.gamble.pages.AbstractPage - Нажали на [Изменить phone]
    * пользователь (нажимает кнопку) "Изменить phone"                          # StepDefs.userActionOneParam(String,String)
 |===> 16:25:26 12.08.19[INFO] ru.gamble.pages.userProfilePages.ProfilePage - Заполняем поле 'пароль' значением Acer0808!
 |===> 16:25:26 12.08.19[INFO] ru.gamble.pages.userProfilePages.ProfilePage - Нажимаем на кнопку 'ОК'
    * пользователь (подтверждает пароль) "PASSWORD"                            # StepDefs.userActionOneParam(String,String)
    * открывается страница "Подтверждение прав пользователя"                   # StepDefs.openPage(String)
 |===> 16:25:37 12.08.19[INFO] ru.gamble.pages.userProfilePages.BonusesPage - Открывает список возможных способов подвтерждения прав пользователя
 |===> 16:25:37 12.08.19[INFO] ru.gamble.pages.userProfilePages.BonusesPage - В выпавшем списке выбираем строчку = testregistrator1561477597789@inbox.ru
 |===> 16:25:37 12.08.19[INFO] ru.gamble.pages.userProfilePages.BonusesPage - Нажимаем на кнопку 'ВЫСЛАТЬ ССЫЛКУ'
    * пользователь (выбирает способ подтверждения наличие доступа) "EMAIL"     # StepDefs.userActionOneParam(String,String)
    * пользователь (проверяет что страница находится на шаге) "2"              # StepDefs.userActionOneParam(String,String)
    * пользователь (проверяет что кнопка 'отправить ещё раз') "заблокирована"  # StepDefs.userActionOneParam(String,String)
 |===> 16:25:38 12.08.19[INFO] ru.gamble.utility.MailSearcher - INBOX
 |===> 16:25:39 12.08.19[INFO] ru.gamble.utility.MailSearcher - Письмо получено
 |===> 16:25:39 12.08.19[INFO] ru.gamble.utility.MailSearcher - NEW MAIL DETECTED
 |===> 16:25:39 12.08.19[INFO] ru.gamble.utility.MailSearcher - Поиск ссылки в письме
 |===> 16:25:39 12.08.19[INFO] ru.gamble.utility.MailSearcher - <html> <he
 |===> 16:25:39 12.08.19[INFO] ru.gamble.utility.MailSearcher - Ссылка полностью : https://test-func.gamebet.ru/service/user/confirm/account_email?code=459766&type=phone
 |===> 16:25:39 12.08.19[INFO] ru.gamble.utility.MailSearcher - !!!!!!!!!!!!!!!!!!!!!!!!!! LINK !!!!!!!!!!!!!!!!!!!!!! : https://test-func.gamebet.ru/service/user/confirm/account_email?code=459766&type=phone
 |===> 16:25:39 12.08.19[INFO] ru.gamble.utility.MailSearcher - Параметр для аутентификации : code=459766
 |===> 16:25:39 12.08.19[INFO] ru.gamble.utility.MailSearcher - Получено писем::1
 |===> 16:25:39 12.08.19[INFO] ru.gamble.utility.MailSearcher - Теперь очистим папку входящих
 |===> 16:25:39 12.08.19[INFO] ru.gamble.utility.MailSearcher - SPAM
 |===> 16:25:40 12.08.19[INFO] ru.gamble.utility.MailSearcher - SIZE FOLDER:0
 |===> 16:25:40 12.08.19[INFO] ru.gamble.utility.MailSearcher - Нет новых писем. Количество попыток : 5
 |===> 16:25:45 12.08.19[INFO] ru.gamble.utility.MailSearcher - SIZE FOLDER:0
 |===> 16:25:45 12.08.19[INFO] ru.gamble.utility.MailSearcher - Нет новых писем. Количество попыток : 4
 |===> 16:25:50 12.08.19[INFO] ru.gamble.utility.MailSearcher - SIZE FOLDER:0
 |===> 16:25:50 12.08.19[INFO] ru.gamble.utility.MailSearcher - Нет новых писем. Количество попыток : 3
 |===> 16:25:55 12.08.19[INFO] ru.gamble.utility.MailSearcher - SIZE FOLDER:0
 |===> 16:25:55 12.08.19[INFO] ru.gamble.utility.MailSearcher - Нет новых писем. Количество попыток : 2
 |===> 16:26:00 12.08.19[INFO] ru.gamble.utility.MailSearcher - SIZE FOLDER:0
 |===> 16:26:00 12.08.19[INFO] ru.gamble.utility.MailSearcher - Нет новых писем. Количество попыток : 1
 |===> 16:26:05 12.08.19[INFO] ru.gamble.utility.MailSearcher - Время ожидания истекло. Письмо не было доставлено.
 |===> 16:26:05 12.08.19[INFO] ru.gamble.utility.MailSearcher - INBOX
    * пользователь (открывает ссылку из письма) "EMAIL" "изменение"            # StepDefs.userActionTwoParams(String,String,String)
    * пользователь (проверяет что страница находится на шаге) "3"              # StepDefs.userActionOneParam(String,String)
    * пользователь (вводит в поле телефон) "OLDPHONE"                          # StepDefs.userActionOneParam(String,String)
 |===> 16:26:07 12.08.19[INFO] ru.gamble.pages.userProfilePages.BonusesPage - :Пользователь с таким телефоном уже существует
    * пользователь (проверяет есть ли сообщение об ошибке) "да"                # StepDefs.userActionOneParam(String,String)
    * пользователь (вводит в поле телефон) "NEWPHONE"                          # StepDefs.userActionOneParam(String,String)
    * пользователь (проверяет есть ли сообщение об ошибке) "нет"               # StepDefs.userActionOneParam(String,String)
 |===> 16:26:18 12.08.19[INFO] ru.gamble.stepdefs.CommonStepDefs - Пытаемся найти код подтверждения телефона
 |===> 16:26:18 12.08.19[INFO] ru.gamble.stepdefs.CommonStepDefs - Ожидаем 2 сек. для сервера TEST_INT
    * пользователь (вводит код из смс) "NEWPHONE" "неправильный"               # StepDefs.userActionTwoParams(String,String,String)
    * пользователь (жмёт важную розово-голубую кнопку) "Применить"             # StepDefs.userActionOneParam(String,String)
 |===> 16:26:21 12.08.19[INFO] ru.gamble.pages.userProfilePages.BonusesPage - :Неверный код
    * пользователь (проверяет есть ли сообщение об ошибке) "да"                # StepDefs.userActionOneParam(String,String)
    * пользователь (жмёт важную розово-голубую кнопку) "Отправить еще раз"     # StepDefs.userActionOneParam(String,String)
 |===> 16:26:21 12.08.19[INFO] ru.gamble.stepdefs.CommonStepDefs - Пытаемся найти код подтверждения телефона
 |===> 16:26:21 12.08.19[INFO] ru.gamble.stepdefs.CommonStepDefs - Ожидаем 2 сек. для сервера TEST_INT
    * пользователь (вводит код из смс) "NEWPHONE" "правильный"                 # StepDefs.userActionTwoParams(String,String,String)
    * пользователь (жмёт важную розово-голубую кнопку) "Применить"             # StepDefs.userActionOneParam(String,String)
    * пользователь (проверяет на странице наличие текста) "NEWPHONE"           # StepDefs.userActionOneParam(String,String)
    * пользователь (проверяет на странице наличие текста) "Поздравляем"        # StepDefs.userActionOneParam(String,String)
 |===> 16:26:33 12.08.19[INFO] ru.gamble.pages.AbstractPage - Нажали на [В личный кабинет]
    * пользователь (нажимает кнопку) "В личный кабинет"                        # StepDefs.userActionOneParam(String,String)
    * открывается страница "Профиль"                                           # StepDefs.openPage(String)
      ru.sbtqa.tag.pagefactory.exceptions.PageInitializationException: Failed to initialize page 'class ru.gamble.pages.userProfilePages.ProfilePage'
	at ru.sbtqa.tag.pagefactory.PageWrapper.bootstrapPage_aroundBody14(PageWrapper.java:215)
	at ru.sbtqa.tag.pagefactory.PageWrapper.bootstrapPage_aroundBody15$advice(PageWrapper.java:37)
	at ru.sbtqa.tag.pagefactory.PageWrapper.bootstrapPage(PageWrapper.java:1)
	at ru.sbtqa.tag.pagefactory.PageWrapper.getPage_aroundBody4(PageWrapper.java:82)
	at ru.sbtqa.tag.pagefactory.PageWrapper.getPage_aroundBody5$advice(PageWrapper.java:37)
	at ru.sbtqa.tag.pagefactory.PageWrapper.getPage(PageWrapper.java:1)
	at ru.sbtqa.tag.pagefactory.PageWrapper.getPage_aroundBody0(PageWrapper.java:48)
	at ru.sbtqa.tag.pagefactory.PageWrapper.getPage_aroundBody1$advice(PageWrapper.java:37)
	at ru.sbtqa.tag.pagefactory.PageWrapper.getPage(PageWrapper.java:1)
	at ru.sbtqa.tag.stepdefs.GenericStepDefs.openPage_aroundBody12(GenericStepDefs.java:214)
	at ru.sbtqa.tag.stepdefs.GenericStepDefs.openPage_aroundBody13$advice(GenericStepDefs.java:37)
	at ru.sbtqa.tag.stepdefs.GenericStepDefs.openPage(GenericStepDefs.java:1)
	at ru.sbtqa.tag.stepdefs.ru.StepDefs.openPage_aroundBody16(StepDefs.java:86)
	at ru.sbtqa.tag.stepdefs.ru.StepDefs.openPage_aroundBody17$advice(StepDefs.java:37)
	at ru.sbtqa.tag.stepdefs.ru.StepDefs.openPage(StepDefs.java:1)
	at ?.открывается страница "Профиль"(src/test/resources/features/others/ChangeBasicParameter.feature:135)
Caused by: java.lang.reflect.InvocationTargetException
	at sun.reflect.NativeConstructorAccessorImpl.newInstance0(Native Method)
	at sun.reflect.NativeConstructorAccessorImpl.newInstance(NativeConstructorAccessorImpl.java:62)
	at sun.reflect.DelegatingConstructorAccessorImpl.newInstance(DelegatingConstructorAccessorImpl.java:45)
	at java.lang.reflect.Constructor.newInstance(Constructor.java:423)
	at ru.sbtqa.tag.pagefactory.PageWrapper.bootstrapPage_aroundBody14(PageWrapper.java:211)
	at ru.sbtqa.tag.pagefactory.PageWrapper.bootstrapPage_aroundBody15$advice(PageWrapper.java:37)
	at ru.sbtqa.tag.pagefactory.PageWrapper.bootstrapPage(PageWrapper.java:1)
	at ru.sbtqa.tag.pagefactory.PageWrapper.getPage_aroundBody4(PageWrapper.java:82)
	at ru.sbtqa.tag.pagefactory.PageWrapper.getPage_aroundBody5$advice(PageWrapper.java:37)
	at ru.sbtqa.tag.pagefactory.PageWrapper.getPage(PageWrapper.java:1)
	at ru.sbtqa.tag.pagefactory.PageWrapper.getPage_aroundBody0(PageWrapper.java:48)
	at ru.sbtqa.tag.pagefactory.PageWrapper.getPage_aroundBody1$advice(PageWrapper.java:37)
	at ru.sbtqa.tag.pagefactory.PageWrapper.getPage(PageWrapper.java:1)
	at ru.sbtqa.tag.stepdefs.GenericStepDefs.openPage_aroundBody12(GenericStepDefs.java:214)
	at ru.sbtqa.tag.stepdefs.GenericStepDefs.openPage_aroundBody13$advice(GenericStepDefs.java:37)
	at ru.sbtqa.tag.stepdefs.GenericStepDefs.openPage(GenericStepDefs.java:1)
	at ru.sbtqa.tag.stepdefs.ru.StepDefs.openPage_aroundBody16(StepDefs.java:86)
	at ru.sbtqa.tag.stepdefs.ru.StepDefs.openPage_aroundBody17$advice(StepDefs.java:37)
	at ru.sbtqa.tag.stepdefs.ru.StepDefs.openPage(StepDefs.java:1)
	at sun.reflect.GeneratedMethodAccessor28.invoke(Unknown Source)
	at sun.reflect.DelegatingMethodAccessorImpl.invoke(DelegatingMethodAccessorImpl.java:43)
	at java.lang.reflect.Method.invoke(Method.java:498)
	at cucumber.runtime.Utils$1.call(Utils.java:32)
	at cucumber.runtime.Timeout.timeout(Timeout.java:16)
	at cucumber.runtime.Utils.invoke(Utils.java:26)
	at cucumber.runtime.java.JavaStepDefinition.execute(JavaStepDefinition.java:37)
	at cucumber.runtime.StepDefinitionMatch.runStep(StepDefinitionMatch.java:40)
	at cucumber.api.TestStep.executeStep(TestStep.java:102)
	at cucumber.api.TestStep.run(TestStep.java:83)
	at cucumber.api.TestCase.run(TestCase.java:58)
	at cucumber.runner.Runner.runPickle(Runner.java:80)
	at cucumber.runtime.junit.PickleRunners$NoStepDescriptions.run_aroundBody4(PickleRunners.java:140)
	at cucumber.runtime.junit.PickleRunners$NoStepDescriptions.run_aroundBody5$advice(PickleRunners.java:37)
	at cucumber.runtime.junit.PickleRunners$NoStepDescriptions.run(PickleRunners.java:1)
	at cucumber.runtime.junit.FeatureRunner.runChild_aroundBody10(FeatureRunner.java:68)
	at cucumber.runtime.junit.FeatureRunner.runChild_aroundBody11$advice(FeatureRunner.java:37)
	at cucumber.runtime.junit.FeatureRunner.runChild(FeatureRunner.java:1)
	at cucumber.runtime.junit.FeatureRunner.runChild(FeatureRunner.java:23)
	at org.junit.runners.ParentRunner$3.run(ParentRunner.java:290)
	at org.junit.runners.ParentRunner$1.schedule(ParentRunner.java:71)
	at org.junit.runners.ParentRunner.runChildren(ParentRunner.java:288)
	at org.junit.runners.ParentRunner.access$000(ParentRunner.java:58)
	at org.junit.runners.ParentRunner$2.evaluate(ParentRunner.java:268)
	at org.junit.runners.ParentRunner.run(ParentRunner.java:363)
	at cucumber.runtime.junit.FeatureRunner.run_aroundBody12(FeatureRunner.java:73)
	at cucumber.runtime.junit.FeatureRunner.run_aroundBody13$advice(FeatureRunner.java:37)
	at cucumber.runtime.junit.FeatureRunner.run(FeatureRunner.java:1)
	at cucumber.api.junit.Cucumber.runChild_aroundBody8(Cucumber.java:118)
	at cucumber.api.junit.Cucumber.runChild_aroundBody9$advice(Cucumber.java:37)
	at cucumber.api.junit.Cucumber.runChild(Cucumber.java:1)
	at cucumber.api.junit.Cucumber.runChild(Cucumber.java:56)
	at org.junit.runners.ParentRunner$3.run(ParentRunner.java:290)
	at org.junit.runners.ParentRunner$1.schedule(ParentRunner.java:71)
	at org.junit.runners.ParentRunner.runChildren(ParentRunner.java:288)
	at org.junit.runners.ParentRunner.access$000(ParentRunner.java:58)
	at org.junit.runners.ParentRunner$2.evaluate(ParentRunner.java:268)
	at cucumber.api.junit.Cucumber$1.evaluate_aroundBody0(Cucumber.java:127)
	at cucumber.api.junit.Cucumber$1.evaluate_aroundBody1$advice(Cucumber.java:37)
	at cucumber.api.junit.Cucumber$1.evaluate(Cucumber.java:1)
	at org.junit.internal.runners.statements.RunAfters.evaluate(RunAfters.java:27)
	at org.junit.runners.ParentRunner.run(ParentRunner.java:363)
	at org.apache.maven.surefire.junit4.JUnit4Provider.execute(JUnit4Provider.java:365)
	at org.apache.maven.surefire.junit4.JUnit4Provider.executeWithRerun(JUnit4Provider.java:273)
	at org.apache.maven.surefire.junit4.JUnit4Provider.executeTestSet(JUnit4Provider.java:238)
	at org.apache.maven.surefire.junit4.JUnit4Provider.invoke(JUnit4Provider.java:159)
	at org.apache.maven.surefire.booter.ForkedBooter.invokeProviderInSameClassLoader(ForkedBooter.java:384)
	at org.apache.maven.surefire.booter.ForkedBooter.runSuitesInProcess(ForkedBooter.java:345)
	at org.apache.maven.surefire.booter.ForkedBooter.execute(ForkedBooter.java:126)
	at org.apache.maven.surefire.booter.ForkedBooter.main(ForkedBooter.java:418)
Caused by: org.openqa.selenium.TimeoutException: Timed out after 10 seconds waiting for visibility of Tab Wraper
Build info: version: 'unknown', revision: 'unknown', time: 'unknown'
System info: host: 'ZAVALIY-T', ip: '192.168.100.2', os.name: 'Windows 10', os.arch: 'amd64', os.version: '10.0', java.version: '1.8.0_172'
Driver info: org.openqa.selenium.chrome.ChromeDriver
Capabilities [{mobileEmulationEnabled=false, hasTouchScreen=false, platform=XP, acceptSslCerts=false, goog:chromeOptions={debuggerAddress=localhost:63336}, acceptInsecureCerts=false, webStorageEnabled=true, browserName=chrome, takesScreenshot=true, javascriptEnabled=true, setWindowRect=true, unexpectedAlertBehaviour=ignore, applicationCacheEnabled=false, rotatable=false, networkConnectionEnabled=false, chrome={chromedriverVersion=2.43.600210 (68dcf5eebde37173d4027fa8635e332711d2874a), userDataDir=C:\Users\T6C14~1.ZAV\AppData\Local\Temp\scoped_dir33168_30229}, takesHeapSnapshot=true, pageLoadStrategy=normal, databaseEnabled=false, handlesAlerts=true, version=75.0.3770.100, browserConnectionEnabled=false, nativeEvents=true, locationContextEnabled=true, cssSelectorsEnabled=true}]
Session ID: 391bd018e8782a8d83cf75470e0f222c
	at org.openqa.selenium.support.ui.WebDriverWait.timeoutException(WebDriverWait.java:80)
	at org.openqa.selenium.support.ui.FluentWait.until(FluentWait.java:261)
	at ru.gamble.pages.userProfilePages.ProfilePage.<init>(ProfilePage.java:79)
	... 69 more
Caused by: org.openqa.selenium.NoSuchElementException: Timed out after 5 seconds. Unable to locate the element
For documentation on this error, please visit: http://seleniumhq.org/exceptions/no_such_element.html
Build info: version: 'unknown', revision: 'unknown', time: 'unknown'
System info: host: 'ZAVALIY-T', ip: '192.168.100.2', os.name: 'Windows 10', os.arch: 'amd64', os.version: '10.0', java.version: '1.8.0_172'
Driver info: driver.version: unknown
	at org.openqa.selenium.support.pagefactory.AjaxElementLocator.findElement(AjaxElementLocator.java:91)
	at org.openqa.selenium.support.pagefactory.internal.LocatingElementHandler.invoke(LocatingElementHandler.java:38)
	at ru.yandex.qatools.htmlelements.loader.decorator.proxyhandlers.WebElementNamedProxyHandler.invoke_aroundBody0(WebElementNamedProxyHandler.java:44)
	at ru.yandex.qatools.htmlelements.loader.decorator.proxyhandlers.WebElementNamedProxyHandler.invoke_aroundBody1$advice(WebElementNamedProxyHandler.java:37)
	at ru.yandex.qatools.htmlelements.loader.decorator.proxyhandlers.WebElementNamedProxyHandler.invoke(WebElementNamedProxyHandler.java:1)
	at com.sun.proxy.$Proxy21.isDisplayed(Unknown Source)
	at org.openqa.selenium.support.ui.ExpectedConditions.elementIfVisible(ExpectedConditions.java:302)
	at org.openqa.selenium.support.ui.ExpectedConditions.access$100(ExpectedConditions.java:41)
	at org.openqa.selenium.support.ui.ExpectedConditions$10.apply(ExpectedConditions.java:288)
	at org.openqa.selenium.support.ui.ExpectedConditions$10.apply(ExpectedConditions.java:285)
	at org.openqa.selenium.support.ui.FluentWait.until(FluentWait.java:238)
	... 70 more
Caused by: org.openqa.selenium.NoSuchElementException: no such element: Unable to locate element: {"method":"xpath","selector":"//div[@class='user-profile__tab-wraper']"}
  (Session info: chrome=75.0.3770.100)
  (Driver info: chromedriver=2.43.600210 (68dcf5eebde37173d4027fa8635e332711d2874a),platform=Windows NT 10.0.15063 x86_64) (WARNING: The server did not provide any stacktrace information)
Command duration or timeout: 10.06 seconds
For documentation on this error, please visit: http://seleniumhq.org/exceptions/no_such_element.html
Build info: version: 'unknown', revision: 'unknown', time: 'unknown'
System info: host: 'ZAVALIY-T', ip: '192.168.100.2', os.name: 'Windows 10', os.arch: 'amd64', os.version: '10.0', java.version: '1.8.0_172'
Driver info: org.openqa.selenium.chrome.ChromeDriver
Capabilities [{mobileEmulationEnabled=false, hasTouchScreen=false, platform=XP, acceptSslCerts=false, goog:chromeOptions={debuggerAddress=localhost:63336}, acceptInsecureCerts=false, webStorageEnabled=true, browserName=chrome, takesScreenshot=true, javascriptEnabled=true, setWindowRect=true, unexpectedAlertBehaviour=ignore, applicationCacheEnabled=false, rotatable=false, networkConnectionEnabled=false, chrome={chromedriverVersion=2.43.600210 (68dcf5eebde37173d4027fa8635e332711d2874a), userDataDir=C:\Users\T6C14~1.ZAV\AppData\Local\Temp\scoped_dir33168_30229}, takesHeapSnapshot=true, pageLoadStrategy=normal, databaseEnabled=false, handlesAlerts=true, version=75.0.3770.100, browserConnectionEnabled=false, nativeEvents=true, locationContextEnabled=true, cssSelectorsEnabled=true}]
Session ID: 391bd018e8782a8d83cf75470e0f222c
*** Element info: {Using=xpath, value=//div[@class='user-profile__tab-wraper']}
	at sun.reflect.GeneratedConstructorAccessor17.newInstance(Unknown Source)
	at sun.reflect.DelegatingConstructorAccessorImpl.newInstance(DelegatingConstructorAccessorImpl.java:45)
	at java.lang.reflect.Constructor.newInstance(Constructor.java:423)
	at org.openqa.selenium.remote.ErrorHandler.createThrowable(ErrorHandler.java:206)
	at org.openqa.selenium.remote.ErrorHandler.throwIfResponseFailed(ErrorHandler.java:158)
	at org.openqa.selenium.remote.RemoteWebDriver.execute(RemoteWebDriver.java:678)
	at org.openqa.selenium.remote.RemoteWebDriver.findElement(RemoteWebDriver.java:363)
	at org.openqa.selenium.remote.RemoteWebDriver.findElementByXPath(RemoteWebDriver.java:500)
	at org.openqa.selenium.By$ByXPath.findElement_aroundBody2(By.java:361)
	at org.openqa.selenium.By$ByXPath.findElement_aroundBody3$advice(By.java:37)
	at org.openqa.selenium.By$ByXPath.findElement(By.java:1)
	at org.openqa.selenium.remote.RemoteWebDriver.findElement(RemoteWebDriver.java:355)
	at org.openqa.selenium.support.pagefactory.DefaultElementLocator.findElement(DefaultElementLocator.java:69)
	at org.openqa.selenium.support.pagefactory.AjaxElementLocator.access$001(AjaxElementLocator.java:41)
	at org.openqa.selenium.support.pagefactory.AjaxElementLocator$SlowLoadingElement.isLoaded(AjaxElementLocator.java:157)
	at org.openqa.selenium.support.ui.SlowLoadableComponent.get(SlowLoadableComponent.java:70)
	at org.openqa.selenium.support.pagefactory.AjaxElementLocator.findElement(AjaxElementLocator.java:87)
	... 80 more

    * пользователь (проверяет что поле содержит значение) "Телефон" "NEWPHONE" # StepDefs.userActionTwoParams(String,String,String)
 |===> 16:27:14 12.08.19[INFO] ru.gamble.stepdefs.CommonStepDefs - fail? true
 |===> 16:27:14 12.08.19[INFO] ru.gamble.stepdefs.CommonStepDefs - АФТЕРРР
 |===> 16:27:14 12.08.19[INFO] ru.sbtqa.tag.stepdefs.SetupSteps - Webdriver sharing is processing...
]]></system-out>
  </testcase>
  <testcase name="Проверка смены PHONE через PHONE" classname="изменение базовых параметров через личный кабинет" time="236.033">
    <failure message="no such element: Unable to locate element: {&quot;method&quot;:&quot;xpath&quot;,&quot;selector&quot;:&quot;//span[contains(@class,&apos;bw-pane__text_timer&apos;)]&quot;}&#10;  (Session info: chrome=75.0.3770.100)&#10;  (Driver info: chromedriver=2.43.600210 (68dcf5eebde37173d4027fa8635e332711d2874a),platform=Windows NT 10.0.15063 x86_64) (WARNING: The server did not provide any stacktrace information)&#10;Command duration or timeout: 10.04 seconds&#10;For documentation on this error, please visit: http://seleniumhq.org/exceptions/no_such_element.html&#10;Build info: version: &apos;unknown&apos;, revision: &apos;unknown&apos;, time: &apos;unknown&apos;&#10;System info: host: &apos;ZAVALIY-T&apos;, ip: &apos;192.168.100.2&apos;, os.name: &apos;Windows 10&apos;, os.arch: &apos;amd64&apos;, os.version: &apos;10.0&apos;, java.version: &apos;1.8.0_172&apos;&#10;Driver info: org.openqa.selenium.chrome.ChromeDriver&#10;Capabilities [{mobileEmulationEnabled=false, hasTouchScreen=false, platform=XP, acceptSslCerts=false, goog:chromeOptions={debuggerAddress=localhost:63336}, acceptInsecureCerts=false, webStorageEnabled=true, browserName=chrome, takesScreenshot=true, javascriptEnabled=true, setWindowRect=true, unexpectedAlertBehaviour=ignore, applicationCacheEnabled=false, rotatable=false, networkConnectionEnabled=false, chrome={chromedriverVersion=2.43.600210 (68dcf5eebde37173d4027fa8635e332711d2874a), userDataDir=C:\Users\T6C14~1.ZAV\AppData\Local\Temp\scoped_dir33168_30229}, takesHeapSnapshot=true, pageLoadStrategy=normal, databaseEnabled=false, handlesAlerts=true, version=75.0.3770.100, browserConnectionEnabled=false, nativeEvents=true, locationContextEnabled=true, cssSelectorsEnabled=true}]&#10;Session ID: 391bd018e8782a8d83cf75470e0f222c&#10;*** Element info: {Using=xpath, value=//span[contains(@class,&apos;bw-pane__text_timer&apos;)]}" type="ru.sbtqa.tag.qautils.errors.AutotestError">ru.sbtqa.tag.qautils.errors.AutotestError: 
no such element: Unable to locate element: {"method":"xpath","selector":"//span[contains(@class,'bw-pane__text_timer')]"}
  (Session info: chrome=75.0.3770.100)
  (Driver info: chromedriver=2.43.600210 (68dcf5eebde37173d4027fa8635e332711d2874a),platform=Windows NT 10.0.15063 x86_64) (WARNING: The server did not provide any stacktrace information)
Command duration or timeout: 10.04 seconds
For documentation on this error, please visit: http://seleniumhq.org/exceptions/no_such_element.html
Build info: version: 'unknown', revision: 'unknown', time: 'unknown'
System info: host: 'ZAVALIY-T', ip: '192.168.100.2', os.name: 'Windows 10', os.arch: 'amd64', os.version: '10.0', java.version: '1.8.0_172'
Driver info: org.openqa.selenium.chrome.ChromeDriver
Capabilities [{mobileEmulationEnabled=false, hasTouchScreen=false, platform=XP, acceptSslCerts=false, goog:chromeOptions={debuggerAddress=localhost:63336}, acceptInsecureCerts=false, webStorageEnabled=true, browserName=chrome, takesScreenshot=true, javascriptEnabled=true, setWindowRect=true, unexpectedAlertBehaviour=ignore, applicationCacheEnabled=false, rotatable=false, networkConnectionEnabled=false, chrome={chromedriverVersion=2.43.600210 (68dcf5eebde37173d4027fa8635e332711d2874a), userDataDir=C:\Users\T6C14~1.ZAV\AppData\Local\Temp\scoped_dir33168_30229}, takesHeapSnapshot=true, pageLoadStrategy=normal, databaseEnabled=false, handlesAlerts=true, version=75.0.3770.100, browserConnectionEnabled=false, nativeEvents=true, locationContextEnabled=true, cssSelectorsEnabled=true}]
Session ID: 391bd018e8782a8d83cf75470e0f222c
*** Element info: {Using=xpath, value=//span[contains(@class,'bw-pane__text_timer')]}
Caused by: ru.sbtqa.tag.pagefactory.exceptions.FactoryRuntimeException: Error while executing action 'ждет пока не закончится таймер и кнопка 'попробовать снова' станет активной' on BasicWizard . See the caused exception below
Caused by: org.openqa.selenium.NoSuchElementException: 
no such element: Unable to locate element: {"method":"xpath","selector":"//span[contains(@class,'bw-pane__text_timer')]"}
  (Session info: chrome=75.0.3770.100)
  (Driver info: chromedriver=2.43.600210 (68dcf5eebde37173d4027fa8635e332711d2874a),platform=Windows NT 10.0.15063 x86_64) (WARNING: The server did not provide any stacktrace information)
Command duration or timeout: 10.04 seconds
For documentation on this error, please visit: http://seleniumhq.org/exceptions/no_such_element.html
Build info: version: 'unknown', revision: 'unknown', time: 'unknown'
System info: host: 'ZAVALIY-T', ip: '192.168.100.2', os.name: 'Windows 10', os.arch: 'amd64', os.version: '10.0', java.version: '1.8.0_172'
Driver info: org.openqa.selenium.chrome.ChromeDriver
Capabilities [{mobileEmulationEnabled=false, hasTouchScreen=false, platform=XP, acceptSslCerts=false, goog:chromeOptions={debuggerAddress=localhost:63336}, acceptInsecureCerts=false, webStorageEnabled=true, browserName=chrome, takesScreenshot=true, javascriptEnabled=true, setWindowRect=true, unexpectedAlertBehaviour=ignore, applicationCacheEnabled=false, rotatable=false, networkConnectionEnabled=false, chrome={chromedriverVersion=2.43.600210 (68dcf5eebde37173d4027fa8635e332711d2874a), userDataDir=C:\Users\T6C14~1.ZAV\AppData\Local\Temp\scoped_dir33168_30229}, takesHeapSnapshot=true, pageLoadStrategy=normal, databaseEnabled=false, handlesAlerts=true, version=75.0.3770.100, browserConnectionEnabled=false, nativeEvents=true, locationContextEnabled=true, cssSelectorsEnabled=true}]
Session ID: 391bd018e8782a8d83cf75470e0f222c
*** Element info: {Using=xpath, value=//span[contains(@class,'bw-pane__text_timer')]}
</failure>
    <system-out><![CDATA[
  Предыстория:                                                        # src/test/resources/features/others/ChangeBasicParameter.feature:3
 |===> 16:27:14 12.08.19[INFO] ru.gamble.stepdefs.CommonStepDefs - <================START...TEST================>
 |===> 16:27:14 12.08.19[INFO] ru.gamble.stepdefs.CommonStepDefs - NAME: Проверка смены PHONE через PHONE
 |===> 16:27:14 12.08.19[INFO] ru.gamble.stepdefs.CommonStepDefs - TAGS: [@ChangeBasicParameter, @regress]
 |===> 16:27:14 12.08.19[INFO] ru.gamble.stepdefs.CommonStepDefs - ID: 140
 |===> 16:27:14 12.08.19[INFO] ru.gamble.stepdefs.CommonStepDefs - Сохранили в память key [MAIN_URL] <== value [https://test-func.gamebet.ru]
 |===> 16:27:14 12.08.19[INFO] ru.sbtqa.tag.stepdefs.SetupSteps - Log4j properties were picked up on the path src/test/resources/config/log4j.properties
 |===> 16:27:14 12.08.19[INFO] org.reflections.Reflections - Reflections took 17 ms to scan 1 urls, producing 4 keys and 126 values 
 |===> 16:27:14 12.08.19[INFO] ru.gamble.stepdefs.CommonStepDefs - key::[PASSWORD] value::[Acer0808!]
    * сохраняем в память                                              # CommonStepDefs.saveValueToKey(DataTable)
 |===> 16:27:14 12.08.19[INFO] ru.gamble.stepdefs.CommonStepDefs - SQL-request [2]
 |===> 16:27:14 12.08.19[INFO] ru.gamble.stepdefs.CommonStepDefs - SQL-request [2]
 |===> 16:27:14 12.08.19[INFO] ru.gamble.stepdefs.CommonStepDefs - SQL-request [2]
 |===> 16:27:15 12.08.19[INFO] ru.gamble.stepdefs.CommonStepDefs - SQL-request [2]
 |===> 16:27:15 12.08.19[INFO] ru.gamble.stepdefs.CommonStepDefs - SQL-request [2]
 |===> 16:27:15 12.08.19[INFO] ru.gamble.stepdefs.CommonStepDefs - SQL-request [2]
 |===> 16:27:15 12.08.19[INFO] ru.gamble.stepdefs.CommonStepDefs - SQL-request [2]
 |===> 16:27:15 12.08.19[INFO] ru.gamble.stepdefs.CommonStepDefs - SQL-request [2]
 |===> 16:27:15 12.08.19[INFO] ru.gamble.stepdefs.CommonStepDefs - SQL-request [1]
 |===> 16:27:15 12.08.19[INFO] ru.gamble.stepdefs.CommonStepDefs - email:testregistrator+1561477597789@inbox.ru
    * поиск акаунта для проверки изменений базовых параметров "EMAIL" # CommonStepDefs.searchUserForEdit(String)
 |===> 16:27:15 12.08.19[INFO] ru.gamble.stepdefs.CommonStepDefs - Сохраняем в память key[NEWEMAIL] <== value[testregistrator+1565616435234@inbox.ru]
    * генерим email в "NEWEMAIL" "inbox"                              # CommonStepDefs.generateEmailAndSave(String,String)
 |===> 16:27:15 12.08.19[INFO] ru.gamble.stepdefs.CommonStepDefs - SQL-request [testregistrator1565465347893@mailinator.com]
 |===> 16:27:15 12.08.19[INFO] ru.gamble.stepdefs.CommonStepDefs - Подходящий пользователь найден : testregistrator1565465347893@mailinator.com
    * поиск акаунта со статуом регистрации "=2" "OLDEMAIL"            # CommonStepDefs.searchUserStatus(String,String)
 |===> 16:27:15 12.08.19[INFO] ru.gamble.stepdefs.CommonStepDefs - [change_basic_parameter] = true
 |===> 16:27:15 12.08.19[INFO] ru.gamble.stepdefs.CommonStepDefs - Включили опиции ['change_basic_parameter']
    * редактируем некоторые активные опции сайта                      # CommonStepDefs.rememberActiveOption(DataTable)
 |===> 16:27:15 12.08.19[INFO] ru.gamble.stepdefs.CommonStepDefs - Переход на главную страницу
 |===> 16:27:17 12.08.19[INFO] ru.gamble.stepdefs.CommonStepDefs - Перешли на страницу [https://test-func.gamebet.ru]
 |===> 16:27:17 12.08.19[INFO] ru.gamble.stepdefs.CommonStepDefs - Удаляем Cookies
 |===> 16:27:18 12.08.19[INFO] ru.gamble.stepdefs.CommonStepDefs - Ищем наличие кнопки с силуетом пользователя.
 |===> 16:27:28 12.08.19[INFO] ru.gamble.stepdefs.CommonStepDefs - Нажимаем на кнопку с силуетом пользователя.
 |===> 16:27:28 12.08.19[INFO] ru.gamble.stepdefs.CommonStepDefs - Ищем кнопку 'Выход' и нажимаем
 |===> 16:27:32 12.08.19[INFO] ru.gamble.stepdefs.CommonStepDefs - Обновили страницу на всякий случай
    * разлогиниваем пользователя                                      # CommonStepDefs.logOut()
 |===> 16:27:54 12.08.19[INFO] ru.gamble.pages.AbstractPage - Ищем элемент [By.xpath: //div[contains(@class,'main-slider__wrapper')]] на странице::https://test-func.gamebet.ru/
    * открывается страница "Главная страница"                         # StepDefs.openPage(String)
 |===> 16:28:15 12.08.19[INFO] ru.gamble.pages.AbstractPage - Нажали на [Вход]
    * пользователь (нажимает кнопку) "Вход"                           # StepDefs.userActionOneParam(String,String)
    * открывается страница "Вход"                                     # StepDefs.openPage(String)
 |===> 16:28:15 12.08.19[INFO] ru.gamble.pages.userProfilePages.EnterPage - Будем логиниться через method. Для этого выбираем соответсвующую вкладку на попапе авторизации
 |===> 16:28:15 12.08.19[INFO] ru.gamble.pages.userProfilePages.EnterPage - Выбрали авторизацию через method
 |===> 16:28:15 12.08.19[INFO] ru.gamble.pages.userProfilePages.EnterPage - Будем логиниться через method. Для этого выбираем соответсвующую вкладку на попапе авторизации
 |===> 16:28:15 12.08.19[INFO] ru.gamble.pages.userProfilePages.EnterPage - Выбрали авторизацию через method
 |===> 16:28:16 12.08.19[INFO] ru.gamble.pages.userProfilePages.EnterPage - Водим в поле::testregistrator+1561477597789@inbox.ru
 |===> 16:28:16 12.08.19[INFO] ru.gamble.pages.userProfilePages.EnterPage - Попытка ввести::testregistrator+1561477597789@inbox.ru[0]
 |===> 16:28:16 12.08.19[INFO] ru.gamble.pages.userProfilePages.EnterPage - Реально в поле ввелось::testregistrator+1561477597789@inbox.ru
 |===> 16:28:16 12.08.19[INFO] ru.gamble.pages.userProfilePages.EnterPage - Водим в поле::Acer0808!
 |===> 16:28:16 12.08.19[INFO] ru.gamble.pages.userProfilePages.EnterPage - Ожидаем пока кнопка 'Войти' будет видимой
 |===> 16:28:16 12.08.19[INFO] ru.gamble.pages.userProfilePages.EnterPage - Нажимаем на кнопку 'Войти'
 |===> 16:28:16 12.08.19[INFO] ru.gamble.pages.userProfilePages.EnterPage - Попытка ввеcти::0
 |===> 16:28:47 12.08.19[INFO] ru.gamble.pages.AbstractPage - Окно 'Перейти в ЦУПИС' не появилось
    * пользователь (логинится с) данными                              # StepDefs.userActionTableParam(String,DataTable)
    * нажмем Продолжить регу на всякий                                # CommonStepDefs.rega()
 |===> 16:28:57 12.08.19[INFO] ru.gamble.pages.AbstractPage - Ищем элемент [Page Title] на странице::https://test-func.gamebet.ru/?refresh=1
    * открывается страница "Авторизованная Главная страница"          # StepDefs.openPage(String)
 |===> 16:29:07 12.08.19[INFO] ru.gamble.pages.AbstractPage - Нажали на [Иконка юзера]
    * пользователь (нажимает кнопку) "Иконка юзера"                   # StepDefs.userActionOneParam(String,String)
    * открывается страница "Мини Личный Кабинет"                      # StepDefs.openPage(String)
 |===> 16:29:09 12.08.19[INFO] ru.gamble.pages.AbstractPage - Получили и перешли по ссылке::https://test-func.gamebet.ru/private/user/details
 |===> 16:29:09 12.08.19[INFO] ru.gamble.stepdefs.CommonStepDefs - Найдено прелоадеров [1]
 |===> 16:29:10 12.08.19[INFO] ru.gamble.stepdefs.CommonStepDefs - Прелоадеры закрылись
    * пользователь (переходит по ссылке) "Профиль"                    # StepDefs.userActionOneParam(String,String)

  @regress @ChangeBasicParameter
  Сценарий: Проверка смены PHONE через PHONE                                                     # src/test/resources/features/others/ChangeBasicParameter.feature:140
 |===> 16:29:10 12.08.19[INFO] ru.gamble.stepdefs.CommonStepDefs - SQL-request [79330000874]
    * запоминаем значение "PHONE" для пользователя с "EMAIL"                                     # CommonStepDefs.rememberPhoneForEmail(String,String)
 |===> 16:29:10 12.08.19[INFO] ru.gamble.stepdefs.CommonStepDefs - SQL-request [79330000865]
    * запоминаем значение "OLDPHONE" для пользователя с "OLDEMAIL"                               # CommonStepDefs.rememberPhoneForEmail(String,String)
 |===> 16:29:10 12.08.19[INFO] ru.gamble.stepdefs.CommonStepDefs - SQL-request [79330000874]
 |===> 16:29:10 12.08.19[INFO] ru.gamble.stepdefs.CommonStepDefs - 79330000875
    * определяем незанятый номер телефона и сохраняем в "NEWPHONE"                               # CommonStepDefs.confirmEmail(String)
    * открывается страница "Профиль"                                                             # StepDefs.openPage(String)
 |===> 16:29:30 12.08.19[INFO] ru.gamble.pages.AbstractPage - Нажали на [Изменить phone]
    * пользователь (нажимает кнопку) "Изменить phone"                                            # StepDefs.userActionOneParam(String,String)
 |===> 16:29:30 12.08.19[INFO] ru.gamble.pages.userProfilePages.ProfilePage - Заполняем поле 'пароль' значением Acer0808!
 |===> 16:29:30 12.08.19[INFO] ru.gamble.pages.userProfilePages.ProfilePage - Нажимаем на кнопку 'ОК'
    * пользователь (подтверждает пароль) "PASSWORD"                                              # StepDefs.userActionOneParam(String,String)
    * открывается страница "Подтверждение прав пользователя"                                     # StepDefs.openPage(String)
 |===> 16:29:41 12.08.19[INFO] ru.gamble.pages.userProfilePages.BonusesPage - Открывает список возможных способов подвтерждения прав пользователя
 |===> 16:29:41 12.08.19[INFO] ru.gamble.pages.userProfilePages.BonusesPage - В выпавшем списке выбираем строчку = 79330000874
 |===> 16:29:42 12.08.19[INFO] ru.gamble.pages.userProfilePages.BonusesPage - Нажимаем на кнопку 'ВЫСЛАТЬ ССЫЛКУ'
    * пользователь (выбирает способ подтверждения наличие доступа) "PHONE"                       # StepDefs.userActionOneParam(String,String)
    * пользователь (проверяет что страница находится на шаге) "2"                                # StepDefs.userActionOneParam(String,String)
    * пользователь (проверяет что кнопка 'отправить ещё раз') "заблокирована"                    # StepDefs.userActionOneParam(String,String)
 |===> 16:29:42 12.08.19[INFO] ru.gamble.stepdefs.CommonStepDefs - Пытаемся найти код подтверждения телефона
 |===> 16:29:42 12.08.19[INFO] ru.gamble.stepdefs.CommonStepDefs - Ожидаем 2 сек. для сервера TEST_INT
    * пользователь (вводит код из смс) "PHONE" "неправильный"                                    # StepDefs.userActionTwoParams(String,String,String)
    * пользователь (жмёт важную розово-голубую кнопку) "Применить"                               # StepDefs.userActionOneParam(String,String)
 |===> 16:29:45 12.08.19[INFO] ru.gamble.pages.userProfilePages.BonusesPage - :Неверный код
    * пользователь (проверяет есть ли сообщение об ошибке) "да"                                  # StepDefs.userActionOneParam(String,String)
 |===> 16:29:45 12.08.19[INFO] ru.gamble.pages.userProfilePages.BonusesPage - До повторной попытки осталось : 
 |===> 16:29:45 12.08.19[INFO] ru.gamble.pages.userProfilePages.BonusesPage - 0:57секунд
    * пользователь (ждет пока не закончится таймер и кнопка 'попробовать снова' станет активной) # StepDefs.userActionNoParams(String)
    * пользователь (жмёт важную розово-голубую кнопку) "Отправить еще раз"                       # StepDefs.userActionOneParam(String,String)
 |===> 16:30:43 12.08.19[INFO] ru.gamble.stepdefs.CommonStepDefs - Пытаемся найти код подтверждения телефона
 |===> 16:30:43 12.08.19[INFO] ru.gamble.stepdefs.CommonStepDefs - Ожидаем 2 сек. для сервера TEST_INT
    * пользователь (вводит код из смс) "PHONE" "правильный"                                      # StepDefs.userActionTwoParams(String,String,String)
    * пользователь (жмёт важную розово-голубую кнопку) "Применить"                               # StepDefs.userActionOneParam(String,String)
    * пользователь (проверяет что страница находится на шаге) "3"                                # StepDefs.userActionOneParam(String,String)
    * пользователь (вводит в поле телефон) "OLDPHONE"                                            # StepDefs.userActionOneParam(String,String)
 |===> 16:30:46 12.08.19[INFO] ru.gamble.pages.userProfilePages.BonusesPage - :Пользователь с таким телефоном уже существует
    * пользователь (проверяет есть ли сообщение об ошибке) "да"                                  # StepDefs.userActionOneParam(String,String)
    * пользователь (вводит в поле телефон) "NEWPHONE"                                            # StepDefs.userActionOneParam(String,String)
    * пользователь (проверяет есть ли сообщение об ошибке) "нет"                                 # StepDefs.userActionOneParam(String,String)
 |===> 16:30:57 12.08.19[INFO] ru.gamble.stepdefs.CommonStepDefs - Пытаемся найти код подтверждения телефона
 |===> 16:30:57 12.08.19[INFO] ru.gamble.stepdefs.CommonStepDefs - Ожидаем 2 сек. для сервера TEST_INT
    * пользователь (вводит код из смс) "NEWPHONE" "неправильный"                                 # StepDefs.userActionTwoParams(String,String,String)
    * пользователь (жмёт важную розово-голубую кнопку) "Применить"                               # StepDefs.userActionOneParam(String,String)
 |===> 16:31:00 12.08.19[INFO] ru.gamble.pages.userProfilePages.BonusesPage - :Неверный код
    * пользователь (проверяет есть ли сообщение об ошибке) "да"                                  # StepDefs.userActionOneParam(String,String)
 |===> 16:31:00 12.08.19[INFO] ru.gamble.pages.userProfilePages.BonusesPage - До повторной попытки осталось : 
    * пользователь (ждет пока не закончится таймер и кнопка 'попробовать снова' станет активной) # StepDefs.userActionNoParams(String)
      ru.sbtqa.tag.qautils.errors.AutotestError: no such element: Unable to locate element: {"method":"xpath","selector":"//span[contains(@class,'bw-pane__text_timer')]"}
  (Session info: chrome=75.0.3770.100)
  (Driver info: chromedriver=2.43.600210 (68dcf5eebde37173d4027fa8635e332711d2874a),platform=Windows NT 10.0.15063 x86_64) (WARNING: The server did not provide any stacktrace information)
Command duration or timeout: 10.04 seconds
For documentation on this error, please visit: http://seleniumhq.org/exceptions/no_such_element.html
Build info: version: 'unknown', revision: 'unknown', time: 'unknown'
System info: host: 'ZAVALIY-T', ip: '192.168.100.2', os.name: 'Windows 10', os.arch: 'amd64', os.version: '10.0', java.version: '1.8.0_172'
Driver info: org.openqa.selenium.chrome.ChromeDriver
Capabilities [{mobileEmulationEnabled=false, hasTouchScreen=false, platform=XP, acceptSslCerts=false, goog:chromeOptions={debuggerAddress=localhost:63336}, acceptInsecureCerts=false, webStorageEnabled=true, browserName=chrome, takesScreenshot=true, javascriptEnabled=true, setWindowRect=true, unexpectedAlertBehaviour=ignore, applicationCacheEnabled=false, rotatable=false, networkConnectionEnabled=false, chrome={chromedriverVersion=2.43.600210 (68dcf5eebde37173d4027fa8635e332711d2874a), userDataDir=C:\Users\T6C14~1.ZAV\AppData\Local\Temp\scoped_dir33168_30229}, takesHeapSnapshot=true, pageLoadStrategy=normal, databaseEnabled=false, handlesAlerts=true, version=75.0.3770.100, browserConnectionEnabled=false, nativeEvents=true, locationContextEnabled=true, cssSelectorsEnabled=true}]
Session ID: 391bd018e8782a8d83cf75470e0f222c
*** Element info: {Using=xpath, value=//span[contains(@class,'bw-pane__text_timer')]}
	at ru.sbtqa.tag.pagefactory.aspects.ExceptionAspect.translateException(ExceptionAspect.java:41)
	at ru.sbtqa.tag.pagefactory.Page.executeMethodByTitle(Page.java:896)
	at ru.sbtqa.tag.stepdefs.GenericStepDefs.userActionNoParams_aroundBody14(GenericStepDefs.java:225)
	at ru.sbtqa.tag.stepdefs.GenericStepDefs.userActionNoParams_aroundBody15$advice(GenericStepDefs.java:37)
	at ru.sbtqa.tag.stepdefs.GenericStepDefs.userActionNoParams(GenericStepDefs.java:1)
	at ru.sbtqa.tag.stepdefs.ru.StepDefs.userActionNoParams_aroundBody18(StepDefs.java:95)
	at ru.sbtqa.tag.stepdefs.ru.StepDefs.userActionNoParams_aroundBody19$advice(StepDefs.java:37)
	at ru.sbtqa.tag.stepdefs.ru.StepDefs.userActionNoParams(StepDefs.java:1)
	at ?.пользователь (ждет пока не закончится таймер и кнопка 'попробовать снова' станет активной)(src/test/resources/features/others/ChangeBasicParameter.feature:171)
Caused by: ru.sbtqa.tag.pagefactory.exceptions.FactoryRuntimeException: Error while executing action 'ждет пока не закончится таймер и кнопка 'попробовать снова' станет активной' on BasicWizard . See the caused exception below
	at ru.sbtqa.tag.pagefactory.Page.executeMethodByTitle_aroundBody96(Page.java:905)
	at ru.sbtqa.tag.pagefactory.Page$AjcClosure97.run(Page.java:1)
	at org.aspectj.runtime.reflect.JoinPointImpl.proceed(JoinPointImpl.java:149)
	at ru.sbtqa.tag.pagefactory.aspects.ExceptionAspect.translateException(ExceptionAspect.java:37)
	at ru.sbtqa.tag.pagefactory.Page.executeMethodByTitle(Page.java:896)
	at ru.sbtqa.tag.stepdefs.GenericStepDefs.userActionNoParams_aroundBody14(GenericStepDefs.java:225)
	at ru.sbtqa.tag.stepdefs.GenericStepDefs.userActionNoParams_aroundBody15$advice(GenericStepDefs.java:37)
	at ru.sbtqa.tag.stepdefs.GenericStepDefs.userActionNoParams(GenericStepDefs.java:1)
	at ru.sbtqa.tag.stepdefs.ru.StepDefs.userActionNoParams_aroundBody18(StepDefs.java:95)
	at ru.sbtqa.tag.stepdefs.ru.StepDefs.userActionNoParams_aroundBody19$advice(StepDefs.java:37)
	at ru.sbtqa.tag.stepdefs.ru.StepDefs.userActionNoParams(StepDefs.java:1)
	at sun.reflect.GeneratedMethodAccessor32.invoke(Unknown Source)
	at sun.reflect.DelegatingMethodAccessorImpl.invoke(DelegatingMethodAccessorImpl.java:43)
	at java.lang.reflect.Method.invoke(Method.java:498)
	at cucumber.runtime.Utils$1.call(Utils.java:32)
	at cucumber.runtime.Timeout.timeout(Timeout.java:16)
	at cucumber.runtime.Utils.invoke(Utils.java:26)
	at cucumber.runtime.java.JavaStepDefinition.execute(JavaStepDefinition.java:37)
	at cucumber.runtime.StepDefinitionMatch.runStep(StepDefinitionMatch.java:40)
	at cucumber.api.TestStep.executeStep(TestStep.java:102)
	at cucumber.api.TestStep.run(TestStep.java:83)
	at cucumber.api.TestCase.run(TestCase.java:58)
	at cucumber.runner.Runner.runPickle(Runner.java:80)
	at cucumber.runtime.junit.PickleRunners$NoStepDescriptions.run_aroundBody4(PickleRunners.java:140)
	at cucumber.runtime.junit.PickleRunners$NoStepDescriptions.run_aroundBody5$advice(PickleRunners.java:37)
	at cucumber.runtime.junit.PickleRunners$NoStepDescriptions.run(PickleRunners.java:1)
	at cucumber.runtime.junit.FeatureRunner.runChild_aroundBody10(FeatureRunner.java:68)
	at cucumber.runtime.junit.FeatureRunner.runChild_aroundBody11$advice(FeatureRunner.java:37)
	at cucumber.runtime.junit.FeatureRunner.runChild(FeatureRunner.java:1)
	at cucumber.runtime.junit.FeatureRunner.runChild(FeatureRunner.java:23)
	at org.junit.runners.ParentRunner$3.run(ParentRunner.java:290)
	at org.junit.runners.ParentRunner$1.schedule(ParentRunner.java:71)
	at org.junit.runners.ParentRunner.runChildren(ParentRunner.java:288)
	at org.junit.runners.ParentRunner.access$000(ParentRunner.java:58)
	at org.junit.runners.ParentRunner$2.evaluate(ParentRunner.java:268)
	at org.junit.runners.ParentRunner.run(ParentRunner.java:363)
	at cucumber.runtime.junit.FeatureRunner.run_aroundBody12(FeatureRunner.java:73)
	at cucumber.runtime.junit.FeatureRunner.run_aroundBody13$advice(FeatureRunner.java:37)
	at cucumber.runtime.junit.FeatureRunner.run(FeatureRunner.java:1)
	at cucumber.api.junit.Cucumber.runChild_aroundBody8(Cucumber.java:118)
	at cucumber.api.junit.Cucumber.runChild_aroundBody9$advice(Cucumber.java:37)
	at cucumber.api.junit.Cucumber.runChild(Cucumber.java:1)
	at cucumber.api.junit.Cucumber.runChild(Cucumber.java:56)
	at org.junit.runners.ParentRunner$3.run(ParentRunner.java:290)
	at org.junit.runners.ParentRunner$1.schedule(ParentRunner.java:71)
	at org.junit.runners.ParentRunner.runChildren(ParentRunner.java:288)
	at org.junit.runners.ParentRunner.access$000(ParentRunner.java:58)
	at org.junit.runners.ParentRunner$2.evaluate(ParentRunner.java:268)
	at cucumber.api.junit.Cucumber$1.evaluate_aroundBody0(Cucumber.java:127)
	at cucumber.api.junit.Cucumber$1.evaluate_aroundBody1$advice(Cucumber.java:37)
	at cucumber.api.junit.Cucumber$1.evaluate(Cucumber.java:1)
	at org.junit.internal.runners.statements.RunAfters.evaluate(RunAfters.java:27)
	at org.junit.runners.ParentRunner.run(ParentRunner.java:363)
	at org.apache.maven.surefire.junit4.JUnit4Provider.execute(JUnit4Provider.java:365)
	at org.apache.maven.surefire.junit4.JUnit4Provider.executeWithRerun(JUnit4Provider.java:273)
	at org.apache.maven.surefire.junit4.JUnit4Provider.executeTestSet(JUnit4Provider.java:238)
	at org.apache.maven.surefire.junit4.JUnit4Provider.invoke(JUnit4Provider.java:159)
	at org.apache.maven.surefire.booter.ForkedBooter.invokeProviderInSameClassLoader(ForkedBooter.java:384)
	at org.apache.maven.surefire.booter.ForkedBooter.runSuitesInProcess(ForkedBooter.java:345)
	at org.apache.maven.surefire.booter.ForkedBooter.execute(ForkedBooter.java:126)
	at org.apache.maven.surefire.booter.ForkedBooter.main(ForkedBooter.java:418)
Caused by: org.openqa.selenium.NoSuchElementException: no such element: Unable to locate element: {"method":"xpath","selector":"//span[contains(@class,'bw-pane__text_timer')]"}
  (Session info: chrome=75.0.3770.100)
  (Driver info: chromedriver=2.43.600210 (68dcf5eebde37173d4027fa8635e332711d2874a),platform=Windows NT 10.0.15063 x86_64) (WARNING: The server did not provide any stacktrace information)
Command duration or timeout: 10.04 seconds
For documentation on this error, please visit: http://seleniumhq.org/exceptions/no_such_element.html
Build info: version: 'unknown', revision: 'unknown', time: 'unknown'
System info: host: 'ZAVALIY-T', ip: '192.168.100.2', os.name: 'Windows 10', os.arch: 'amd64', os.version: '10.0', java.version: '1.8.0_172'
Driver info: org.openqa.selenium.chrome.ChromeDriver
Capabilities [{mobileEmulationEnabled=false, hasTouchScreen=false, platform=XP, acceptSslCerts=false, goog:chromeOptions={debuggerAddress=localhost:63336}, acceptInsecureCerts=false, webStorageEnabled=true, browserName=chrome, takesScreenshot=true, javascriptEnabled=true, setWindowRect=true, unexpectedAlertBehaviour=ignore, applicationCacheEnabled=false, rotatable=false, networkConnectionEnabled=false, chrome={chromedriverVersion=2.43.600210 (68dcf5eebde37173d4027fa8635e332711d2874a), userDataDir=C:\Users\T6C14~1.ZAV\AppData\Local\Temp\scoped_dir33168_30229}, takesHeapSnapshot=true, pageLoadStrategy=normal, databaseEnabled=false, handlesAlerts=true, version=75.0.3770.100, browserConnectionEnabled=false, nativeEvents=true, locationContextEnabled=true, cssSelectorsEnabled=true}]
Session ID: 391bd018e8782a8d83cf75470e0f222c
*** Element info: {Using=xpath, value=//span[contains(@class,'bw-pane__text_timer')]}
	at sun.reflect.GeneratedConstructorAccessor17.newInstance(Unknown Source)
	at sun.reflect.DelegatingConstructorAccessorImpl.newInstance(DelegatingConstructorAccessorImpl.java:45)
	at java.lang.reflect.Constructor.newInstance(Constructor.java:423)
	at org.openqa.selenium.remote.ErrorHandler.createThrowable(ErrorHandler.java:206)
	at org.openqa.selenium.remote.ErrorHandler.throwIfResponseFailed(ErrorHandler.java:158)
	at org.openqa.selenium.remote.RemoteWebDriver.execute(RemoteWebDriver.java:678)
	at org.openqa.selenium.remote.RemoteWebDriver.findElement(RemoteWebDriver.java:363)
	at org.openqa.selenium.remote.RemoteWebDriver.findElementByXPath(RemoteWebDriver.java:500)
	at org.openqa.selenium.By$ByXPath.findElement_aroundBody2(By.java:361)
	at org.openqa.selenium.By$ByXPath.findElement_aroundBody3$advice(By.java:37)
	at org.openqa.selenium.By$ByXPath.findElement(By.java:1)
	at org.openqa.selenium.remote.RemoteWebDriver.findElement(RemoteWebDriver.java:355)
	at ru.gamble.pages.userProfilePages.BasicWizard.waitAndTryAgain(BasicWizard.java:121)
	at sun.reflect.NativeMethodAccessorImpl.invoke0(Native Method)
	at sun.reflect.NativeMethodAccessorImpl.invoke(NativeMethodAccessorImpl.java:62)
	at sun.reflect.DelegatingMethodAccessorImpl.invoke(DelegatingMethodAccessorImpl.java:43)
	at java.lang.reflect.Method.invoke(Method.java:498)
	at org.apache.commons.lang3.reflect.MethodUtils.invokeMethod(MethodUtils.java:132)
	at org.apache.commons.lang3.reflect.MethodUtils.invokeMethod(MethodUtils.java:97)
	at ru.sbtqa.tag.pagefactory.Page.executeMethodByTitle_aroundBody96(Page.java:902)
	... 60 more

    * пользователь (жмёт важную розово-голубую кнопку) "Отправить еще раз"                       # StepDefs.userActionOneParam(String,String)
    * пользователь (вводит код из смс) "NEWPHONE" "правильный"                                   # StepDefs.userActionTwoParams(String,String,String)
    * пользователь (жмёт важную розово-голубую кнопку) "Применить"                               # StepDefs.userActionOneParam(String,String)
    * пользователь (проверяет на странице наличие текста) "NEWPHONE"                             # StepDefs.userActionOneParam(String,String)
    * пользователь (проверяет на странице наличие текста) "Поздравляем"                          # StepDefs.userActionOneParam(String,String)
    * пользователь (нажимает кнопку) "В личный кабинет"                                          # StepDefs.userActionOneParam(String,String)
    * открывается страница "Профиль"                                                             # StepDefs.openPage(String)
    * пользователь (проверяет что поле содержит значение) "Телефон" "NEWPHONE"                   # StepDefs.userActionTwoParams(String,String,String)
 |===> 16:31:10 12.08.19[INFO] ru.gamble.stepdefs.CommonStepDefs - fail? true
 |===> 16:31:10 12.08.19[INFO] ru.gamble.stepdefs.CommonStepDefs - АФТЕРРР
 |===> 16:31:10 12.08.19[INFO] ru.sbtqa.tag.stepdefs.SetupSteps - Webdriver sharing is processing...
]]></system-out>
  </testcase>
  <testcase name="Проверка смены пароля через режим восстановления пароля и личный кабинет (б.незав.)." classname="10_Разное" time="248.381"/>
  <testcase name="Проверка совпадения ID в истории тавок и в истори операций" classname="10_Разное" time="225.836"/>
  <testcase name="Проверка пролистывания страниц в истории операций." classname="10_Разное" time="124.019"/>
  <testcase name="Проверка сортировки по балансу." classname="10_Разное" time="129.404"/>
  <testcase name="Проверка сортировки по дате." classname="10_Разное" time="116.004"/>
  <testcase name="Мои пари - проверка фильтра по типу ставки и поиска." classname="10_Разное" time="277.918"/>
  <testcase name="Аутентификация на сайте и выход." classname="1_Регистрация и авторизация" time="134.698"/>
  <testcase name="Регистрация пользователя без отмеченного чекбокса оферты" classname="Чекбокс оферты" time="48.274"/>
  <testcase name="Проверка ссылок на странице Азбука беттинга." classname="6_Статические страницы" time="222.042"/>
  <testcase name="Проверка скачивания мобильного приложения со страницы лендинга-app." classname="6_Статические страницы" time="81.303"/>
  <testcase name="Проверка перехода на игры в избранном со страницы лендинга мобильных приложений." classname="6_Статические страницы" time="272.537"/>
  <testcase name="Проверка блока &quot;Все как вы любите&quot;, прогрузки картинок и лендинга." classname="6_Статические страницы" time="73.45"/>
  <testcase name="Проверка ссылок на странице лендинга-app." classname="6_Статические страницы" time="87.691"/>
  <testcase name="Проверка отправки смс на странице лендинга-app." classname="6_Статические страницы" time="99.945"/>
  <testcase name="Проверка переключений между разными лендингами спорта." classname="6_Статические страницы" time="36.489"/>
  <testcase name="Проверка блока Горячие ставки на странице лендинга спорта." classname="6_Статические страницы" time="87.222"/>
</testsuite>